This file contains any messages produced by compilers while
running configure, to aid debugging if configure makes a mistake.

It was created by gsnetwork configure 1.0, which was
generated by GNU Autoconf 2.68.  Invocation command line was

  $ ./configure --no-create --no-recursion

## --------- ##
## Platform. ##
## --------- ##

hostname = sandstone-ThinkPad-T410
uname -m = i686
uname -r = 3.11.0-15-generic
uname -s = Linux
uname -v = #25~precise1-Ubuntu SMP Thu Jan 30 17:42:40 UTC 2014

/usr/bin/uname -p = unknown
/bin/uname -X     = unknown

/bin/arch              = unknown
/usr/bin/arch -k       = unknown
/usr/convex/getsysinfo = unknown
/usr/bin/hostinfo      = unknown
/bin/machine           = unknown
/usr/bin/oslevel       = unknown
/bin/universe          = unknown

PATH: /usr/lib/lightdm/lightdm
PATH: /usr/local/sbin
PATH: /usr/local/bin
PATH: /usr/sbin
PATH: /usr/bin
PATH: /sbin
PATH: /bin
PATH: /usr/games


## ----------- ##
## Core tests. ##
## ----------- ##

configure:2266: checking for a BSD-compatible install
configure:2334: result: /usr/bin/install -c
configure:2345: checking whether build environment is sane
configure:2395: result: yes
configure:2536: checking for a thread-safe mkdir -p
configure:2575: result: /bin/mkdir -p
configure:2588: checking for gawk
configure:2618: result: no
configure:2588: checking for mawk
configure:2604: found /usr/bin/mawk
configure:2615: result: mawk
configure:2626: checking whether make sets $(MAKE)
configure:2648: result: yes
configure:2788: checking for g++
configure:2804: found /usr/bin/g++
configure:2815: result: g++
configure:2842: checking for C++ compiler version
configure:2851: g++ --version >&5
g++ (Ubuntu/Linaro 4.6.3-1ubuntu5) 4.6.3
Copyright (C) 2011 Free Software Foundation, Inc.
This is free software; see the source for copying conditions.  There is NO
warranty; not even for MERCHANTABILITY or FITNESS FOR A PARTICULAR PURPOSE.

configure:2862: $? = 0
configure:2851: g++ -v >&5
Using built-in specs.
COLLECT_GCC=g++
COLLECT_LTO_WRAPPER=/usr/lib/gcc/i686-linux-gnu/4.6/lto-wrapper
Target: i686-linux-gnu
Configured with: ../src/configure -v --with-pkgversion='Ubuntu/Linaro 4.6.3-1ubuntu5' --with-bugurl=file:///usr/share/doc/gcc-4.6/README.Bugs --enable-languages=c,c++,fortran,objc,obj-c++ --prefix=/usr --program-suffix=-4.6 --enable-shared --enable-linker-build-id --with-system-zlib --libexecdir=/usr/lib --without-included-gettext --enable-threads=posix --with-gxx-include-dir=/usr/include/c++/4.6 --libdir=/usr/lib --enable-nls --with-sysroot=/ --enable-clocale=gnu --enable-libstdcxx-debug --enable-libstdcxx-time=yes --enable-gnu-unique-object --enable-plugin --enable-objc-gc --enable-targets=all --disable-werror --with-arch-32=i686 --with-tune=generic --enable-checking=release --build=i686-linux-gnu --host=i686-linux-gnu --target=i686-linux-gnu
Thread model: posix
gcc version 4.6.3 (Ubuntu/Linaro 4.6.3-1ubuntu5) 
configure:2862: $? = 0
configure:2851: g++ -V >&5
g++: error: unrecognized option '-V'
g++: fatal error: no input files
compilation terminated.
configure:2862: $? = 4
configure:2851: g++ -qversion >&5
g++: error: unrecognized option '-qversion'
g++: fatal error: no input files
compilation terminated.
configure:2862: $? = 4
configure:2882: checking whether the C++ compiler works
configure:2904: g++    conftest.cpp  >&5
configure:2908: $? = 0
configure:2956: result: yes
configure:2959: checking for C++ compiler default output file name
configure:2961: result: a.out
configure:2967: checking for suffix of executables
configure:2974: g++ -o conftest    conftest.cpp  >&5
configure:2978: $? = 0
configure:3000: result: 
configure:3022: checking whether we are cross compiling
configure:3030: g++ -o conftest    conftest.cpp  >&5
configure:3034: $? = 0
configure:3041: ./conftest
configure:3045: $? = 0
configure:3060: result: no
configure:3065: checking for suffix of object files
configure:3087: g++ -c   conftest.cpp >&5
configure:3091: $? = 0
configure:3112: result: o
configure:3116: checking whether we are using the GNU C++ compiler
configure:3135: g++ -c   conftest.cpp >&5
configure:3135: $? = 0
configure:3144: result: yes
configure:3153: checking whether g++ accepts -g
configure:3173: g++ -c -g  conftest.cpp >&5
configure:3173: $? = 0
configure:3214: result: yes
configure:3248: checking for style of include used by make
configure:3276: result: GNU
configure:3302: checking dependency style of g++
configure:3413: result: gcc3
configure:3476: checking for gcc
configure:3492: found /usr/bin/gcc
configure:3503: result: gcc
configure:3732: checking for C compiler version
configure:3741: gcc --version >&5
gcc (Ubuntu/Linaro 4.6.3-1ubuntu5) 4.6.3
Copyright (C) 2011 Free Software Foundation, Inc.
This is free software; see the source for copying conditions.  There is NO
warranty; not even for MERCHANTABILITY or FITNESS FOR A PARTICULAR PURPOSE.

configure:3752: $? = 0
configure:3741: gcc -v >&5
Using built-in specs.
COLLECT_GCC=gcc
COLLECT_LTO_WRAPPER=/usr/lib/gcc/i686-linux-gnu/4.6/lto-wrapper
Target: i686-linux-gnu
Configured with: ../src/configure -v --with-pkgversion='Ubuntu/Linaro 4.6.3-1ubuntu5' --with-bugurl=file:///usr/share/doc/gcc-4.6/README.Bugs --enable-languages=c,c++,fortran,objc,obj-c++ --prefix=/usr --program-suffix=-4.6 --enable-shared --enable-linker-build-id --with-system-zlib --libexecdir=/usr/lib --without-included-gettext --enable-threads=posix --with-gxx-include-dir=/usr/include/c++/4.6 --libdir=/usr/lib --enable-nls --with-sysroot=/ --enable-clocale=gnu --enable-libstdcxx-debug --enable-libstdcxx-time=yes --enable-gnu-unique-object --enable-plugin --enable-objc-gc --enable-targets=all --disable-werror --with-arch-32=i686 --with-tune=generic --enable-checking=release --build=i686-linux-gnu --host=i686-linux-gnu --target=i686-linux-gnu
Thread model: posix
gcc version 4.6.3 (Ubuntu/Linaro 4.6.3-1ubuntu5) 
configure:3752: $? = 0
configure:3741: gcc -V >&5
gcc: error: unrecognized option '-V'
gcc: fatal error: no input files
compilation terminated.
configure:3752: $? = 4
configure:3741: gcc -qversion >&5
gcc: error: unrecognized option '-qversion'
gcc: fatal error: no input files
compilation terminated.
configure:3752: $? = 4
configure:3756: checking whether we are using the GNU C compiler
configure:3775: gcc -c   conftest.c >&5
configure:3775: $? = 0
configure:3784: result: yes
configure:3793: checking whether gcc accepts -g
configure:3813: gcc -c -g  conftest.c >&5
configure:3813: $? = 0
configure:3854: result: yes
configure:3871: checking for gcc option to accept ISO C89
configure:3935: gcc  -c -g -O2  conftest.c >&5
configure:3935: $? = 0
configure:3948: result: none needed
configure:3970: checking dependency style of gcc
configure:4081: result: gcc3
configure:4108: checking how to run the C preprocessor
configure:4139: gcc -E  conftest.c
configure:4139: $? = 0
configure:4153: gcc -E  conftest.c
conftest.c:11:28: fatal error: ac_nonexistent.h: No such file or directory
compilation terminated.
configure:4153: $? = 1
configure: failed program was:
| /* confdefs.h */
| #define PACKAGE_NAME "gsnetwork"
| #define PACKAGE_TARNAME "gsnetwork"
| #define PACKAGE_VERSION "1.0"
| #define PACKAGE_STRING "gsnetwork 1.0"
| #define PACKAGE_BUGREPORT "wang70bin@163.com"
| #define PACKAGE_URL ""
| #define PACKAGE "gsnetwork"
| #define VERSION "1.0"
| /* end confdefs.h.  */
| #include <ac_nonexistent.h>
configure:4178: result: gcc -E
configure:4198: gcc -E  conftest.c
configure:4198: $? = 0
configure:4212: gcc -E  conftest.c
conftest.c:11:28: fatal error: ac_nonexistent.h: No such file or directory
compilation terminated.
configure:4212: $? = 1
configure: failed program was:
| /* confdefs.h */
| #define PACKAGE_NAME "gsnetwork"
| #define PACKAGE_TARNAME "gsnetwork"
| #define PACKAGE_VERSION "1.0"
| #define PACKAGE_STRING "gsnetwork 1.0"
| #define PACKAGE_BUGREPORT "wang70bin@163.com"
| #define PACKAGE_URL ""
| #define PACKAGE "gsnetwork"
| #define VERSION "1.0"
| /* end confdefs.h.  */
| #include <ac_nonexistent.h>
configure:4241: checking for grep that handles long lines and -e
configure:4299: result: /bin/grep
configure:4304: checking for egrep
configure:4366: result: /bin/grep -E
configure:4371: checking for ANSI C header files
configure:4391: gcc -c -g -O2  conftest.c >&5
configure:4391: $? = 0
configure:4464: gcc -o conftest -g -O2   conftest.c  >&5
configure:4464: $? = 0
configure:4464: ./conftest
configure:4464: $? = 0
configure:4475: result: yes
configure:4488: checking for sys/types.h
configure:4488: gcc -c -g -O2  conftest.c >&5
configure:4488: $? = 0
configure:4488: result: yes
configure:4488: checking for sys/stat.h
configure:4488: gcc -c -g -O2  conftest.c >&5
configure:4488: $? = 0
configure:4488: result: yes
configure:4488: checking for stdlib.h
configure:4488: gcc -c -g -O2  conftest.c >&5
configure:4488: $? = 0
configure:4488: result: yes
configure:4488: checking for string.h
configure:4488: gcc -c -g -O2  conftest.c >&5
configure:4488: $? = 0
configure:4488: result: yes
configure:4488: checking for memory.h
configure:4488: gcc -c -g -O2  conftest.c >&5
configure:4488: $? = 0
configure:4488: result: yes
configure:4488: checking for strings.h
configure:4488: gcc -c -g -O2  conftest.c >&5
configure:4488: $? = 0
configure:4488: result: yes
configure:4488: checking for inttypes.h
configure:4488: gcc -c -g -O2  conftest.c >&5
configure:4488: $? = 0
configure:4488: result: yes
configure:4488: checking for stdint.h
configure:4488: gcc -c -g -O2  conftest.c >&5
configure:4488: $? = 0
configure:4488: result: yes
configure:4488: checking for unistd.h
configure:4488: gcc -c -g -O2  conftest.c >&5
configure:4488: $? = 0
configure:4488: result: yes
configure:4503: checking arpa/inet.h usability
configure:4503: gcc -c -g -O2  conftest.c >&5
configure:4503: $? = 0
configure:4503: result: yes
configure:4503: checking arpa/inet.h presence
configure:4503: gcc -E  conftest.c
configure:4503: $? = 0
configure:4503: result: yes
configure:4503: checking for arpa/inet.h
configure:4503: result: yes
configure:4503: checking fcntl.h usability
configure:4503: gcc -c -g -O2  conftest.c >&5
configure:4503: $? = 0
configure:4503: result: yes
configure:4503: checking fcntl.h presence
configure:4503: gcc -E  conftest.c
configure:4503: $? = 0
configure:4503: result: yes
configure:4503: checking for fcntl.h
configure:4503: result: yes
configure:4503: checking netdb.h usability
configure:4503: gcc -c -g -O2  conftest.c >&5
configure:4503: $? = 0
configure:4503: result: yes
configure:4503: checking netdb.h presence
configure:4503: gcc -E  conftest.c
configure:4503: $? = 0
configure:4503: result: yes
configure:4503: checking for netdb.h
configure:4503: result: yes
configure:4503: checking netinet/in.h usability
configure:4503: gcc -c -g -O2  conftest.c >&5
configure:4503: $? = 0
configure:4503: result: yes
configure:4503: checking netinet/in.h presence
configure:4503: gcc -E  conftest.c
configure:4503: $? = 0
configure:4503: result: yes
configure:4503: checking for netinet/in.h
configure:4503: result: yes
configure:4503: checking for stdlib.h
configure:4503: result: yes
configure:4503: checking for string.h
configure:4503: result: yes
configure:4503: checking sys/socket.h usability
configure:4503: gcc -c -g -O2  conftest.c >&5
configure:4503: $? = 0
configure:4503: result: yes
configure:4503: checking sys/socket.h presence
configure:4503: gcc -E  conftest.c
configure:4503: $? = 0
configure:4503: result: yes
configure:4503: checking for sys/socket.h
configure:4503: result: yes
configure:4503: checking for unistd.h
configure:4503: result: yes
configure:4515: checking for stdbool.h that conforms to C99
configure:4582: gcc -c -g -O2  conftest.c >&5
configure:4582: $? = 0
configure:4589: result: yes
configure:4591: checking for _Bool
configure:4591: gcc -c -g -O2  conftest.c >&5
configure:4591: $? = 0
configure:4591: gcc -c -g -O2  conftest.c >&5
conftest.c: In function 'main':
conftest.c:65:20: error: expected expression before ')' token
configure:4591: $? = 1
configure: failed program was:
| /* confdefs.h */
| #define PACKAGE_NAME "gsnetwork"
| #define PACKAGE_TARNAME "gsnetwork"
| #define PACKAGE_VERSION "1.0"
| #define PACKAGE_STRING "gsnetwork 1.0"
| #define PACKAGE_BUGREPORT "wang70bin@163.com"
| #define PACKAGE_URL ""
| #define PACKAGE "gsnetwork"
| #define VERSION "1.0"
| #define STDC_HEADERS 1
| #define HAVE_SYS_TYPES_H 1
| #define HAVE_SYS_STAT_H 1
| #define HAVE_STDLIB_H 1
| #define HAVE_STRING_H 1
| #define HAVE_MEMORY_H 1
| #define HAVE_STRINGS_H 1
| #define HAVE_INTTYPES_H 1
| #define HAVE_STDINT_H 1
| #define HAVE_UNISTD_H 1
| #define HAVE_ARPA_INET_H 1
| #define HAVE_FCNTL_H 1
| #define HAVE_NETDB_H 1
| #define HAVE_NETINET_IN_H 1
| #define HAVE_STDLIB_H 1
| #define HAVE_STRING_H 1
| #define HAVE_SYS_SOCKET_H 1
| #define HAVE_UNISTD_H 1
| /* end confdefs.h.  */
| #include <stdio.h>
| #ifdef HAVE_SYS_TYPES_H
| # include <sys/types.h>
| #endif
| #ifdef HAVE_SYS_STAT_H
| # include <sys/stat.h>
| #endif
| #ifdef STDC_HEADERS
| # include <stdlib.h>
| # include <stddef.h>
| #else
| # ifdef HAVE_STDLIB_H
| #  include <stdlib.h>
| # endif
| #endif
| #ifdef HAVE_STRING_H
| # if !defined STDC_HEADERS && defined HAVE_MEMORY_H
| #  include <memory.h>
| # endif
| # include <string.h>
| #endif
| #ifdef HAVE_STRINGS_H
| # include <strings.h>
| #endif
| #ifdef HAVE_INTTYPES_H
| # include <inttypes.h>
| #endif
| #ifdef HAVE_STDINT_H
| # include <stdint.h>
| #endif
| #ifdef HAVE_UNISTD_H
| # include <unistd.h>
| #endif
| int
| main ()
| {
| if (sizeof ((_Bool)))
| 	    return 0;
|   ;
|   return 0;
| }
configure:4591: result: yes
configure:4651: checking for ranlib
configure:4667: found /usr/bin/ranlib
configure:4678: result: ranlib
configure:4704: checking for stdlib.h
configure:4704: result: yes
configure:4714: checking for GNU libc compatible malloc
configure:4738: gcc -o conftest -g -O2   conftest.c  >&5
configure:4738: $? = 0
configure:4738: ./conftest
configure:4738: $? = 0
configure:4748: result: yes
configure:4771: checking for memset
configure:4771: gcc -o conftest -g -O2   conftest.c  >&5
conftest.c:56:6: warning: conflicting types for built-in function 'memset' [enabled by default]
configure:4771: $? = 0
configure:4771: result: yes
configure:4917: creating ./config.status

## ---------------- ##
## Cache variables. ##
## ---------------- ##

ac_cv_c_compiler_gnu=yes
ac_cv_cxx_compiler_gnu=yes
ac_cv_env_CCC_set=
ac_cv_env_CCC_value=
ac_cv_env_CC_set=
ac_cv_env_CC_value=
ac_cv_env_CFLAGS_set=
ac_cv_env_CFLAGS_value=
ac_cv_env_CPPFLAGS_set=
ac_cv_env_CPPFLAGS_value=
ac_cv_env_CPP_set=
ac_cv_env_CPP_value=
ac_cv_env_CXXFLAGS_set=
ac_cv_env_CXXFLAGS_value=
ac_cv_env_CXX_set=
ac_cv_env_CXX_value=
ac_cv_env_LDFLAGS_set=
ac_cv_env_LDFLAGS_value=
ac_cv_env_LIBS_set=
ac_cv_env_LIBS_value=
ac_cv_env_build_alias_set=
ac_cv_env_build_alias_value=
ac_cv_env_host_alias_set=
ac_cv_env_host_alias_value=
ac_cv_env_target_alias_set=
ac_cv_env_target_alias_value=
ac_cv_func_malloc_0_nonnull=yes
ac_cv_func_memset=yes
ac_cv_header_arpa_inet_h=yes
ac_cv_header_fcntl_h=yes
ac_cv_header_inttypes_h=yes
ac_cv_header_memory_h=yes
ac_cv_header_netdb_h=yes
ac_cv_header_netinet_in_h=yes
ac_cv_header_stdbool_h=yes
ac_cv_header_stdc=yes
ac_cv_header_stdint_h=yes
ac_cv_header_stdlib_h=yes
ac_cv_header_string_h=yes
ac_cv_header_strings_h=yes
ac_cv_header_sys_socket_h=yes
ac_cv_header_sys_stat_h=yes
ac_cv_header_sys_types_h=yes
ac_cv_header_unistd_h=yes
ac_cv_objext=o
ac_cv_path_EGREP='/bin/grep -E'
ac_cv_path_GREP=/bin/grep
ac_cv_path_install='/usr/bin/install -c'
ac_cv_path_mkdir=/bin/mkdir
ac_cv_prog_AWK=mawk
ac_cv_prog_CPP='gcc -E'
ac_cv_prog_ac_ct_CC=gcc
ac_cv_prog_ac_ct_CXX=g++
ac_cv_prog_ac_ct_RANLIB=ranlib
ac_cv_prog_cc_c89=
ac_cv_prog_cc_g=yes
ac_cv_prog_cxx_g=yes
ac_cv_prog_make_make_set=yes
ac_cv_type__Bool=yes
am_cv_CC_dependencies_compiler_type=gcc3
am_cv_CXX_dependencies_compiler_type=gcc3

## ----------------- ##
## Output variables. ##
## ----------------- ##

ACLOCAL='${SHELL} /home/sandstone/workpath/gsnetwork/missing --run aclocal-1.11'
AMDEPBACKSLASH='\'
AMDEP_FALSE='#'
AMDEP_TRUE=''
AMTAR='$${TAR-tar}'
AUTOCONF='${SHELL} /home/sandstone/workpath/gsnetwork/missing --run autoconf'
AUTOHEADER='${SHELL} /home/sandstone/workpath/gsnetwork/missing --run autoheader'
AUTOMAKE='${SHELL} /home/sandstone/workpath/gsnetwork/missing --run automake-1.11'
AWK='mawk'
CC='gcc'
CCDEPMODE='depmode=gcc3'
CFLAGS='-g -O2'
CPP='gcc -E'
CPPFLAGS=''
CXX='g++'
CXXDEPMODE='depmode=gcc3'
CXXFLAGS='-g -O2'
CYGPATH_W='echo'
DEFS='-DHAVE_CONFIG_H'
DEPDIR='.deps'
ECHO_C=''
ECHO_N='-n'
ECHO_T=''
EGREP='/bin/grep -E'
EXEEXT=''
GREP='/bin/grep'
INSTALL_DATA='${INSTALL} -m 644'
INSTALL_PROGRAM='${INSTALL}'
INSTALL_SCRIPT='${INSTALL}'
INSTALL_STRIP_PROGRAM='$(install_sh) -c -s'
LDFLAGS=''
LIBOBJS=''
LIBS=''
LTLIBOBJS=''
MAKEINFO='${SHELL} /home/sandstone/workpath/gsnetwork/missing --run makeinfo'
MKDIR_P='/bin/mkdir -p'
OBJEXT='o'
PACKAGE='gsnetwork'
PACKAGE_BUGREPORT='wang70bin@163.com'
PACKAGE_NAME='gsnetwork'
PACKAGE_STRING='gsnetwork 1.0'
PACKAGE_TARNAME='gsnetwork'
PACKAGE_URL=''
PACKAGE_VERSION='1.0'
PATH_SEPARATOR=':'
RANLIB='ranlib'
SET_MAKE=''
SHELL='/bin/bash'
STRIP=''
VERSION='1.0'
ac_ct_CC='gcc'
ac_ct_CXX='g++'
am__EXEEXT_FALSE=''
am__EXEEXT_TRUE='#'
am__fastdepCC_FALSE='#'
am__fastdepCC_TRUE=''
am__fastdepCXX_FALSE='#'
am__fastdepCXX_TRUE=''
am__include='include'
am__isrc=''
am__leading_dot='.'
am__nodep='_no'
am__quote=''
am__tar='$${TAR-tar} chof - "$$tardir"'
am__untar='$${TAR-tar} xf -'
bindir='${exec_prefix}/bin'
build_alias=''
datadir='${datarootdir}'
datarootdir='${prefix}/share'
docdir='${datarootdir}/doc/${PACKAGE_TARNAME}'
dvidir='${docdir}'
exec_prefix='${prefix}'
host_alias=''
htmldir='${docdir}'
includedir='${prefix}/include'
infodir='${datarootdir}/info'
install_sh='${SHELL} /home/sandstone/workpath/gsnetwork/install-sh'
libdir='${exec_prefix}/lib'
libexecdir='${exec_prefix}/libexec'
localedir='${datarootdir}/locale'
localstatedir='${prefix}/var'
mandir='${datarootdir}/man'
mkdir_p='/bin/mkdir -p'
oldincludedir='/usr/include'
pdfdir='${docdir}'
prefix='/usr/local'
program_transform_name='s,x,x,'
psdir='${docdir}'
sbindir='${exec_prefix}/sbin'
sharedstatedir='${prefix}/com'
sysconfdir='${prefix}/etc'
target_alias=''

## ----------- ##
## confdefs.h. ##
## ----------- ##

/* confdefs.h */
#define PACKAGE_NAME "gsnetwork"
#define PACKAGE_TARNAME "gsnetwork"
#define PACKAGE_VERSION "1.0"
#define PACKAGE_STRING "gsnetwork 1.0"
#define PACKAGE_BUGREPORT "wang70bin@163.com"
#define PACKAGE_URL ""
#define PACKAGE "gsnetwork"
#define VERSION "1.0"
#define STDC_HEADERS 1
#define HAVE_SYS_TYPES_H 1
#define HAVE_SYS_STAT_H 1
#define HAVE_STDLIB_H 1
#define HAVE_STRING_H 1
#define HAVE_MEMORY_H 1
#define HAVE_STRINGS_H 1
#define HAVE_INTTYPES_H 1
#define HAVE_STDINT_H 1
#define HAVE_UNISTD_H 1
#define HAVE_ARPA_INET_H 1
#define HAVE_FCNTL_H 1
#define HAVE_NETDB_H 1
#define HAVE_NETINET_IN_H 1
#define HAVE_STDLIB_H 1
#define HAVE_STRING_H 1
#define HAVE_SYS_SOCKET_H 1
#define HAVE_UNISTD_H 1
#define HAVE__BOOL 1
#define HAVE_STDBOOL_H 1
#define HAVE_STDLIB_H 1
#define HAVE_MALLOC 1
#define HAVE_MEMSET 1

configure: exit 0

## ---------------------- ##
## Running config.status. ##
## ---------------------- ##

This file was extended by gsnetwork config.status 1.0, which was
generated by GNU Autoconf 2.68.  Invocation command line was

  CONFIG_FILES    = 
  CONFIG_HEADERS  = 
  CONFIG_LINKS    = 
  CONFIG_COMMANDS = 
  $ ./config.status 

on sandstone-ThinkPad-T410

config.status:881: creating Makefile
config.status:881: creating source/Makefile
config.status:881: creating config.h
config.status:1062: config.h is unchanged
config.status:1110: executing depfiles commands

## ---------------------- ##
## Running config.status. ##
## ---------------------- ##

This file was extended by gsnetwork config.status 1.0, which was
generated by GNU Autoconf 2.68.  Invocation command line was

  CONFIG_FILES    = 
  CONFIG_HEADERS  = 
  CONFIG_LINKS    = 
  CONFIG_COMMANDS = 
  $ ./config.status config.h

on sandstone-ThinkPad-T410

config.status:881: creating config.h
