ELF Header:
  Magic:   7f 45 4c 46 01 01 01 00 00 00 00 00 00 00 00 00 
  Class:                             ELF32
  Data:                              2's complement, little endian
  Version:                           1 (current)
  OS/ABI:                            UNIX - System V
  ABI Version:                       0
  Type:                              EXEC (Executable file)
  Machine:                           Intel 80386
  Version:                           0x1
  Entry point address:               0x804bd40
  Start of program headers:          52 (bytes into file)
  Start of section headers:          209180 (bytes into file)
  Flags:                             0x0
  Size of this header:               52 (bytes)
  Size of program headers:           32 (bytes)
  Number of program headers:         9
  Size of section headers:           40 (bytes)
  Number of section headers:         38
  Section header string table index: 35

Section Headers:
  [Nr] Name              Type            Addr     Off    Size   ES Flg Lk Inf Al
  [ 0]                   NULL            00000000 000000 000000 00      0   0  0
  [ 1] .interp           PROGBITS        08048154 000154 000013 00   A  0   0  1
  [ 2] .note.ABI-tag     NOTE            08048168 000168 000020 00   A  0   0  4
  [ 3] .note.gnu.build-i NOTE            08048188 000188 000024 00   A  0   0  4
  [ 4] .gnu.hash         GNU_HASH        080481ac 0001ac 00075c 04   A  5   0  4
  [ 5] .dynsym           DYNSYM          08048908 000908 0012e0 10   A  6   1  4
  [ 6] .dynstr           STRTAB          08049be8 001be8 001185 00   A  0   0  1
  [ 7] .gnu.version      VERSYM          0804ad6e 002d6e 00025c 02   A  5   0  2
  [ 8] .gnu.version_r    VERNEED         0804afcc 002fcc 000120 00   A  6   5  4
  [ 9] .rel.dyn          REL             0804b0ec 0030ec 000020 08   A  5   0  4
  [10] .rel.plt          REL             0804b10c 00310c 0002f8 08   A  5  12  4
  [11] .init             PROGBITS        0804b404 003404 00002e 00  AX  0   0  4
  [12] .plt              PROGBITS        0804b440 003440 000600 04  AX  0   0 16
  [13] .text             PROGBITS        0804ba40 003a40 01e9dc 00  AX  0   0 16
  [14] .fini             PROGBITS        0806a41c 02241c 00001a 00  AX  0   0  4
  [15] .rodata           PROGBITS        0806a440 022440 00366c 00   A  0   0 32
  [16] .eh_frame_hdr     PROGBITS        0806daac 025aac 0014e4 00   A  0   0  4
  [17] .eh_frame         PROGBITS        0806ef90 026f90 006fd8 00   A  0   0  4
  [18] .gcc_except_table PROGBITS        08075f68 02df68 00001f 00   A  0   0  1
  [19] .ctors            PROGBITS        08076ef4 02eef4 000008 00  WA  0   0  4
  [20] .dtors            PROGBITS        08076efc 02eefc 000008 00  WA  0   0  4
  [21] .jcr              PROGBITS        08076f04 02ef04 000004 00  WA  0   0  4
  [22] .dynamic          DYNAMIC         08076f08 02ef08 0000e8 08  WA  6   0  4
  [23] .got              PROGBITS        08076ff0 02eff0 000004 04  WA  0   0  4
  [24] .got.plt          PROGBITS        08076ff4 02eff4 000188 04  WA  0   0  4
  [25] .data             PROGBITS        0807717c 02f17c 000008 00  WA  0   0  4
  [26] .bss              NOBITS          080771a0 02f184 00002c 00  WA  0   0 32
  [27] .comment          PROGBITS        00000000 02f184 00002a 01  MS  0   0  1
  [28] .debug_aranges    PROGBITS        00000000 02f1ae 000080 00      0   0  1
  [29] .debug_info       PROGBITS        00000000 02f22e 001d26 00      0   0  1
  [30] .debug_abbrev     PROGBITS        00000000 030f54 000750 00      0   0  1
  [31] .debug_line       PROGBITS        00000000 0316a4 00055b 00      0   0  1
  [32] .debug_str        PROGBITS        00000000 031bff 000a6f 01  MS  0   0  1
  [33] .debug_loc        PROGBITS        00000000 03266e 0008d6 00      0   0  1
  [34] .debug_ranges     PROGBITS        00000000 032f44 000070 00      0   0  1
  [35] .shstrtab         STRTAB          00000000 032fb4 000167 00      0   0  1
  [36] .symtab           SYMTAB          00000000 03370c 0038a0 10     37 605  4
  [37] .strtab           STRTAB          00000000 036fac 002f6f 00      0   0  1
Key to Flags:
  W (write), A (alloc), X (execute), M (merge), S (strings)
  I (info), L (link order), G (group), T (TLS), E (exclude), x (unknown)
  O (extra OS processing required) o (OS specific), p (processor specific)

There are no section groups in this file.

Program Headers:
  Type           Offset   VirtAddr   PhysAddr   FileSiz MemSiz  Flg Align
  PHDR           0x000034 0x08048034 0x08048034 0x00120 0x00120 R E 0x4
  INTERP         0x000154 0x08048154 0x08048154 0x00013 0x00013 R   0x1
      [Requesting program interpreter: /lib/ld-linux.so.2]
  LOAD           0x000000 0x08048000 0x08048000 0x2df87 0x2df87 R E 0x1000
  LOAD           0x02eef4 0x08076ef4 0x08076ef4 0x00290 0x002d8 RW  0x1000
  DYNAMIC        0x02ef08 0x08076f08 0x08076f08 0x000e8 0x000e8 RW  0x4
  NOTE           0x000168 0x08048168 0x08048168 0x00044 0x00044 R   0x4
  GNU_EH_FRAME   0x025aac 0x0806daac 0x0806daac 0x014e4 0x014e4 R   0x4
  GNU_STACK      0x000000 0x00000000 0x00000000 0x00000 0x00000 RW  0x4
  GNU_RELRO      0x02eef4 0x08076ef4 0x08076ef4 0x0010c 0x0010c R   0x1

 Section to Segment mapping:
  Segment Sections...
   00     
   01     .interp 
   02     .interp .note.ABI-tag .note.gnu.build-id .gnu.hash .dynsym .dynstr .gnu.version .gnu.version_r .rel.dyn .rel.plt .init .plt .text .fini .rodata .eh_frame_hdr .eh_frame .gcc_except_table 
   03     .ctors .dtors .jcr .dynamic .got .got.plt .data .bss 
   04     .dynamic 
   05     .note.ABI-tag .note.gnu.build-id 
   06     .eh_frame_hdr 
   07     
   08     .ctors .dtors .jcr .dynamic .got 

Dynamic section at offset 0x2ef08 contains 24 entries:
  Tag        Type                         Name/Value
 0x00000001 (NEEDED)                     Shared library: [libdl.so.2]
 0x00000001 (NEEDED)                     Shared library: [libstdc++.so.6]
 0x00000001 (NEEDED)                     Shared library: [libm.so.6]
 0x00000001 (NEEDED)                     Shared library: [libgcc_s.so.1]
 0x00000001 (NEEDED)                     Shared library: [libc.so.6]
 0x0000000c (INIT)                       0x804b404
 0x0000000d (FINI)                       0x806a41c
 0x6ffffef5 (GNU_HASH)                   0x80481ac
 0x00000005 (STRTAB)                     0x8049be8
 0x00000006 (SYMTAB)                     0x8048908
 0x0000000a (STRSZ)                      4485 (bytes)
 0x0000000b (SYMENT)                     16 (bytes)
 0x00000015 (DEBUG)                      0x0
 0x00000003 (PLTGOT)                     0x8076ff4
 0x00000002 (PLTRELSZ)                   760 (bytes)
 0x00000014 (PLTREL)                     REL
 0x00000017 (JMPREL)                     0x804b10c
 0x00000011 (REL)                        0x804b0ec
 0x00000012 (RELSZ)                      32 (bytes)
 0x00000013 (RELENT)                     8 (bytes)
 0x6ffffffe (VERNEED)                    0x804afcc
 0x6fffffff (VERNEEDNUM)                 5
 0x6ffffff0 (VERSYM)                     0x804ad6e
 0x00000000 (NULL)                       0x0

Relocation section '.rel.dyn' at offset 0x30ec contains 4 entries:
 Offset     Info    Type            Sym.Value  Sym. Name
08076ff0  00001106 R_386_GLOB_DAT    00000000   __gmon_start__
080771a0  00010b05 R_386_COPY        080771a0   stderr
080771a4  0000c805 R_386_COPY        080771a4   stdin
080771c0  0000e905 R_386_COPY        080771c0   stdout

Relocation section '.rel.plt' at offset 0x310c contains 95 entries:
 Offset     Info    Type            Sym.Value  Sym. Name
08077000  00000107 R_386_JUMP_SLOT   00000000   ldexp
08077004  00000207 R_386_JUMP_SLOT   00000000   fmod
08077008  00000307 R_386_JUMP_SLOT   00000000   abort
0807700c  00000407 R_386_JUMP_SLOT   00000000   __errno_location
08077010  00000507 R_386_JUMP_SLOT   00000000   tmpfile64
08077014  00000607 R_386_JUMP_SLOT   00000000   popen
08077018  00000707 R_386_JUMP_SLOT   00000000   srand
0807701c  00000807 R_386_JUMP_SLOT   00000000   localtime_r
08077020  00000907 R_386_JUMP_SLOT   00000000   localeconv
08077024  00000a07 R_386_JUMP_SLOT   00000000   strerror
08077028  00000b07 R_386_JUMP_SLOT   00000000   strcoll
0807702c  00000c07 R_386_JUMP_SLOT   00000000   memcmp
08077030  00000d07 R_386_JUMP_SLOT   00000000   asin
08077034  00000e07 R_386_JUMP_SLOT   00000000   __longjmp_chk
08077038  00000f07 R_386_JUMP_SLOT   00000000   __isoc99_fscanf
0807703c  00001007 R_386_JUMP_SLOT   00000000   __fprintf_chk
08077040  00001107 R_386_JUMP_SLOT   00000000   __gmon_start__
08077044  00001307 R_386_JUMP_SLOT   00000000   realloc
08077048  00001407 R_386_JUMP_SLOT   00000000   sinh
0807704c  00001507 R_386_JUMP_SLOT   00000000   __printf_chk
08077050  00001607 R_386_JUMP_SLOT   00000000   strtod
08077054  00001707 R_386_JUMP_SLOT   00000000   strchr
08077058  00001807 R_386_JUMP_SLOT   00000000   getenv
0807705c  00001907 R_386_JUMP_SLOT   00000000   system
08077060  00001a07 R_386_JUMP_SLOT   00000000   pow
08077064  00001b07 R_386_JUMP_SLOT   00000000   dlclose
08077068  00001c07 R_386_JUMP_SLOT   00000000   fgets
0807706c  00001d07 R_386_JUMP_SLOT   00000000   rename
08077070  00001e07 R_386_JUMP_SLOT   00000000   fopen64
08077074  00001f07 R_386_JUMP_SLOT   00000000   __libc_start_main
08077078  00002007 R_386_JUMP_SLOT   00000000   _IO_getc
0807707c  00002107 R_386_JUMP_SLOT   00000000   __memcpy_chk
08077080  00002207 R_386_JUMP_SLOT   00000000   strrchr
08077084  00002307 R_386_JUMP_SLOT   00000000   modf
08077088  00002407 R_386_JUMP_SLOT   00000000   fseeko64
0807708c  00002507 R_386_JUMP_SLOT   00000000   exp
08077090  00002607 R_386_JUMP_SLOT   00000000   gmtime_r
08077094  00002707 R_386_JUMP_SLOT   00000000   ungetc
08077098  00002807 R_386_JUMP_SLOT   00000000   __ctype_toupper_loc
0807709c  00002907 R_386_JUMP_SLOT   00000000   free
080770a0  00002a07 R_386_JUMP_SLOT   00000000   atan
080770a4  00002b07 R_386_JUMP_SLOT   00000000   dlsym
080770a8  00002c07 R_386_JUMP_SLOT   00000000   fflush
080770ac  00002d07 R_386_JUMP_SLOT   00000000   sqrt
080770b0  00002e07 R_386_JUMP_SLOT   00000000   mkstemp
080770b4  00002f07 R_386_JUMP_SLOT   00000000   __ctype_b_loc
080770b8  00003007 R_386_JUMP_SLOT   00000000   fclose
080770bc  00003107 R_386_JUMP_SLOT   00000000   ftello64
080770c0  00003207 R_386_JUMP_SLOT   00000000   tanh
080770c4  00003307 R_386_JUMP_SLOT   00000000   _setjmp
080770c8  00003407 R_386_JUMP_SLOT   00000000   mktime
080770cc  00003507 R_386_JUMP_SLOT   00000000   clock
080770d0  00003607 R_386_JUMP_SLOT   00000000   acos
080770d4  00003707 R_386_JUMP_SLOT   00000000   memcpy
080770d8  00003807 R_386_JUMP_SLOT   00000000   strlen
080770dc  00003907 R_386_JUMP_SLOT   00000000   fopen
080770e0  00003a07 R_386_JUMP_SLOT   00000000   cos
080770e4  00003b07 R_386_JUMP_SLOT   00000000   freopen
080770e8  00003c07 R_386_JUMP_SLOT   00000000   setlocale
080770ec  00003d07 R_386_JUMP_SLOT   00000000   clearerr
080770f0  00003e07 R_386_JUMP_SLOT   00000000   feof
080770f4  00003f07 R_386_JUMP_SLOT   00000000   strcpy
080770f8  00004007 R_386_JUMP_SLOT   00000000   dlopen
080770fc  00004107 R_386_JUMP_SLOT   00000000   close
08077100  00004207 R_386_JUMP_SLOT   00000000   fwrite
08077104  00004307 R_386_JUMP_SLOT   00000000   frexp
08077108  00004407 R_386_JUMP_SLOT   00000000   strstr
0807710c  00004507 R_386_JUMP_SLOT   00000000   time
08077110  00004607 R_386_JUMP_SLOT   00000000   log10
08077114  00004707 R_386_JUMP_SLOT   00000000   setvbuf
08077118  00004807 R_386_JUMP_SLOT   00000000   remove
0807711c  00004907 R_386_JUMP_SLOT   00000000   __stack_chk_fail
08077120  00004a07 R_386_JUMP_SLOT   00000000   atan2
08077124  00004b07 R_386_JUMP_SLOT   00000000   dlerror
08077128  00004c07 R_386_JUMP_SLOT   00000000   sleep
0807712c  00004d07 R_386_JUMP_SLOT   00000000   __ctype_tolower_loc
08077130  00004e07 R_386_JUMP_SLOT   00000000   log
08077134  00004f07 R_386_JUMP_SLOT   00000000   puts
08077138  00005007 R_386_JUMP_SLOT   00000000   rand
0807713c  00005107 R_386_JUMP_SLOT   00000000   strspn
08077140  00005207 R_386_JUMP_SLOT   00000000   __sprintf_chk
08077144  00005307 R_386_JUMP_SLOT   00000000   memchr
08077148  00005407 R_386_JUMP_SLOT   00000000   strpbrk
0807714c  00005507 R_386_JUMP_SLOT   00000000   tan
08077150  00005607 R_386_JUMP_SLOT   00000000   fread
08077154  00005707 R_386_JUMP_SLOT   00000000   strftime
08077158  00005807 R_386_JUMP_SLOT   00000000   cosh
0807715c  00008207 R_386_JUMP_SLOT   0804b9c0   __gxx_personality_v0
08077160  00005907 R_386_JUMP_SLOT   00000000   sin
08077164  00005a07 R_386_JUMP_SLOT   00000000   _Unwind_Resume
08077168  00005b07 R_386_JUMP_SLOT   00000000   ferror
0807716c  00005c07 R_386_JUMP_SLOT   00000000   strcmp
08077170  00005d07 R_386_JUMP_SLOT   00000000   exit
08077174  00005e07 R_386_JUMP_SLOT   00000000   difftime
08077178  00005f07 R_386_JUMP_SLOT   00000000   pclose

There are no unwind sections in this file.

Symbol table '.dynsym' contains 302 entries:
   Num:    Value  Size Type    Bind   Vis      Ndx Name
     0: 00000000     0 NOTYPE  LOCAL  DEFAULT  UND 
     1: 00000000     0 FUNC    GLOBAL DEFAULT  UND ldexp@GLIBC_2.0 (2)
     2: 00000000     0 FUNC    GLOBAL DEFAULT  UND fmod@GLIBC_2.0 (2)
     3: 00000000     0 FUNC    GLOBAL DEFAULT  UND abort@GLIBC_2.0 (3)
     4: 00000000     0 FUNC    GLOBAL DEFAULT  UND __errno_location@GLIBC_2.0 (3)
     5: 00000000     0 FUNC    GLOBAL DEFAULT  UND tmpfile64@GLIBC_2.1 (4)
     6: 00000000     0 FUNC    GLOBAL DEFAULT  UND popen@GLIBC_2.1 (4)
     7: 00000000     0 FUNC    GLOBAL DEFAULT  UND srand@GLIBC_2.0 (3)
     8: 00000000     0 FUNC    GLOBAL DEFAULT  UND localtime_r@GLIBC_2.0 (3)
     9: 00000000     0 FUNC    GLOBAL DEFAULT  UND localeconv@GLIBC_2.2 (5)
    10: 00000000     0 FUNC    GLOBAL DEFAULT  UND strerror@GLIBC_2.0 (3)
    11: 00000000     0 FUNC    GLOBAL DEFAULT  UND strcoll@GLIBC_2.0 (3)
    12: 00000000     0 FUNC    GLOBAL DEFAULT  UND memcmp@GLIBC_2.0 (3)
    13: 00000000     0 FUNC    GLOBAL DEFAULT  UND asin@GLIBC_2.0 (2)
    14: 00000000     0 FUNC    GLOBAL DEFAULT  UND __longjmp_chk@GLIBC_2.11 (6)
    15: 00000000     0 FUNC    GLOBAL DEFAULT  UND __isoc99_fscanf@GLIBC_2.7 (7)
    16: 00000000     0 FUNC    GLOBAL DEFAULT  UND __fprintf_chk@GLIBC_2.3.4 (8)
    17: 00000000     0 NOTYPE  WEAK   DEFAULT  UND __gmon_start__
    18: 00000000     0 NOTYPE  WEAK   DEFAULT  UND _Jv_RegisterClasses
    19: 00000000     0 FUNC    GLOBAL DEFAULT  UND realloc@GLIBC_2.0 (3)
    20: 00000000     0 FUNC    GLOBAL DEFAULT  UND sinh@GLIBC_2.0 (2)
    21: 00000000     0 FUNC    GLOBAL DEFAULT  UND __printf_chk@GLIBC_2.3.4 (8)
    22: 00000000     0 FUNC    GLOBAL DEFAULT  UND strtod@GLIBC_2.0 (3)
    23: 00000000     0 FUNC    GLOBAL DEFAULT  UND strchr@GLIBC_2.0 (3)
    24: 00000000     0 FUNC    GLOBAL DEFAULT  UND getenv@GLIBC_2.0 (3)
    25: 00000000     0 FUNC    GLOBAL DEFAULT  UND system@GLIBC_2.0 (3)
    26: 00000000     0 FUNC    GLOBAL DEFAULT  UND pow@GLIBC_2.0 (2)
    27: 00000000     0 FUNC    GLOBAL DEFAULT  UND dlclose@GLIBC_2.0 (9)
    28: 00000000     0 FUNC    GLOBAL DEFAULT  UND fgets@GLIBC_2.0 (3)
    29: 00000000     0 FUNC    GLOBAL DEFAULT  UND rename@GLIBC_2.0 (3)
    30: 00000000     0 FUNC    GLOBAL DEFAULT  UND fopen64@GLIBC_2.1 (4)
    31: 00000000     0 FUNC    GLOBAL DEFAULT  UND __libc_start_main@GLIBC_2.0 (3)
    32: 00000000     0 FUNC    GLOBAL DEFAULT  UND _IO_getc@GLIBC_2.0 (3)
    33: 00000000     0 FUNC    GLOBAL DEFAULT  UND __memcpy_chk@GLIBC_2.3.4 (8)
    34: 00000000     0 FUNC    GLOBAL DEFAULT  UND strrchr@GLIBC_2.0 (3)
    35: 00000000     0 FUNC    GLOBAL DEFAULT  UND modf@GLIBC_2.0 (2)
    36: 00000000     0 FUNC    GLOBAL DEFAULT  UND fseeko64@GLIBC_2.1 (4)
    37: 00000000     0 FUNC    GLOBAL DEFAULT  UND exp@GLIBC_2.0 (2)
    38: 00000000     0 FUNC    GLOBAL DEFAULT  UND gmtime_r@GLIBC_2.0 (3)
    39: 00000000     0 FUNC    GLOBAL DEFAULT  UND ungetc@GLIBC_2.0 (3)
    40: 00000000     0 FUNC    GLOBAL DEFAULT  UND __ctype_toupper_loc@GLIBC_2.3 (10)
    41: 00000000     0 FUNC    GLOBAL DEFAULT  UND free@GLIBC_2.0 (3)
    42: 00000000     0 FUNC    GLOBAL DEFAULT  UND atan@GLIBC_2.0 (2)
    43: 00000000     0 FUNC    GLOBAL DEFAULT  UND dlsym@GLIBC_2.0 (9)
    44: 00000000     0 FUNC    GLOBAL DEFAULT  UND fflush@GLIBC_2.0 (3)
    45: 00000000     0 FUNC    GLOBAL DEFAULT  UND sqrt@GLIBC_2.0 (2)
    46: 00000000     0 FUNC    GLOBAL DEFAULT  UND mkstemp@GLIBC_2.0 (3)
    47: 00000000     0 FUNC    GLOBAL DEFAULT  UND __ctype_b_loc@GLIBC_2.3 (10)
    48: 00000000     0 FUNC    GLOBAL DEFAULT  UND fclose@GLIBC_2.1 (4)
    49: 00000000     0 FUNC    GLOBAL DEFAULT  UND ftello64@GLIBC_2.1 (4)
    50: 00000000     0 FUNC    GLOBAL DEFAULT  UND tanh@GLIBC_2.0 (2)
    51: 00000000     0 FUNC    GLOBAL DEFAULT  UND _setjmp@GLIBC_2.0 (3)
    52: 00000000     0 FUNC    GLOBAL DEFAULT  UND mktime@GLIBC_2.0 (3)
    53: 00000000     0 FUNC    GLOBAL DEFAULT  UND clock@GLIBC_2.0 (3)
    54: 00000000     0 FUNC    GLOBAL DEFAULT  UND acos@GLIBC_2.0 (2)
    55: 00000000     0 FUNC    GLOBAL DEFAULT  UND memcpy@GLIBC_2.0 (3)
    56: 00000000     0 FUNC    GLOBAL DEFAULT  UND strlen@GLIBC_2.0 (3)
    57: 00000000     0 FUNC    GLOBAL DEFAULT  UND fopen@GLIBC_2.1 (4)
    58: 00000000     0 FUNC    GLOBAL DEFAULT  UND cos@GLIBC_2.0 (2)
    59: 00000000     0 FUNC    GLOBAL DEFAULT  UND freopen@GLIBC_2.0 (3)
    60: 00000000     0 FUNC    GLOBAL DEFAULT  UND setlocale@GLIBC_2.0 (3)
    61: 00000000     0 FUNC    GLOBAL DEFAULT  UND clearerr@GLIBC_2.0 (3)
    62: 00000000     0 FUNC    GLOBAL DEFAULT  UND feof@GLIBC_2.0 (3)
    63: 00000000     0 FUNC    GLOBAL DEFAULT  UND strcpy@GLIBC_2.0 (3)
    64: 00000000     0 FUNC    GLOBAL DEFAULT  UND dlopen@GLIBC_2.1 (11)
    65: 00000000     0 FUNC    GLOBAL DEFAULT  UND close@GLIBC_2.0 (3)
    66: 00000000     0 FUNC    GLOBAL DEFAULT  UND fwrite@GLIBC_2.0 (3)
    67: 00000000     0 FUNC    GLOBAL DEFAULT  UND frexp@GLIBC_2.0 (2)
    68: 00000000     0 FUNC    GLOBAL DEFAULT  UND strstr@GLIBC_2.0 (3)
    69: 00000000     0 FUNC    GLOBAL DEFAULT  UND time@GLIBC_2.0 (3)
    70: 00000000     0 FUNC    GLOBAL DEFAULT  UND log10@GLIBC_2.0 (2)
    71: 00000000     0 FUNC    GLOBAL DEFAULT  UND setvbuf@GLIBC_2.0 (3)
    72: 00000000     0 FUNC    GLOBAL DEFAULT  UND remove@GLIBC_2.0 (3)
    73: 00000000     0 FUNC    GLOBAL DEFAULT  UND __stack_chk_fail@GLIBC_2.4 (12)
    74: 00000000     0 FUNC    GLOBAL DEFAULT  UND atan2@GLIBC_2.0 (2)
    75: 00000000     0 FUNC    GLOBAL DEFAULT  UND dlerror@GLIBC_2.0 (9)
    76: 00000000     0 FUNC    GLOBAL DEFAULT  UND sleep@GLIBC_2.0 (3)
    77: 00000000     0 FUNC    GLOBAL DEFAULT  UND __ctype_tolower_loc@GLIBC_2.3 (10)
    78: 00000000     0 FUNC    GLOBAL DEFAULT  UND log@GLIBC_2.0 (2)
    79: 00000000     0 FUNC    GLOBAL DEFAULT  UND puts@GLIBC_2.0 (3)
    80: 00000000     0 FUNC    GLOBAL DEFAULT  UND rand@GLIBC_2.0 (3)
    81: 00000000     0 FUNC    GLOBAL DEFAULT  UND strspn@GLIBC_2.0 (3)
    82: 00000000     0 FUNC    GLOBAL DEFAULT  UND __sprintf_chk@GLIBC_2.3.4 (8)
    83: 00000000     0 FUNC    GLOBAL DEFAULT  UND memchr@GLIBC_2.0 (3)
    84: 00000000     0 FUNC    GLOBAL DEFAULT  UND strpbrk@GLIBC_2.0 (3)
    85: 00000000     0 FUNC    GLOBAL DEFAULT  UND tan@GLIBC_2.0 (2)
    86: 00000000     0 FUNC    GLOBAL DEFAULT  UND fread@GLIBC_2.0 (3)
    87: 00000000     0 FUNC    GLOBAL DEFAULT  UND strftime@GLIBC_2.0 (3)
    88: 00000000     0 FUNC    GLOBAL DEFAULT  UND cosh@GLIBC_2.0 (2)
    89: 00000000     0 FUNC    GLOBAL DEFAULT  UND sin@GLIBC_2.0 (2)
    90: 00000000     0 FUNC    GLOBAL DEFAULT  UND _Unwind_Resume@GCC_3.0 (14)
    91: 00000000     0 FUNC    GLOBAL DEFAULT  UND ferror@GLIBC_2.0 (3)
    92: 00000000     0 FUNC    GLOBAL DEFAULT  UND strcmp@GLIBC_2.0 (3)
    93: 00000000     0 FUNC    GLOBAL DEFAULT  UND exit@GLIBC_2.0 (3)
    94: 00000000     0 FUNC    GLOBAL DEFAULT  UND difftime@GLIBC_2.0 (3)
    95: 00000000     0 FUNC    GLOBAL DEFAULT  UND pclose@GLIBC_2.1 (4)
    96: 0805c4c0    66 FUNC    GLOBAL DEFAULT   13 luaL_addlstring
    97: 0804c140    67 FUNC    GLOBAL DEFAULT   13 _ZN9luabinder4readItEET_P
    98: 0804ed50     8 FUNC    GLOBAL DEFAULT   13 lua_gethookcount
    99: 0804e4f0   151 FUNC    GLOBAL DEFAULT   13 lua_concat
   100: 0804be00     2 FUNC    GLOBAL DEFAULT   13 _ZN11LuaInstanceC1Ev
   101: 0804d4a0    19 FUNC    GLOBAL DEFAULT   13 lua_pushnil
   102: 0804cc30    69 FUNC    GLOBAL DEFAULT   13 lua_insert
   103: 0804c050    68 FUNC    GLOBAL DEFAULT   13 _ZN9luabinder4readIcEET_P
   104: 0805cb70   118 FUNC    GLOBAL DEFAULT   13 luaL_callmeta
   105: 0804d5d0   106 FUNC    GLOBAL DEFAULT   13 lua_pushstring
   106: 0804d790    25 FUNC    GLOBAL DEFAULT   13 lua_pushlightuserdata
   107: 0804d390    68 FUNC    GLOBAL DEFAULT   13 lua_touserdata
   108: 0804c7c0    93 FUNC    GLOBAL DEFAULT   13 _Z15register_c_funcP9lua_
   109: 0804d570    86 FUNC    GLOBAL DEFAULT   13 lua_pushlstring
   110: 08062880   218 FUNC    GLOBAL DEFAULT   13 luaopen_string
   111: 0804cb80    21 FUNC    GLOBAL DEFAULT   13 lua_gettop
   112: 0804da40   132 FUNC    GLOBAL DEFAULT   13 lua_createtable
   113: 08068440   234 FUNC    GLOBAL DEFAULT   13 luaopen_io
   114: 0804d640    77 FUNC    GLOBAL DEFAULT   13 lua_pushvfstring
   115: 0805cbf0   111 FUNC    GLOBAL DEFAULT   13 luaL_len
   116: 0804c5a0    36 FUNC    GLOBAL DEFAULT   13 _ZN9luabinder4pushItEEvP9
   117: 0804d870    50 FUNC    GLOBAL DEFAULT   13 lua_gettable
   118: 0804e4a0    65 FUNC    GLOBAL DEFAULT   13 lua_next
   119: 0805bd90    53 FUNC    GLOBAL DEFAULT   13 luaL_setmetatable
   120: 08068f00    66 FUNC    GLOBAL DEFAULT   13 luaopen_os
   121: 0804b404     0 FUNC    GLOBAL DEFAULT   11 _init
   122: 0804c520    38 FUNC    GLOBAL DEFAULT   13 _ZN9luabinder4pushIcEEvP9
   123: 0804caa0   100 FUNC    GLOBAL DEFAULT   13 lua_xmove
   124: 0804de90   247 FUNC    GLOBAL DEFAULT   13 lua_setmetatable
   125: 0804c230    67 FUNC    GLOBAL DEFAULT   13 _ZN9luabinder4readIiEET_P
   126: 0804d770    31 FUNC    GLOBAL DEFAULT   13 lua_pushboolean
   127: 0804cb50    37 FUNC    GLOBAL DEFAULT   13 lua_absindex
   128: 0805bc40   178 FUNC    GLOBAL DEFAULT   13 luaL_execresult
   129: 0804dc50   126 FUNC    GLOBAL DEFAULT   13 lua_setfield
   130: 0804b9c0     0 FUNC    GLOBAL DEFAULT  UND __gxx_personality_v0@CXXABI_1.3 (13)
   131: 0805c3a0    90 FUNC    GLOBAL DEFAULT   13 luaL_optunsigned
   132: 0804db80   137 FUNC    GLOBAL DEFAULT   13 lua_setglobal
   133: 0804e5e0    21 FUNC    GLOBAL DEFAULT   13 lua_setallocf
   134: 0804c580    27 FUNC    GLOBAL DEFAULT   13 _ZN9luabinder4pushIsEEvP9
   135: 0804ed60    73 FUNC    GLOBAL DEFAULT   13 lua_getstack
   136: 0807717c     0 NOTYPE  GLOBAL DEFAULT   25 __data_start
   137: 0804d930    58 FUNC    GLOBAL DEFAULT   13 lua_rawget
   138: 0804c440   210 FUNC    GLOBAL DEFAULT   13 _ZN9luabinder4readIyEET_P
   139: 0804c6c0    14 FUNC    GLOBAL DEFAULT   13 _ZN9luabinder4pushIbEEvP9
   140: 0805bdd0   156 FUNC    GLOBAL DEFAULT   13 luaL_testudata
   141: 0805c630    31 FUNC    GLOBAL DEFAULT   13 luaL_buffinit
   142: 08056ad0    18 FUNC    GLOBAL DEFAULT   13 lua_close
   143: 0805c680   239 FUNC    GLOBAL DEFAULT   13 luaL_ref
   144: 0804c0a0    68 FUNC    GLOBAL DEFAULT   13 _ZN9luabinder4readIhEET_P
   145: 0806a6a0   129 OBJECT  GLOBAL DEFAULT   15 lua_ident
   146: 0805bfb0    80 FUNC    GLOBAL DEFAULT   13 luaL_checkany
   147: 0804c640    41 FUNC    GLOBAL DEFAULT   13 _ZN9luabinder4pushIjEEvP9
   148: 0804ccf0    63 FUNC    GLOBAL DEFAULT   13 lua_pushvalue
   149: 0804ee60   102 FUNC    GLOBAL DEFAULT   13 lua_setlocal
   150: 0804be20    91 FUNC    GLOBAL DEFAULT   13 _ZN11LuaInstance4initEv
   151: 0805c2e0    85 FUNC    GLOBAL DEFAULT   13 luaL_checkunsigned
   152: 0804e5c0    26 FUNC    GLOBAL DEFAULT   13 lua_getallocf
   153: 0804d7e0   130 FUNC    GLOBAL DEFAULT   13 lua_getglobal
   154: 0805cac0   174 FUNC    GLOBAL DEFAULT   13 luaL_getmetafield
   155: 0805c810   538 FUNC    GLOBAL DEFAULT   13 luaL_loadfilex
   156: 0805ca30    67 FUNC    GLOBAL DEFAULT   13 luaL_loadbufferx
   157: 0805b4e0   834 FUNC    GLOBAL DEFAULT   13 luaL_traceback
   158: 0804db40    64 FUNC    GLOBAL DEFAULT   13 lua_getuservalue
   159: 0805c590    16 FUNC    GLOBAL DEFAULT   13 luaL_pushresultsize
   160: 0804c550    37 FUNC    GLOBAL DEFAULT   13 _ZN9luabinder4pushIhEEvP9
   161: 0804ce00    39 FUNC    GLOBAL DEFAULT   13 lua_isstring
   162: 080603a0   150 FUNC    GLOBAL DEFAULT   13 luaopen_math
   163: 0805ce90   175 FUNC    GLOBAL DEFAULT   13 luaL_getsubtable
   164: 0805be70    93 FUNC    GLOBAL DEFAULT   13 luaL_checkudata
   165: 0804cd80    42 FUNC    GLOBAL DEFAULT   13 lua_iscfunction
   166: 0805cda0   238 FUNC    GLOBAL DEFAULT   13 luaL_pushmodule
   167: 0804c3a0     2 FUNC    GLOBAL DEFAULT   13 _ZN9luabinder4readIvEET_P
   168: 0804bf60    21 FUNC    GLOBAL DEFAULT   13 _ZN11LuaInstance17registe
   169: 0804c6b0     5 FUNC    GLOBAL DEFAULT   13 _ZN9luabinder4pushIPKcEEv
   170: 0805ca80    53 FUNC    GLOBAL DEFAULT   13 luaL_loadstring
   171: 0804d8b0   116 FUNC    GLOBAL DEFAULT   13 lua_getfield
   172: 0804eed0  1059 FUNC    GLOBAL DEFAULT   13 lua_getinfo
   173: 0804ca00   146 FUNC    GLOBAL DEFAULT   13 lua_checkstack
   174: 0804d400   147 FUNC    GLOBAL DEFAULT   13 lua_topointer
   175: 0804cd70    12 FUNC    GLOBAL DEFAULT   13 lua_typename
   176: 0804e650   101 FUNC    GLOBAL DEFAULT   13 lua_getupvalue
   177: 0804c1e0    67 FUNC    GLOBAL DEFAULT   13 _ZN9luabinder4readImEET_P
   178: 0804ccb0    52 FUNC    GLOBAL DEFAULT   13 lua_copy
   179: 0804d970    83 FUNC    GLOBAL DEFAULT   13 lua_rawgeti
   180: 0804df90   127 FUNC    GLOBAL DEFAULT   13 lua_setuservalue
   181: 0804be10    15 FUNC    GLOBAL DEFAULT   13 _ZN11LuaInstanceD1Ev
   182: 0805d150    53 FUNC    GLOBAL DEFAULT   13 luaL_newstate
   183: 0804e300     9 FUNC    GLOBAL DEFAULT   13 lua_status
   184: 08066f90    66 FUNC    GLOBAL DEFAULT   13 luaopen_coroutine
   185: 0805cc60   309 FUNC    GLOBAL DEFAULT   13 luaL_tolstring
   186: 0805bf50    88 FUNC    GLOBAL DEFAULT   13 luaL_checktype
   187: 0804d9d0    99 FUNC    GLOBAL DEFAULT   13 lua_rawgetp
   188: 0804e2b0    78 FUNC    GLOBAL DEFAULT   13 lua_dump
   189: 0807717c     0 NOTYPE  WEAK   DEFAULT   25 data_start
   190: 0804bf80   101 FUNC    GLOBAL DEFAULT   13 _ZNK11LuaInstance10lua_pe
   191: 0804c300    35 FUNC    GLOBAL DEFAULT   13 _ZN9luabinder4readIdEET_P
   192: 0804edb0   166 FUNC    GLOBAL DEFAULT   13 lua_getlocal
   193: 0805d190   249 FUNC    GLOBAL DEFAULT   13 luaL_checkversion_
   194: 0804dd70   122 FUNC    GLOBAL DEFAULT   13 lua_rawseti
   195: 0805bb80   179 FUNC    GLOBAL DEFAULT   13 luaL_fileresult
   196: 0804e600    74 FUNC    GLOBAL DEFAULT   13 lua_newuserdata
   197: 0805bed0   124 FUNC    GLOBAL DEFAULT   13 luaL_checkstack
   198: 0805c220    88 FUNC    GLOBAL DEFAULT   13 luaL_optnumber
   199: 0804cc80    34 FUNC    GLOBAL DEFAULT   13 lua_replace
   200: 080771a4     4 OBJECT  GLOBAL DEFAULT   26 stdin@GLIBC_2.0 (3)
   201: 0804d240   155 FUNC    GLOBAL DEFAULT   13 lua_tolstring
   202: 0805c0f0   199 FUNC    GLOBAL DEFAULT   13 luaL_checkoption
   203: 0804d520    68 FUNC    GLOBAL DEFAULT   13 lua_pushunsigned
   204: 0804e770   123 FUNC    GLOBAL DEFAULT   13 lua_upvalueid
   205: 08077184     0 NOTYPE  GLOBAL DEFAULT  ABS _edata
   206: 0806a440     4 OBJECT  GLOBAL DEFAULT   15 _fp_hw
   207: 0804c5f0    41 FUNC    GLOBAL DEFAULT   13 _ZN9luabinder4pushImEEvP9
   208: 0804d500    18 FUNC    GLOBAL DEFAULT   13 lua_pushinteger
   209: 0804ddf0   159 FUNC    GLOBAL DEFAULT   13 lua_rawsetp
   210: 0804e490    15 FUNC    GLOBAL DEFAULT   13 lua_error
   211: 0804dcd0   154 FUNC    GLOBAL DEFAULT   13 lua_rawset
   212: 0805b830   171 FUNC    GLOBAL DEFAULT   13 luaL_where
   213: 0805e630   162 FUNC    GLOBAL DEFAULT   13 luaopen_base
   214: 0805c400   188 FUNC    GLOBAL DEFAULT   13 luaL_prepbuffsize
   215: 0804c0f0    68 FUNC    GLOBAL DEFAULT   13 _ZN9luabinder4readIsEET_P
   216: 0804e6c0   173 FUNC    GLOBAL DEFAULT   13 lua_setupvalue
   217: 0804be00     2 FUNC    GLOBAL DEFAULT   13 _ZN11LuaInstanceC2Ev
   218: 080569a0   210 FUNC    GLOBAL DEFAULT   13 lua_newthread
   219: 0804c330   103 FUNC    GLOBAL DEFAULT   13 _ZN9luabinder4readIbEET_P
   220: 0804c020    35 FUNC    GLOBAL DEFAULT   13 _ZN9luabinder4readIPKcEET
   221: 0804c690     5 FUNC    GLOBAL DEFAULT   13 _ZN9luabinder4pushIdEEvP9
   222: 0804d200    52 FUNC    GLOBAL DEFAULT   13 lua_toboolean
   223: 0805b940   396 FUNC    GLOBAL DEFAULT   13 luaL_argerror
   224: 0805f900    66 FUNC    GLOBAL DEFAULT   13 luaopen_debug
   225: 0804cbf0    64 FUNC    GLOBAL DEFAULT   13 lua_remove
   226: 0804c280    67 FUNC    GLOBAL DEFAULT   13 _ZN9luabinder4readIjEET_P
   227: 0804d4c0    62 FUNC    GLOBAL DEFAULT   13 lua_pushnumber
   228: 08056710   648 FUNC    GLOBAL DEFAULT   13 lua_newstate
   229: 0804e1d0   223 FUNC    GLOBAL DEFAULT   13 lua_load
   230: 0804c5d0    27 FUNC    GLOBAL DEFAULT   13 _ZN9luabinder4pushIlEEvP9
   231: 0804be80   224 FUNC    GLOBAL DEFAULT   13 _ZN11LuaInstance18load_lu
   232: 0804bff0    35 FUNC    GLOBAL DEFAULT   13 _ZN9luabinder4readIPcEET_
   233: 080771c0     4 OBJECT  GLOBAL DEFAULT   26 stdout@GLIBC_2.0 (3)
   234: 0805c650    47 FUNC    GLOBAL DEFAULT   13 luaL_buffinitsize
   235: 0805bd00   144 FUNC    GLOBAL DEFAULT   13 luaL_newmetatable
   236: 0805c000    88 FUNC    GLOBAL DEFAULT   13 luaL_checklstring
   237: 08066a50    66 FUNC    GLOBAL DEFAULT   13 luaopen_bit32
   238: 0805c280    85 FUNC    GLOBAL DEFAULT   13 luaL_checkinteger
   239: 0804d0c0    94 FUNC    GLOBAL DEFAULT   13 lua_tonumberx
   240: 0804e310   376 FUNC    GLOBAL DEFAULT   13 lua_gc
   241: 0804bd40     0 FUNC    GLOBAL DEFAULT   13 _start
   242: 0804d690    55 FUNC    GLOBAL DEFAULT   13 lua_pushfstring
   243: 0806a3e0     2 FUNC    GLOBAL DEFAULT   13 __libc_csu_fini
   244: 0804d7b0    36 FUNC    GLOBAL DEFAULT   13 lua_pushthread
   245: 0804e7f0   148 FUNC    GLOBAL DEFAULT   13 lua_upvaluejoin
   246: 0804d190   106 FUNC    GLOBAL DEFAULT   13 lua_tounsignedx
   247: 0804ed40     9 FUNC    GLOBAL DEFAULT   13 lua_gethookmask
   248: 0805cf40   244 FUNC    GLOBAL DEFAULT   13 luaL_requiref
   249: 0804cb10    24 FUNC    GLOBAL DEFAULT   13 lua_atpanic
   250: 0804c3b0   132 FUNC    GLOBAL DEFAULT   13 _ZN9luabinder4readIxEET_P
   251: 0805d380   166 FUNC    GLOBAL DEFAULT   13 luaL_openlib
   252: 0805c5a0   137 FUNC    GLOBAL DEFAULT   13 luaL_addvalue
   253: 0804d350    51 FUNC    GLOBAL DEFAULT   13 lua_tocfunction
   254: 0805c060   130 FUNC    GLOBAL DEFAULT   13 luaL_optlstring
   255: 0804cd30    57 FUNC    GLOBAL DEFAULT   13 lua_type
   256: 080503a0   300 FUNC    GLOBAL DEFAULT   13 lua_resume
   257: 0806a444     4 OBJECT  GLOBAL DEFAULT   15 _IO_stdin_used
   258: 0804c620    27 FUNC    GLOBAL DEFAULT   13 _ZN9luabinder4pushIiEEvP9
   259: 0804ce60   139 FUNC    GLOBAL DEFAULT   13 lua_rawequal
   260: 0805c340    90 FUNC    GLOBAL DEFAULT   13 luaL_optinteger
   261: 0804d2e0   106 FUNC    GLOBAL DEFAULT   13 lua_rawlen
   262: 0806a0f0   635 FUNC    GLOBAL DEFAULT   13 luaopen_package
   263: 0804d3e0    29 FUNC    GLOBAL DEFAULT   13 lua_tothread
   264: 0806a370    97 FUNC    GLOBAL DEFAULT   13 __libc_csu_init
   265: 0805c540    74 FUNC    GLOBAL DEFAULT   13 luaL_pushresult
   266: 0804c6d0    27 FUNC    GLOBAL DEFAULT   13 _ZN9luabinder3popIvEET_P9
   267: 080771a0     4 OBJECT  GLOBAL DEFAULT   26 stderr@GLIBC_2.0 (3)
   268: 08077184     0 NOTYPE  GLOBAL DEFAULT  ABS __bss_start
   269: 0804ecd0    94 FUNC    GLOBAL DEFAULT   13 lua_sethook
   270: 0805d290   227 FUNC    GLOBAL DEFAULT   13 luaL_setfuncs
   271: 08063500   106 FUNC    GLOBAL DEFAULT   13 luaopen_table
   272: 0805d040   262 FUNC    GLOBAL DEFAULT   13 luaL_gsub
   273: 0804cfa0   276 FUNC    GLOBAL DEFAULT   13 lua_compare
   274: 0804e040   146 FUNC    GLOBAL DEFAULT   13 lua_callk
   275: 0804c2d0    43 FUNC    GLOBAL DEFAULT   13 _ZN9luabinder4readIfEET_P
   276: 080771cc     0 NOTYPE  GLOBAL DEFAULT  ABS _end
   277: 0804bb40   509 FUNC    GLOBAL DEFAULT   13 main
   278: 0804e0e0   239 FUNC    GLOBAL DEFAULT   13 lua_pcallk
   279: 0804e590    47 FUNC    GLOBAL DEFAULT   13 lua_len
   280: 0804dc10    57 FUNC    GLOBAL DEFAULT   13 lua_settable
   281: 0804d6d0   151 FUNC    GLOBAL DEFAULT   13 lua_pushcclosure
   282: 0804cba0    68 FUNC    GLOBAL DEFAULT   13 lua_settop
   283: 0804cdb0    77 FUNC    GLOBAL DEFAULT   13 lua_isnumber
   284: 0805c510    41 FUNC    GLOBAL DEFAULT   13 luaL_addstring
   285: 0805b8e0    91 FUNC    GLOBAL DEFAULT   13 luaL_error
   286: 0805c1c0    81 FUNC    GLOBAL DEFAULT   13 luaL_checknumber
   287: 0805c770   152 FUNC    GLOBAL DEFAULT   13 luaL_unref
   288: 0804c670    27 FUNC    GLOBAL DEFAULT   13 _ZN9luabinder4pushIfEEvP9
   289: 0804cef0   161 FUNC    GLOBAL DEFAULT   13 lua_arith
   290: 0804ce30    42 FUNC    GLOBAL DEFAULT   13 lua_isuserdata
   291: 0804be10    15 FUNC    GLOBAL DEFAULT   13 _ZN11LuaInstanceD2Ev
   292: 0804c190    67 FUNC    GLOBAL DEFAULT   13 _ZN9luabinder4readIlEET_P
   293: 0804cb30    24 FUNC    GLOBAL DEFAULT   13 lua_version
   294: 08063570   122 FUNC    GLOBAL DEFAULT   13 luaL_openlibs
   295: 0804e010    34 FUNC    GLOBAL DEFAULT   13 lua_getctx
   296: 0804d120   106 FUNC    GLOBAL DEFAULT   13 lua_tointegerx
   297: 0806a41c     0 FUNC    GLOBAL DEFAULT   14 _fini
   298: 080504d0   148 FUNC    GLOBAL DEFAULT   13 lua_yieldk
   299: 0804ed30     8 FUNC    GLOBAL DEFAULT   13 lua_gethook
   300: 0804dad0   111 FUNC    GLOBAL DEFAULT   13 lua_getmetatable
   301: 0804c6a0     5 FUNC    GLOBAL DEFAULT   13 _ZN9luabinder4pushIPcEEvP

Symbol table '.symtab' contains 906 entries:
   Num:    Value  Size Type    Bind   Vis      Ndx Name
     0: 00000000     0 NOTYPE  LOCAL  DEFAULT  UND 
     1: 08048154     0 SECTION LOCAL  DEFAULT    1 
     2: 08048168     0 SECTION LOCAL  DEFAULT    2 
     3: 08048188     0 SECTION LOCAL  DEFAULT    3 
     4: 080481ac     0 SECTION LOCAL  DEFAULT    4 
     5: 08048908     0 SECTION LOCAL  DEFAULT    5 
     6: 08049be8     0 SECTION LOCAL  DEFAULT    6 
     7: 0804ad6e     0 SECTION LOCAL  DEFAULT    7 
     8: 0804afcc     0 SECTION LOCAL  DEFAULT    8 
     9: 0804b0ec     0 SECTION LOCAL  DEFAULT    9 
    10: 0804b10c     0 SECTION LOCAL  DEFAULT   10 
    11: 0804b404     0 SECTION LOCAL  DEFAULT   11 
    12: 0804b440     0 SECTION LOCAL  DEFAULT   12 
    13: 0804ba40     0 SECTION LOCAL  DEFAULT   13 
    14: 0806a41c     0 SECTION LOCAL  DEFAULT   14 
    15: 0806a440     0 SECTION LOCAL  DEFAULT   15 
    16: 0806daac     0 SECTION LOCAL  DEFAULT   16 
    17: 0806ef90     0 SECTION LOCAL  DEFAULT   17 
    18: 08075f68     0 SECTION LOCAL  DEFAULT   18 
    19: 08076ef4     0 SECTION LOCAL  DEFAULT   19 
    20: 08076efc     0 SECTION LOCAL  DEFAULT   20 
    21: 08076f04     0 SECTION LOCAL  DEFAULT   21 
    22: 08076f08     0 SECTION LOCAL  DEFAULT   22 
    23: 08076ff0     0 SECTION LOCAL  DEFAULT   23 
    24: 08076ff4     0 SECTION LOCAL  DEFAULT   24 
    25: 0807717c     0 SECTION LOCAL  DEFAULT   25 
    26: 080771a0     0 SECTION LOCAL  DEFAULT   26 
    27: 00000000     0 SECTION LOCAL  DEFAULT   27 
    28: 00000000     0 SECTION LOCAL  DEFAULT   28 
    29: 00000000     0 SECTION LOCAL  DEFAULT   29 
    30: 00000000     0 SECTION LOCAL  DEFAULT   30 
    31: 00000000     0 SECTION LOCAL  DEFAULT   31 
    32: 00000000     0 SECTION LOCAL  DEFAULT   32 
    33: 00000000     0 SECTION LOCAL  DEFAULT   33 
    34: 00000000     0 SECTION LOCAL  DEFAULT   34 
    35: 00000000     0 FILE    LOCAL  DEFAULT  ABS crtstuff.c
    36: 08076ef4     0 OBJECT  LOCAL  DEFAULT   19 __CTOR_LIST__
    37: 08076efc     0 OBJECT  LOCAL  DEFAULT   20 __DTOR_LIST__
    38: 08076f04     0 OBJECT  LOCAL  DEFAULT   21 __JCR_LIST__
    39: 0804bd70     0 FUNC    LOCAL  DEFAULT   13 __do_global_dtors_aux
    40: 080771c4     1 OBJECT  LOCAL  DEFAULT   26 completed.6159
    41: 080771c8     4 OBJECT  LOCAL  DEFAULT   26 dtor_idx.6161
    42: 0804bdd0     0 FUNC    LOCAL  DEFAULT   13 frame_dummy
    43: 00000000     0 FILE    LOCAL  DEFAULT  ABS crtstuff.c
    44: 08076ef8     0 OBJECT  LOCAL  DEFAULT   19 __CTOR_END__
    45: 08075f64     0 OBJECT  LOCAL  DEFAULT   17 __FRAME_END__
    46: 08076f04     0 OBJECT  LOCAL  DEFAULT   21 __JCR_END__
    47: 0806a3f0     0 FUNC    LOCAL  DEFAULT   13 __do_global_ctors_aux
    48: 00000000     0 FILE    LOCAL  DEFAULT  ABS ldo.c
    49: 0804f6b0   122 FUNC    LOCAL  DEFAULT   13 seterrorobj
    50: 0804f7b0   100 FUNC    LOCAL  DEFAULT   13 checkmode
    51: 0804f820   261 FUNC    LOCAL  DEFAULT   13 f_parser
    52: 0804ba40    63 FUNC    LOCAL  DEFAULT   13 resume_error
    53: 0804fdc0   168 FUNC    LOCAL  DEFAULT   13 unroll
    54: 08050200   242 FUNC    LOCAL  DEFAULT   13 resume
    55: 00000000     0 FILE    LOCAL  DEFAULT  ABS lparser.c
    56: 080532a0   214 FUNC    LOCAL  DEFAULT   13 open_func
    57: 08053380    53 FUNC    LOCAL  DEFAULT   13 error_expected
    58: 080533c0    25 FUNC    LOCAL  DEFAULT   13 checknext
    59: 080533e0    41 FUNC    LOCAL  DEFAULT   13 str_checkname
    60: 08053410    70 FUNC    LOCAL  DEFAULT   13 checkname
    61: 08053460    95 FUNC    LOCAL  DEFAULT   13 fieldsel
    62: 080534c0    73 FUNC    LOCAL  DEFAULT   13 adjustlocalvars.isra.0
    63: 08053510   147 FUNC    LOCAL  DEFAULT   13 newlabelentry.isra.3
    64: 0804ba7f   107 FUNC    LOCAL  DEFAULT   13 checklimit.part.7
    65: 080535b0   418 FUNC    LOCAL  DEFAULT   13 new_localvar
    66: 08053760    35 FUNC    LOCAL  DEFAULT   13 new_localvarliteral_
    67: 08053790   267 FUNC    LOCAL  DEFAULT   13 newupvalue.isra.8
    68: 080538a0   315 FUNC    LOCAL  DEFAULT   13 singlevaraux
    69: 080539e0   157 FUNC    LOCAL  DEFAULT   13 singlevar
    70: 08053a80    44 FUNC    LOCAL  DEFAULT   13 enterlevel.isra.9
    71: 08053ab0   237 FUNC    LOCAL  DEFAULT   13 closegoto.isra.16
    72: 08053ba0   101 FUNC    LOCAL  DEFAULT   13 findgotos
    73: 08053c10   218 FUNC    LOCAL  DEFAULT   13 findlabel
    74: 08053cf0   538 FUNC    LOCAL  DEFAULT   13 leaveblock
    75: 08053f10   483 FUNC    LOCAL  DEFAULT   13 close_func
    76: 08054100   146 FUNC    LOCAL  DEFAULT   13 gotostat
    77: 080541a0   144 FUNC    LOCAL  DEFAULT   13 check_match
    78: 08054230   190 FUNC    LOCAL  DEFAULT   13 adjust_assign.isra.18
    79: 080542f0   227 FUNC    LOCAL  DEFAULT   13 recfield.isra.19
    80: 08055ad0    70 FUNC    LOCAL  DEFAULT   13 yindex
    81: 08055ac0     7 FUNC    LOCAL  DEFAULT   13 expr
    82: 080543e0   667 FUNC    LOCAL  DEFAULT   13 constructor
    83: 08055b20    71 FUNC    LOCAL  DEFAULT   13 listfield
    84: 08054680   389 FUNC    LOCAL  DEFAULT   13 funcargs
    85: 08055b70    99 FUNC    LOCAL  DEFAULT   13 explist
    86: 08054810   348 FUNC    LOCAL  DEFAULT   13 suffixedexp
    87: 08054970  2644 FUNC    LOCAL  DEFAULT   13 statement
    88: 08055430   617 FUNC    LOCAL  DEFAULT   13 body
    89: 080553d0    84 FUNC    LOCAL  DEFAULT   13 statlist
    90: 08055e20    70 FUNC    LOCAL  DEFAULT   13 cond
    91: 0806b3c0   108 OBJECT  LOCAL  DEFAULT   15 CSWTCH.58
    92: 08055eb0    78 FUNC    LOCAL  DEFAULT   13 block
    93: 08056090   402 FUNC    LOCAL  DEFAULT   13 test_then_block
    94: 08055f00   386 FUNC    LOCAL  DEFAULT   13 forbody
    95: 08055e70    55 FUNC    LOCAL  DEFAULT   13 exp1
    96: 08055be0   561 FUNC    LOCAL  DEFAULT   13 assignment
    97: 080556a0  1043 FUNC    LOCAL  DEFAULT   13 subexpr
    98: 0806b38c    30 OBJECT  LOCAL  DEFAULT   15 priority
    99: 0806b320   108 OBJECT  LOCAL  DEFAULT   15 CSWTCH.56
   100: 00000000     0 FILE    LOCAL  DEFAULT  ABS llex.c
   101: 0806d140   132 OBJECT  LOCAL  DEFAULT   15 luaX_tokens
   102: 08065390   203 FUNC    LOCAL  DEFAULT   13 lexerror
   103: 08065460   128 FUNC    LOCAL  DEFAULT   13 save
   104: 080654e0   154 FUNC    LOCAL  DEFAULT   13 skip_sep
   105: 08065580   114 FUNC    LOCAL  DEFAULT   13 check_next
   106: 0804baea    75 FUNC    LOCAL  DEFAULT   13 escerror
   107: 08065620   156 FUNC    LOCAL  DEFAULT   13 inclinenumber
   108: 08065780   406 FUNC    LOCAL  DEFAULT   13 read_long_string
   109: 08065920  2768 FUNC    LOCAL  DEFAULT   13 llex
   110: 00000000     0 FILE    LOCAL  DEFAULT  ABS main.cpp
   111: 00000000     0 FILE    LOCAL  DEFAULT  ABS luainstance.cpp
   112: 00000000     0 FILE    LOCAL  DEFAULT  ABS luabinder.cpp
   113: 00000000     0 FILE    LOCAL  DEFAULT  ABS luafuncsrc.cpp
   114: 0804c6f0    80 FUNC    LOCAL  DEFAULT   13 _ZL16test_sub_two_intP9lu
   115: 0804c740   118 FUNC    LOCAL  DEFAULT   13 _ZL16test_add_two_intP9lu
   116: 00000000     0 FILE    LOCAL  DEFAULT  ABS lapi.c
   117: 0804c820   112 FUNC    LOCAL  DEFAULT   13 index2addr
   118: 0804c890    44 FUNC    LOCAL  DEFAULT   13 f_call
   119: 0804c8c0    15 FUNC    LOCAL  DEFAULT   13 growstack
   120: 0804c8d0   168 FUNC    LOCAL  DEFAULT   13 aux_upvalue
   121: 0804c980   119 FUNC    LOCAL  DEFAULT   13 moveto
   122: 0806a728     8 OBJECT  LOCAL  DEFAULT   15 version.2689
   123: 00000000     0 FILE    LOCAL  DEFAULT  ABS ldebug.c
   124: 0804e890   740 FUNC    LOCAL  DEFAULT   13 getobjname
   125: 0804eb80    84 FUNC    LOCAL  DEFAULT   13 kname
   126: 0804ebe0   236 FUNC    LOCAL  DEFAULT   13 findlocal.isra.6
   127: 00000000     0 FILE    LOCAL  DEFAULT  ABS ldump.c
   128: 08050760    44 FUNC    LOCAL  DEFAULT   13 DumpBlock
   129: 08050790    27 FUNC    LOCAL  DEFAULT   13 DumpChar
   130: 080507b0    27 FUNC    LOCAL  DEFAULT   13 DumpInt
   131: 080507d0   108 FUNC    LOCAL  DEFAULT   13 DumpString
   132: 08050840   651 FUNC    LOCAL  DEFAULT   13 DumpFunction
   133: 00000000     0 FILE    LOCAL  DEFAULT  ABS lfunc.c
   134: 00000000     0 FILE    LOCAL  DEFAULT  ABS lgc.c
   135: 08050fc0   332 FUNC    LOCAL  DEFAULT   13 reallymarkobject
   136: 08051110    57 FUNC    LOCAL  DEFAULT   13 markmt
   137: 08051150    56 FUNC    LOCAL  DEFAULT   13 markbeingfnz
   138: 08051190   589 FUNC    LOCAL  DEFAULT   13 sweeplist
   139: 080513e0    52 FUNC    LOCAL  DEFAULT   13 sweeptolive
   140: 08051420    71 FUNC    LOCAL  DEFAULT   13 entersweep
   141: 08051470   102 FUNC    LOCAL  DEFAULT   13 setpause
   142: 080514e0   364 FUNC    LOCAL  DEFAULT   13 GCTM
   143: 08051680    45 FUNC    LOCAL  DEFAULT   13 dothecall
   144: 08051650    48 FUNC    LOCAL  DEFAULT   13 callallpendingfinalizers
   145: 080516b0    41 FUNC    LOCAL  DEFAULT   13 removeentry
   146: 080516e0   107 FUNC    LOCAL  DEFAULT   13 iscleared
   147: 08051750   389 FUNC    LOCAL  DEFAULT   13 traverseephemeron
   148: 080518e0  1474 FUNC    LOCAL  DEFAULT   13 propagatemark
   149: 08051eb0    35 FUNC    LOCAL  DEFAULT   13 propagateall
   150: 08051ee0    76 FUNC    LOCAL  DEFAULT   13 convergeephemerons
   151: 08051f30   191 FUNC    LOCAL  DEFAULT   13 clearvalues
   152: 08051ff0    84 FUNC    LOCAL  DEFAULT   13 separatetobefnz.isra.2
   153: 08052050   111 FUNC    LOCAL  DEFAULT   13 clearkeys.constprop.3
   154: 080520c0  1012 FUNC    LOCAL  DEFAULT   13 singlestep
   155: 00000000     0 FILE    LOCAL  DEFAULT  ABS lmem.c
   156: 00000000     0 FILE    LOCAL  DEFAULT  ABS lobject.c
   157: 08052c70    68 FUNC    LOCAL  DEFAULT   13 pushstr
   158: 0806ada0   256 OBJECT  LOCAL  DEFAULT   15 log_2.4949
   159: 00000000     0 FILE    LOCAL  DEFAULT  ABS lopcodes.c
   160: 00000000     0 FILE    LOCAL  DEFAULT  ABS lstate.c
   161: 080563c0   141 FUNC    LOCAL  DEFAULT   13 stack_init
   162: 08056450   275 FUNC    LOCAL  DEFAULT   13 f_luaopen
   163: 08056620    65 FUNC    LOCAL  DEFAULT   13 freestack
   164: 08056670   150 FUNC    LOCAL  DEFAULT   13 close_state
   165: 00000000     0 FILE    LOCAL  DEFAULT  ABS lstring.c
   166: 08056af0   116 FUNC    LOCAL  DEFAULT   13 createstrobj
   167: 00000000     0 FILE    LOCAL  DEFAULT  ABS ltable.c
   168: 08057000   335 FUNC    LOCAL  DEFAULT   13 mainposition
   169: 08057150   107 FUNC    LOCAL  DEFAULT   13 countint
   170: 080571c0   225 FUNC    LOCAL  DEFAULT   13 setnodevector
   171: 0806b49c    20 OBJECT  LOCAL  DEFAULT   15 dummynode_
   172: 00000000     0 FILE    LOCAL  DEFAULT  ABS ltm.c
   173: 0806b5e0    68 OBJECT  LOCAL  DEFAULT   15 luaT_eventname.2505
   174: 0806b624     9 OBJECT  LOCAL  DEFAULT   15 udatatypename
   175: 00000000     0 FILE    LOCAL  DEFAULT  ABS lundump.c
   176: 08058080    50 FUNC    LOCAL  DEFAULT   13 error.isra.0
   177: 080580c0    49 FUNC    LOCAL  DEFAULT   13 LoadBlock
   178: 08058100    26 FUNC    LOCAL  DEFAULT   13 LoadChar
   179: 08058120    98 FUNC    LOCAL  DEFAULT   13 LoadString
   180: 08058190    48 FUNC    LOCAL  DEFAULT   13 LoadInt
   181: 080581c0  1094 FUNC    LOCAL  DEFAULT   13 LoadFunction
   182: 00000000     0 FILE    LOCAL  DEFAULT  ABS lvm.c
   183: 08058830   235 FUNC    LOCAL  DEFAULT   13 callTM
   184: 08058920   141 FUNC    LOCAL  DEFAULT   13 call_binTM
   185: 080589b0    88 FUNC    LOCAL  DEFAULT   13 call_orderTM
   186: 08058a10   109 FUNC    LOCAL  DEFAULT   13 l_strcmp
   187: 080591b0   232 FUNC    LOCAL  DEFAULT   13 get_equalTM.isra.2.constp
   188: 00000000     0 FILE    LOCAL  DEFAULT  ABS lzio.c
   189: 00000000     0 FILE    LOCAL  DEFAULT  ABS lauxlib.c
   190: 0805af20    30 FUNC    LOCAL  DEFAULT   13 getS
   191: 0805af40    83 FUNC    LOCAL  DEFAULT   13 panic
   192: 0805afa0    46 FUNC    LOCAL  DEFAULT   13 l_alloc
   193: 0805afd0   333 FUNC    LOCAL  DEFAULT   13 luaL_findtable
   194: 0805b120   130 FUNC    LOCAL  DEFAULT   13 errfile
   195: 0805b1b0   113 FUNC    LOCAL  DEFAULT   13 getF
   196: 0805b230   313 FUNC    LOCAL  DEFAULT   13 findfield
   197: 0805b370   185 FUNC    LOCAL  DEFAULT   13 pushglobalfuncname
   198: 0805b430   169 FUNC    LOCAL  DEFAULT   13 skipcomment
   199: 0805bad0   101 FUNC    LOCAL  DEFAULT   13 typeerror
   200: 0805bb40    49 FUNC    LOCAL  DEFAULT   13 tag_error
   201: 00000000     0 FILE    LOCAL  DEFAULT  ABS lbaselib.c
   202: 0805d430    22 FUNC    LOCAL  DEFAULT   13 dofilecont
   203: 0805d450    74 FUNC    LOCAL  DEFAULT   13 luaB_type
   204: 0805d4a0    58 FUNC    LOCAL  DEFAULT   13 luaB_tostring
   205: 0805d4e0   491 FUNC    LOCAL  DEFAULT   13 luaB_tonumber
   206: 0805d6d0   186 FUNC    LOCAL  DEFAULT   13 luaB_select
   207: 0805d790   116 FUNC    LOCAL  DEFAULT   13 ipairsaux
   208: 0805d810   106 FUNC    LOCAL  DEFAULT   13 luaB_rawset
   209: 0805d880    90 FUNC    LOCAL  DEFAULT   13 luaB_rawget
   210: 0805d8e0    94 FUNC    LOCAL  DEFAULT   13 luaB_rawlen
   211: 0805d940    86 FUNC    LOCAL  DEFAULT   13 luaB_rawequal
   212: 0805d9a0   340 FUNC    LOCAL  DEFAULT   13 luaB_print
   213: 0805db00   100 FUNC    LOCAL  DEFAULT   13 luaB_next
   214: 0805db70   230 FUNC    LOCAL  DEFAULT   13 generic_reader
   215: 0805dc60   133 FUNC    LOCAL  DEFAULT   13 luaB_error
   216: 0805dcf0   289 FUNC    LOCAL  DEFAULT   13 luaB_collectgarbage
   217: 0806be40    48 OBJECT  LOCAL  DEFAULT   15 opts.3603
   218: 0806be80    44 OBJECT  LOCAL  DEFAULT   15 optsnum.3604
   219: 0805de20   130 FUNC    LOCAL  DEFAULT   13 finishpcall
   220: 0805deb0   181 FUNC    LOCAL  DEFAULT   13 luaB_xpcall
   221: 0805df70    43 FUNC    LOCAL  DEFAULT   13 pcallcont
   222: 0805dfa0   121 FUNC    LOCAL  DEFAULT   13 luaB_pcall
   223: 0805e020   182 FUNC    LOCAL  DEFAULT   13 luaB_setmetatable
   224: 0805e0e0   219 FUNC    LOCAL  DEFAULT   13 pairsmeta
   225: 0805e1c0    24 FUNC    LOCAL  DEFAULT   13 luaB_pairs
   226: 0805e1e0    27 FUNC    LOCAL  DEFAULT   13 luaB_ipairs
   227: 0805e200    74 FUNC    LOCAL  DEFAULT   13 load_aux.part.3
   228: 0805e250   359 FUNC    LOCAL  DEFAULT   13 luaB_load
   229: 0805e3c0   228 FUNC    LOCAL  DEFAULT   13 luaB_loadfile
   230: 0805e4b0    98 FUNC    LOCAL  DEFAULT   13 luaB_getmetatable
   231: 0805e520   158 FUNC    LOCAL  DEFAULT   13 luaB_dofile
   232: 0805e5c0   105 FUNC    LOCAL  DEFAULT   13 luaB_assert
   233: 0806bd80   192 OBJECT  LOCAL  DEFAULT   15 base_funcs
   234: 00000000     0 FILE    LOCAL  DEFAULT  ABS ldblib.c
   235: 0805e6e0    32 FUNC    LOCAL  DEFAULT   13 db_getregistry
   236: 0805e700   151 FUNC    LOCAL  DEFAULT   13 auxupvalue
   237: 0805e7a0    37 FUNC    LOCAL  DEFAULT   13 db_setupvalue
   238: 0805e7d0    14 FUNC    LOCAL  DEFAULT   13 db_getupvalue
   239: 0805e7e0   102 FUNC    LOCAL  DEFAULT   13 db_setmetatable
   240: 0805e850    59 FUNC    LOCAL  DEFAULT   13 settabss
   241: 0805e890    59 FUNC    LOCAL  DEFAULT   13 settabsi
   242: 0805e8d0   173 FUNC    LOCAL  DEFAULT   13 db_setuservalue
   243: 0805e980    62 FUNC    LOCAL  DEFAULT   13 db_getmetatable
   244: 0805e9c0   106 FUNC    LOCAL  DEFAULT   13 treatstackoption
   245: 0805ea30    74 FUNC    LOCAL  DEFAULT   13 db_getuservalue
   246: 0805ea80   367 FUNC    LOCAL  DEFAULT   13 db_debug
   247: 0805ebf0    82 FUNC    LOCAL  DEFAULT   13 getthread
   248: 0805ec50   180 FUNC    LOCAL  DEFAULT   13 db_traceback
   249: 0805ed10   250 FUNC    LOCAL  DEFAULT   13 db_setlocal
   250: 0805ee10   484 FUNC    LOCAL  DEFAULT   13 db_sethook
   251: 0805f640   186 FUNC    LOCAL  DEFAULT   13 hookf
   252: 0805f000   415 FUNC    LOCAL  DEFAULT   13 db_getlocal
   253: 0805f1a0   863 FUNC    LOCAL  DEFAULT   13 db_getinfo
   254: 0805f500   310 FUNC    LOCAL  DEFAULT   13 db_gethook
   255: 0806c128    20 OBJECT  LOCAL  DEFAULT   15 hooknames.3525
   256: 0805f700   210 FUNC    LOCAL  DEFAULT   13 checkupval
   257: 0805f7e0    67 FUNC    LOCAL  DEFAULT   13 db_upvalueid
   258: 0805f830   202 FUNC    LOCAL  DEFAULT   13 db_upvaluejoin
   259: 0806c0a0   136 OBJECT  LOCAL  DEFAULT   15 dblib
   260: 00000000     0 FILE    LOCAL  DEFAULT  ABS lmathlib.c
   261: 0805f950    52 FUNC    LOCAL  DEFAULT   13 math_rad
   262: 0805f990    80 FUNC    LOCAL  DEFAULT   13 math_floor
   263: 0805f9e0    52 FUNC    LOCAL  DEFAULT   13 math_deg
   264: 0805fa20    80 FUNC    LOCAL  DEFAULT   13 math_ceil
   265: 0805fa70    48 FUNC    LOCAL  DEFAULT   13 math_abs
   266: 0805faa0    54 FUNC    LOCAL  DEFAULT   13 math_tan
   267: 0805fae0    54 FUNC    LOCAL  DEFAULT   13 math_tanh
   268: 0805fb20    68 FUNC    LOCAL  DEFAULT   13 math_sqrt
   269: 0805fb70    54 FUNC    LOCAL  DEFAULT   13 math_sin
   270: 0805fbb0    54 FUNC    LOCAL  DEFAULT   13 math_sinh
   271: 0805fbf0    42 FUNC    LOCAL  DEFAULT   13 math_randomseed
   272: 0805fc20   105 FUNC    LOCAL  DEFAULT   13 math_min
   273: 0805fc90   107 FUNC    LOCAL  DEFAULT   13 math_max
   274: 0805fd00   481 FUNC    LOCAL  DEFAULT   13 math_random
   275: 0805fef0    82 FUNC    LOCAL  DEFAULT   13 math_pow
   276: 0805ff50    86 FUNC    LOCAL  DEFAULT   13 math_modf
   277: 0805ffb0   166 FUNC    LOCAL  DEFAULT   13 math_log
   278: 08060060    54 FUNC    LOCAL  DEFAULT   13 math_log10
   279: 080600a0    82 FUNC    LOCAL  DEFAULT   13 math_ldexp
   280: 08060100    78 FUNC    LOCAL  DEFAULT   13 math_frexp
   281: 08060150   107 FUNC    LOCAL  DEFAULT   13 math_fmod
   282: 080601c0    54 FUNC    LOCAL  DEFAULT   13 math_exp
   283: 08060200    54 FUNC    LOCAL  DEFAULT   13 math_cos
   284: 08060240    54 FUNC    LOCAL  DEFAULT   13 math_cosh
   285: 08060280    54 FUNC    LOCAL  DEFAULT   13 math_atan
   286: 080602c0    82 FUNC    LOCAL  DEFAULT   13 math_atan2
   287: 08060320    54 FUNC    LOCAL  DEFAULT   13 math_asin
   288: 08060360    54 FUNC    LOCAL  DEFAULT   13 math_acos
   289: 0806c200   232 OBJECT  LOCAL  DEFAULT   15 mathlib
   290: 00000000     0 FILE    LOCAL  DEFAULT  ABS lstrlib.c
   291: 08060440   176 FUNC    LOCAL  DEFAULT   13 str_upper
   292: 080604f0   167 FUNC    LOCAL  DEFAULT   13 str_reverse
   293: 080605a0   391 FUNC    LOCAL  DEFAULT   13 str_rep
   294: 08060730    58 FUNC    LOCAL  DEFAULT   13 str_len
   295: 08060770   176 FUNC    LOCAL  DEFAULT   13 str_lower
   296: 08060820   342 FUNC    LOCAL  DEFAULT   13 match_class
   297: 08060980   144 FUNC    LOCAL  DEFAULT   13 matchbracketclass
   298: 08060a10    37 FUNC    LOCAL  DEFAULT   13 writer
   299: 08060a40   122 FUNC    LOCAL  DEFAULT   13 gmatch
   300: 08062760   285 FUNC    LOCAL  DEFAULT   13 gmatch_aux
   301: 08060ac0   191 FUNC    LOCAL  DEFAULT   13 str_char
   302: 08060b80    98 FUNC    LOCAL  DEFAULT   13 addlenmod
   303: 08060bf0  2053 FUNC    LOCAL  DEFAULT   13 str_format
   304: 08061400    33 FUNC    LOCAL  DEFAULT   13 posrelat
   305: 08061430   219 FUNC    LOCAL  DEFAULT   13 str_sub
   306: 08061510   256 FUNC    LOCAL  DEFAULT   13 str_byte
   307: 08061610   175 FUNC    LOCAL  DEFAULT   13 classend.isra.1
   308: 080616c0   219 FUNC    LOCAL  DEFAULT   13 push_onecapture
   309: 080617a0   125 FUNC    LOCAL  DEFAULT   13 push_captures
   310: 08061820    79 FUNC    LOCAL  DEFAULT   13 singlematch.isra.3.part.4
   311: 08061870   175 FUNC    LOCAL  DEFAULT   13 str_dump
   312: 08061920  1394 FUNC    LOCAL  DEFAULT   13 match
   313: 08061ea0   781 FUNC    LOCAL  DEFAULT   13 str_find_aux
   314: 080621b0    11 FUNC    LOCAL  DEFAULT   13 str_match
   315: 080621c0    14 FUNC    LOCAL  DEFAULT   13 str_find
   316: 080621d0  1413 FUNC    LOCAL  DEFAULT   13 str_gsub
   317: 0806c5c0   120 OBJECT  LOCAL  DEFAULT   15 strlib
   318: 00000000     0 FILE    LOCAL  DEFAULT  ABS ltablib.c
   319: 08062960    67 FUNC    LOCAL  DEFAULT   13 set2
   320: 080629b0   278 FUNC    LOCAL  DEFAULT   13 tremove
   321: 08062ad0   269 FUNC    LOCAL  DEFAULT   13 unpack
   322: 08062be0   242 FUNC    LOCAL  DEFAULT   13 tinsert
   323: 08062ce0   183 FUNC    LOCAL  DEFAULT   13 pack
   324: 08062da0   178 FUNC    LOCAL  DEFAULT   13 maxn
   325: 08062e60   137 FUNC    LOCAL  DEFAULT   13 addfield
   326: 08062ef0   330 FUNC    LOCAL  DEFAULT   13 tconcat
   327: 08063040   230 FUNC    LOCAL  DEFAULT   13 sort_comp
   328: 08063130   803 FUNC    LOCAL  DEFAULT   13 auxsort
   329: 08063460   157 FUNC    LOCAL  DEFAULT   13 sort
   330: 0806c8c0    64 OBJECT  LOCAL  DEFAULT   15 tab_funcs
   331: 00000000     0 FILE    LOCAL  DEFAULT  ABS linit.c
   332: 0806c920    88 OBJECT  LOCAL  DEFAULT   15 loadedlibs
   333: 00000000     0 FILE    LOCAL  DEFAULT  ABS lcode.c
   334: 080635f0    87 FUNC    LOCAL  DEFAULT   13 need_value
   335: 08063650   133 FUNC    LOCAL  DEFAULT   13 patchtestreg
   336: 080636e0    67 FUNC    LOCAL  DEFAULT   13 removevalues
   337: 08063730   469 FUNC    LOCAL  DEFAULT   13 addk
   338: 08063910    28 FUNC    LOCAL  DEFAULT   13 freeexp.isra.4
   339: 08063930   102 FUNC    LOCAL  DEFAULT   13 fixjump.isra.7
   340: 080639a0   120 FUNC    LOCAL  DEFAULT   13 patchlistaux
   341: 08063a20   239 FUNC    LOCAL  DEFAULT   13 luaK_code
   342: 08064280   304 FUNC    LOCAL  DEFAULT   13 discharge2reg
   343: 080643b0   235 FUNC    LOCAL  DEFAULT   13 jumponcond
   344: 080644a0   371 FUNC    LOCAL  DEFAULT   13 exp2reg
   345: 08064840   195 FUNC    LOCAL  DEFAULT   13 codecomp
   346: 08064910   369 FUNC    LOCAL  DEFAULT   13 codearith
   347: 00000000     0 FILE    LOCAL  DEFAULT  ABS lctype.c
   348: 00000000     0 FILE    LOCAL  DEFAULT  ABS lbitlib.c
   349: 080664f0    54 FUNC    LOCAL  DEFAULT   13 b_shift
   350: 08066530    73 FUNC    LOCAL  DEFAULT   13 b_rshift
   351: 08066580    71 FUNC    LOCAL  DEFAULT   13 b_lshift
   352: 080665d0    94 FUNC    LOCAL  DEFAULT   13 b_rrot
   353: 08066630    92 FUNC    LOCAL  DEFAULT   13 b_lrot
   354: 08066690    48 FUNC    LOCAL  DEFAULT   13 b_not
   355: 080666c0   130 FUNC    LOCAL  DEFAULT   13 b_arshift
   356: 08066750   190 FUNC    LOCAL  DEFAULT   13 fieldargs
   357: 08066810   144 FUNC    LOCAL  DEFAULT   13 b_replace
   358: 080668a0    88 FUNC    LOCAL  DEFAULT   13 b_extract
   359: 08066900    71 FUNC    LOCAL  DEFAULT   13 andaux
   360: 08066950    45 FUNC    LOCAL  DEFAULT   13 b_test
   361: 08066980    37 FUNC    LOCAL  DEFAULT   13 b_and
   362: 080669b0    78 FUNC    LOCAL  DEFAULT   13 b_xor
   363: 08066a00    78 FUNC    LOCAL  DEFAULT   13 b_or
   364: 0806d260   104 OBJECT  LOCAL  DEFAULT   15 bitlib
   365: 00000000     0 FILE    LOCAL  DEFAULT  ABS lcorolib.c
   366: 08066aa0    49 FUNC    LOCAL  DEFAULT   13 luaB_yield
   367: 08066ae0   304 FUNC    LOCAL  DEFAULT   13 auxresume
   368: 08066c10   298 FUNC    LOCAL  DEFAULT   13 luaB_costatus
   369: 08066d40    38 FUNC    LOCAL  DEFAULT   13 luaB_corunning
   370: 08066d70   102 FUNC    LOCAL  DEFAULT   13 luaB_cocreate
   371: 08066de0    50 FUNC    LOCAL  DEFAULT   13 luaB_cowrap
   372: 08066e20   162 FUNC    LOCAL  DEFAULT   13 luaB_auxwrap
   373: 08066ed0   181 FUNC    LOCAL  DEFAULT   13 luaB_coresume
   374: 0806d340    56 OBJECT  LOCAL  DEFAULT   15 co_funcs
   375: 00000000     0 FILE    LOCAL  DEFAULT  ABS liolib.c
   376: 08066fe0   113 FUNC    LOCAL  DEFAULT   13 getiofile
   377: 08067060   292 FUNC    LOCAL  DEFAULT   13 g_write
   378: 08067190    38 FUNC    LOCAL  DEFAULT   13 io_write
   379: 080671c0    68 FUNC    LOCAL  DEFAULT   13 newprefile
   380: 08067210    94 FUNC    LOCAL  DEFAULT   13 tofile
   381: 08067270    50 FUNC    LOCAL  DEFAULT   13 aux_close
   382: 080672b0    74 FUNC    LOCAL  DEFAULT   13 io_close
   383: 08067300    59 FUNC    LOCAL  DEFAULT   13 f_gc
   384: 08067340    81 FUNC    LOCAL  DEFAULT   13 io_noclose
   385: 080673a0    75 FUNC    LOCAL  DEFAULT   13 io_fclose
   386: 080673f0   169 FUNC    LOCAL  DEFAULT   13 read_chars
   387: 080674a0   151 FUNC    LOCAL  DEFAULT   13 read_all
   388: 08067540   212 FUNC    LOCAL  DEFAULT   13 read_line
   389: 08067620   602 FUNC    LOCAL  DEFAULT   13 g_read
   390: 08067880    38 FUNC    LOCAL  DEFAULT   13 io_read
   391: 080678b0    33 FUNC    LOCAL  DEFAULT   13 f_read
   392: 080678e0    61 FUNC    LOCAL  DEFAULT   13 io_flush
   393: 08067920    56 FUNC    LOCAL  DEFAULT   13 f_flush
   394: 08067960   182 FUNC    LOCAL  DEFAULT   13 io_popen
   395: 08067a20    59 FUNC    LOCAL  DEFAULT   13 io_pclose
   396: 08067a60    65 FUNC    LOCAL  DEFAULT   13 f_write
   397: 08067ab0   115 FUNC    LOCAL  DEFAULT   13 createstdfile
   398: 08067b30   286 FUNC    LOCAL  DEFAULT   13 io_open
   399: 08067c50   205 FUNC    LOCAL  DEFAULT   13 aux_lines
   400: 08067d50   316 FUNC    LOCAL  DEFAULT   13 io_readline
   401: 08067d20    34 FUNC    LOCAL  DEFAULT   13 f_lines
   402: 08067e90   161 FUNC    LOCAL  DEFAULT   13 f_setvbuf
   403: 0806d590    16 OBJECT  LOCAL  DEFAULT   15 modenames.3638
   404: 0806d5a0    12 OBJECT  LOCAL  DEFAULT   15 mode.3637
   405: 08067f40   317 FUNC    LOCAL  DEFAULT   13 f_seek
   406: 0806d5ac    16 OBJECT  LOCAL  DEFAULT   15 modenames.3629
   407: 0806d5bc    12 OBJECT  LOCAL  DEFAULT   15 mode.3628
   408: 08068080   138 FUNC    LOCAL  DEFAULT   13 io_type
   409: 08068110   108 FUNC    LOCAL  DEFAULT   13 io_tmpfile
   410: 08068180   129 FUNC    LOCAL  DEFAULT   13 opencheck
   411: 08068210   169 FUNC    LOCAL  DEFAULT   13 g_iofile
   412: 080682c0    19 FUNC    LOCAL  DEFAULT   13 io_output
   413: 080682e0    19 FUNC    LOCAL  DEFAULT   13 io_input
   414: 08068300   205 FUNC    LOCAL  DEFAULT   13 io_lines
   415: 080683d0   106 FUNC    LOCAL  DEFAULT   13 f_tostring
   416: 0806d4e0    96 OBJECT  LOCAL  DEFAULT   15 iolib
   417: 0806d540    80 OBJECT  LOCAL  DEFAULT   15 flib
   418: 00000000     0 FILE    LOCAL  DEFAULT  ABS loslib.c
   419: 08068530   117 FUNC    LOCAL  DEFAULT   13 os_setlocale
   420: 0806d760    28 OBJECT  LOCAL  DEFAULT   15 catnames.4472
   421: 0806d77c    24 OBJECT  LOCAL  DEFAULT   15 cat.4471
   422: 080685b0   105 FUNC    LOCAL  DEFAULT   13 os_rename
   423: 08068620    85 FUNC    LOCAL  DEFAULT   13 os_remove
   424: 08068680    62 FUNC    LOCAL  DEFAULT   13 os_getenv
   425: 080686c0   140 FUNC    LOCAL  DEFAULT   13 os_exit
   426: 08068750   110 FUNC    LOCAL  DEFAULT   13 os_execute
   427: 080687c0   120 FUNC    LOCAL  DEFAULT   13 os_difftime
   428: 08068840    59 FUNC    LOCAL  DEFAULT   13 setfield
   429: 08068880   922 FUNC    LOCAL  DEFAULT   13 os_date
   430: 0806d794    24 OBJECT  LOCAL  DEFAULT   15 options.4432
   431: 08068c20    47 FUNC    LOCAL  DEFAULT   13 os_clock
   432: 08068c50   143 FUNC    LOCAL  DEFAULT   13 os_tmpname
   433: 08068ce0   152 FUNC    LOCAL  DEFAULT   13 getfield
   434: 08068d80   383 FUNC    LOCAL  DEFAULT   13 os_time
   435: 0806d700    96 OBJECT  LOCAL  DEFAULT   15 syslib
   436: 00000000     0 FILE    LOCAL  DEFAULT  ABS loadlib.c
   437: 08068f50   424 FUNC    LOCAL  DEFAULT   13 findloader
   438: 08069100   377 FUNC    LOCAL  DEFAULT   13 ll_require
   439: 08069280   650 FUNC    LOCAL  DEFAULT   13 ll_module
   440: 08069510   163 FUNC    LOCAL  DEFAULT   13 ll_seeall
   441: 080695c0   130 FUNC    LOCAL  DEFAULT   13 searcher_preload
   442: 08069650   427 FUNC    LOCAL  DEFAULT   13 searchpath
   443: 08069800   435 FUNC    LOCAL  DEFAULT   13 ll_loadfunc
   444: 080699c0   144 FUNC    LOCAL  DEFAULT   13 ll_loadlib
   445: 08069a50   205 FUNC    LOCAL  DEFAULT   13 loadfunc
   446: 08069b20   267 FUNC    LOCAL  DEFAULT   13 setpath
   447: 08069c30   105 FUNC    LOCAL  DEFAULT   13 gctm
   448: 08069ca0   146 FUNC    LOCAL  DEFAULT   13 checkload
   449: 08069d40   223 FUNC    LOCAL  DEFAULT   13 ll_searchpath
   450: 08069e20   150 FUNC    LOCAL  DEFAULT   13 findfile.constprop.2
   451: 08069ec0   107 FUNC    LOCAL  DEFAULT   13 searcher_Lua
   452: 08069f30   133 FUNC    LOCAL  DEFAULT   13 searcher_C
   453: 08069fc0   303 FUNC    LOCAL  DEFAULT   13 searcher_Croot
   454: 0806da60    32 OBJECT  LOCAL  DEFAULT   15 pk_funcs
   455: 0806da80    20 OBJECT  LOCAL  DEFAULT   15 searchers.3619
   456: 0806da94    24 OBJECT  LOCAL  DEFAULT   15 ll_funcs
   457: 08063ed0    60 FUNC    LOCAL  DEFAULT   13 luaK_checkstack
   458: 08057810   102 FUNC    LOCAL  DEFAULT   13 luaH_setint
   459: 08063cc0   233 FUNC    LOCAL  DEFAULT   13 luaK_nil
   460: 08059690   176 FUNC    LOCAL  DEFAULT   13 luaV_arith
   461: 08064dd0   531 FUNC    LOCAL  DEFAULT   13 luaK_prefix
   462: 08065060   393 FUNC    LOCAL  DEFAULT   13 luaK_posfix
   463: 08065600    19 FUNC    LOCAL  DEFAULT   13 luaX_syntaxerror
   464: 0805ae20   122 FUNC    LOCAL  DEFAULT   13 luaZ_read
   465: 0804f620    58 FUNC    LOCAL  DEFAULT   13 luaG_aritherror
   466: 08050f60    89 FUNC    LOCAL  DEFAULT   13 luaF_getlocalname
   467: 0804f660    71 FUNC    LOCAL  DEFAULT   13 luaG_concaterror
   468: 08052710   114 FUNC    LOCAL  DEFAULT   13 luaC_freeallobjects
   469: 08052cc0    51 FUNC    LOCAL  DEFAULT   13 luaO_int2fb
   470: 080572b0   563 FUNC    LOCAL  DEFAULT   13 luaH_next
   471: 08064170   272 FUNC    LOCAL  DEFAULT   13 luaK_dischargevars
   472: 08063db0    29 FUNC    LOCAL  DEFAULT   13 luaK_codeABx
   473: 08050570   172 FUNC    LOCAL  DEFAULT   13 luaD_pcall
   474: 08052d50   150 FUNC    LOCAL  DEFAULT   13 luaO_arith
   475: 08052520    58 FUNC    LOCAL  DEFAULT   13 luaC_barrierproto_
   476: 08050d20   143 FUNC    LOCAL  DEFAULT   13 luaF_close
   477: 08063e40   132 FUNC    LOCAL  DEFAULT   13 luaK_codek
   478: 0804f9c0   245 FUNC    LOCAL  DEFAULT   13 luaD_reallocstack
   479: 08064620    86 FUNC    LOCAL  DEFAULT   13 luaK_exp2nextreg
   480: 08050e60   248 FUNC    LOCAL  DEFAULT   13 luaF_freeproto
   481: 08056590    61 FUNC    LOCAL  DEFAULT   13 luaE_extendCI
   482: 08059080   298 FUNC    LOCAL  DEFAULT   13 luaV_equalobj_
   483: 08056a80    67 FUNC    LOCAL  DEFAULT   13 luaE_freethread
   484: 0804fce0   216 FUNC    LOCAL  DEFAULT   13 luaD_poscall
   485: 0804f730   119 FUNC    LOCAL  DEFAULT   13 luaD_throw
   486: 08063c20    45 FUNC    LOCAL  DEFAULT   13 luaK_patchlist
   487: 08058a80   111 FUNC    LOCAL  DEFAULT   13 luaV_tonumber
   488: 0804fbd0   266 FUNC    LOCAL  DEFAULT   13 luaD_hook
   489: 08057a70   812 FUNC    LOCAL  DEFAULT   13 luaH_newkey
   490: 08064110    94 FUNC    LOCAL  DEFAULT   13 luaK_setoneret
   491: 0804f300   127 FUNC    LOCAL  DEFAULT   13 luaG_errormsg
   492: 08057da0    96 FUNC    LOCAL  DEFAULT   13 luaH_set
   493: 08063b20   102 FUNC    LOCAL  DEFAULT   13 luaK_patchclose
   494: 08056be0    73 FUNC    LOCAL  DEFAULT   13 luaS_eqstr
   495: 08058cf0   464 FUNC    LOCAL  DEFAULT   13 luaV_settable
   496: 08057880   488 FUNC    LOCAL  DEFAULT   13 luaH_resize
   497: 08057e40   258 FUNC    LOCAL  DEFAULT   13 luaH_getn
   498: 08056f70    41 FUNC    LOCAL  DEFAULT   13 luaS_new
   499: 08076ff4     0 OBJECT  LOCAL  DEFAULT   24 _GLOBAL_OFFSET_TABLE_
   500: 08052840   245 FUNC    LOCAL  DEFAULT   13 luaC_fullgc
   501: 08057fe0   145 FUNC    LOCAL  DEFAULT   13 luaT_gettmbyobj
   502: 08052af0   177 FUNC    LOCAL  DEFAULT   13 luaM_realloc_
   503: 08050300   146 FUNC    LOCAL  DEFAULT   13 luaD_call
   504: 08057f50    71 FUNC    LOCAL  DEFAULT   13 luaT_init
   505: 080575e0   196 FUNC    LOCAL  DEFAULT   13 luaH_getint
   506: 08063f40    49 FUNC    LOCAL  DEFAULT   13 luaK_stringK
   507: 08050620   306 FUNC    LOCAL  DEFAULT   13 luaD_protectedparser
   508: 080656c0   177 FUNC    LOCAL  DEFAULT   13 luaX_newstring
   509: 080664d0    26 FUNC    LOCAL  DEFAULT   13 luaX_lookahead
   510: 08065210   182 FUNC    LOCAL  DEFAULT   13 luaK_setlist
   511: 08052df0    26 FUNC    LOCAL  DEFAULT   13 luaO_hexavalue
   512: 08056570    20 FUNC    LOCAL  DEFAULT   13 luaE_setdebt
   513: 08056dc0   418 FUNC    LOCAL  DEFAULT   13 luaS_newlstr
   514: 08056b70    98 FUNC    LOCAL  DEFAULT   13 luaS_eqlngstr
   515: 08064d90    61 FUNC    LOCAL  DEFAULT   13 luaK_indexed
   516: 08058650   475 FUNC    LOCAL  DEFAULT   13 luaU_undump
   517: 08064ff0   107 FUNC    LOCAL  DEFAULT   13 luaK_infix
   518: 08052560    90 FUNC    LOCAL  DEFAULT   13 luaC_checkupvalcolor
   519: 08050bf0    64 FUNC    LOCAL  DEFAULT   13 luaF_newupval
   520: 08050cd0    66 FUNC    LOCAL  DEFAULT   13 luaF_freeupval
   521: 08058ba0   332 FUNC    LOCAL  DEFAULT   13 luaV_gettable
   522: 0804fe70   905 FUNC    LOCAL  DEFAULT   13 luaD_precall
   523: 08052ad0    23 FUNC    LOCAL  DEFAULT   13 luaM_toobig
   524: 08052bb0   192 FUNC    LOCAL  DEFAULT   13 luaM_growaux_
   525: 08063f10    48 FUNC    LOCAL  DEFAULT   13 luaK_reserveregs
   526: 08065310   127 FUNC    LOCAL  DEFAULT   13 luaX_token2str
   527: 08057560   126 FUNC    LOCAL  DEFAULT   13 luaH_free
   528: 08052ee0   564 FUNC    LOCAL  DEFAULT   13 luaO_pushvfstring
   529: 08053150   327 FUNC    LOCAL  DEFAULT   13 luaO_chunkid
   530: 08057e00    58 FUNC    LOCAL  DEFAULT   13 luaH_resizearray
   531: 08050c30   156 FUNC    LOCAL  DEFAULT   13 luaF_findupval
   532: 080574f0   107 FUNC    LOCAL  DEFAULT   13 luaH_new
   533: 08058610    62 FUNC    LOCAL  DEFAULT   13 luaU_header
   534: 08063c50    38 FUNC    LOCAL  DEFAULT   13 luaK_codeABC
   535: 08057fa0    58 FUNC    LOCAL  DEFAULT   13 luaT_gettm
   536: 08052d00    27 FUNC    LOCAL  DEFAULT   13 luaO_fb2int
   537: 0804f380   182 FUNC    LOCAL  DEFAULT   13 luaG_runerror
   538: 08066480    74 FUNC    LOCAL  DEFAULT   13 luaX_next
   539: 0804fac0   131 FUNC    LOCAL  DEFAULT   13 luaD_growstack
   540: 08077180     0 OBJECT  LOCAL  DEFAULT   25 __dso_handle
   541: 0806cac0   257 OBJECT  LOCAL  DEFAULT   15 luai_ctype_
   542: 08064040   195 FUNC    LOCAL  DEFAULT   13 luaK_setreturns
   543: 08056fa0    86 FUNC    LOCAL  DEFAULT   13 luaS_newudata
   544: 0805aea0   118 FUNC    LOCAL  DEFAULT   13 luaZ_openspace
   545: 0806b5a0    48 OBJECT  LOCAL  DEFAULT   15 luaT_typenames_
   546: 08076f00     0 OBJECT  LOCAL  DEFAULT   20 __DTOR_END__
   547: 0804f440   147 FUNC    LOCAL  DEFAULT   13 luaG_ordererror
   548: 080525c0   112 FUNC    LOCAL  DEFAULT   13 luaC_newobj
   549: 08064a90   252 FUNC    LOCAL  DEFAULT   13 luaK_storevar
   550: 080663f0   144 FUNC    LOCAL  DEFAULT   13 luaX_setinput
   551: 080576b0    71 FUNC    LOCAL  DEFAULT   13 luaH_getstr
   552: 08050b90    93 FUNC    LOCAL  DEFAULT   13 luaF_newLclosure
   553: 08063f80   190 FUNC    LOCAL  DEFAULT   13 luaK_numberK
   554: 08064680    97 FUNC    LOCAL  DEFAULT   13 luaK_exp2anyreg
   555: 08052e10   204 FUNC    LOCAL  DEFAULT   13 luaO_str2d
   556: 08052aa0    48 FUNC    LOCAL  DEFAULT   13 luaC_step
   557: 080598c0  5332 FUNC    LOCAL  DEFAULT   13 luaV_execute
   558: 080527c0   121 FUNC    LOCAL  DEFAULT   13 luaC_changemode
   559: 08050ad0   128 FUNC    LOCAL  DEFAULT   13 luaU_dump
   560: 080646f0    42 FUNC    LOCAL  DEFAULT   13 luaK_exp2anyregup
   561: 08052940   346 FUNC    LOCAL  DEFAULT   13 luaC_forcestep
   562: 080652d0    56 FUNC    LOCAL  DEFAULT   13 luaX_init
   563: 08063c80    54 FUNC    LOCAL  DEFAULT   13 luaK_ret
   564: 08056230   385 FUNC    LOCAL  DEFAULT   13 luaY_parser
   565: 08058f90   227 FUNC    LOCAL  DEFAULT   13 luaV_lessequal
   566: 08052500    25 FUNC    LOCAL  DEFAULT   13 luaC_barrierback_
   567: 08063bf0    40 FUNC    LOCAL  DEFAULT   13 luaK_patchtohere
   568: 08052d20    48 FUNC    LOCAL  DEFAULT   13 luaO_ceillog2
   569: 0804f4e0   308 FUNC    LOCAL  DEFAULT   13 luaG_typeerror
   570: 0806ad7c     8 OBJECT  LOCAL  DEFAULT   15 luaO_nilobject_
   571: 08076ef3     0 NOTYPE  LOCAL  DEFAULT   19 __init_array_end
   572: 0806af20   164 OBJECT  LOCAL  DEFAULT   15 luaP_opnames
   573: 0805adf0    39 FUNC    LOCAL  DEFAULT   13 luaZ_init
   574: 080592a0   689 FUNC    LOCAL  DEFAULT   13 luaV_concat
   575: 0806aee0    40 OBJECT  LOCAL  DEFAULT   15 luaP_opmodes
   576: 08053120    35 FUNC    LOCAL  DEFAULT   13 luaO_pushfstring
   577: 0804fb50   113 FUNC    LOCAL  DEFAULT   13 luaD_shrinkstack
   578: 08058af0   169 FUNC    LOCAL  DEFAULT   13 luaV_tostring
   579: 08058ec0   195 FUNC    LOCAL  DEFAULT   13 luaV_lessthan
   580: 08059740   376 FUNC    LOCAL  DEFAULT   13 luaV_finishOp
   581: 08064750   232 FUNC    LOCAL  DEFAULT   13 luaK_exp2RK
   582: 08059560   293 FUNC    LOCAL  DEFAULT   13 luaV_objlen
   583: 08076ef3     0 NOTYPE  LOCAL  DEFAULT   19 __init_array_start
   584: 08052630   219 FUNC    LOCAL  DEFAULT   13 luaC_checkfinalizer
   585: 08063b90    86 FUNC    LOCAL  DEFAULT   13 luaK_concat
   586: 080565d0    75 FUNC    LOCAL  DEFAULT   13 luaE_freeCI
   587: 08064720    37 FUNC    LOCAL  DEFAULT   13 luaK_exp2val
   588: 0805ada0    80 FUNC    LOCAL  DEFAULT   13 luaZ_fill
   589: 080651f0    21 FUNC    LOCAL  DEFAULT   13 luaK_fixline
   590: 08063dd0    97 FUNC    LOCAL  DEFAULT   13 luaK_jump
   591: 08056c30    73 FUNC    LOCAL  DEFAULT   13 luaS_hash
   592: 08064d10   117 FUNC    LOCAL  DEFAULT   13 luaK_goiffalse
   593: 08064b90   161 FUNC    LOCAL  DEFAULT   13 luaK_self
   594: 08064c40   197 FUNC    LOCAL  DEFAULT   13 luaK_goiftrue
   595: 080524c0    53 FUNC    LOCAL  DEFAULT   13 luaC_barrier_
   596: 08057700   272 FUNC    LOCAL  DEFAULT   13 luaH_get
   597: 08063b10    11 FUNC    LOCAL  DEFAULT   13 luaK_getlabel
   598: 0806a3e2     0 FUNC    LOCAL  DEFAULT   13 __i686.get_pc_thunk.bx
   599: 08076f08     0 OBJECT  LOCAL  DEFAULT   22 _DYNAMIC
   600: 08052790    44 FUNC    LOCAL  DEFAULT   13 luaC_runtilstate
   601: 0804f930   135 FUNC    LOCAL  DEFAULT   13 luaD_rawrunprotected
   602: 08050db0   175 FUNC    LOCAL  DEFAULT   13 luaF_newproto
   603: 08056c80   320 FUNC    LOCAL  DEFAULT   13 luaS_resize
   604: 08050b50    63 FUNC    LOCAL  DEFAULT   13 luaF_newCclosure
   605: 0804c670    27 FUNC    GLOBAL DEFAULT   13 _ZN9luabinder4pushIfEEvP9
   606: 0807717c     0 NOTYPE  WEAK   DEFAULT   25 data_start
   607: 00000000     0 FUNC    GLOBAL DEFAULT  UND ldexp@@GLIBC_2.0
   608: 00000000     0 FUNC    GLOBAL DEFAULT  UND fmod@@GLIBC_2.0
   609: 00000000     0 FUNC    GLOBAL DEFAULT  UND abort@@GLIBC_2.0
   610: 00000000     0 FUNC    GLOBAL DEFAULT  UND __errno_location@@GLIBC_2
   611: 0804df90   127 FUNC    GLOBAL DEFAULT   13 lua_setuservalue
   612: 0804c640    41 FUNC    GLOBAL DEFAULT   13 _ZN9luabinder4pushIjEEvP9
   613: 00000000     0 FUNC    GLOBAL DEFAULT  UND tmpfile64@@GLIBC_2.1
   614: 0804dad0   111 FUNC    GLOBAL DEFAULT   13 lua_getmetatable
   615: 00000000     0 FUNC    GLOBAL DEFAULT  UND popen@@GLIBC_2.1
   616: 00000000     0 FUNC    GLOBAL DEFAULT  UND srand@@GLIBC_2.0
   617: 0804d120   106 FUNC    GLOBAL DEFAULT   13 lua_tointegerx
   618: 08063500   106 FUNC    GLOBAL DEFAULT   13 luaopen_table
   619: 0804d8b0   116 FUNC    GLOBAL DEFAULT   13 lua_getfield
   620: 0804c690     5 FUNC    GLOBAL DEFAULT   13 _ZN9luabinder4pushIdEEvP9
   621: 00000000     0 FUNC    GLOBAL DEFAULT  UND localtime_r@@GLIBC_2.0
   622: 0804d190   106 FUNC    GLOBAL DEFAULT   13 lua_tounsignedx
   623: 00000000     0 FUNC    GLOBAL DEFAULT  UND localeconv@@GLIBC_2.2
   624: 0804ce00    39 FUNC    GLOBAL DEFAULT   13 lua_isstring
   625: 00000000     0 FUNC    GLOBAL DEFAULT  UND strerror@@GLIBC_2.0
   626: 0804de90   247 FUNC    GLOBAL DEFAULT   13 lua_setmetatable
   627: 0804d5d0   106 FUNC    GLOBAL DEFAULT   13 lua_pushstring
   628: 0804cef0   161 FUNC    GLOBAL DEFAULT   13 lua_arith
   629: 00000000     0 FUNC    GLOBAL DEFAULT  UND strcoll@@GLIBC_2.0
   630: 0804d9d0    99 FUNC    GLOBAL DEFAULT   13 lua_rawgetp
   631: 0806a3e0     2 FUNC    GLOBAL DEFAULT   13 __libc_csu_fini
   632: 0804ed40     9 FUNC    GLOBAL DEFAULT   13 lua_gethookmask
   633: 00000000     0 FUNC    GLOBAL DEFAULT  UND memcmp@@GLIBC_2.0
   634: 0805cf40   244 FUNC    GLOBAL DEFAULT   13 luaL_requiref
   635: 08068440   234 FUNC    GLOBAL DEFAULT   13 luaopen_io
   636: 0804bf80   101 FUNC    GLOBAL DEFAULT   13 _ZNK11LuaInstance10lua_pe
   637: 0804cc30    69 FUNC    GLOBAL DEFAULT   13 lua_insert
   638: 0804bd40     0 FUNC    GLOBAL DEFAULT   13 _start
   639: 00000000     0 FUNC    GLOBAL DEFAULT  UND asin@@GLIBC_2.0
   640: 0804cb10    24 FUNC    GLOBAL DEFAULT   13 lua_atpanic
   641: 00000000     0 FUNC    GLOBAL DEFAULT  UND __longjmp_chk@@GLIBC_2.11
   642: 0804d690    55 FUNC    GLOBAL DEFAULT   13 lua_pushfstring
   643: 0805c5a0   137 FUNC    GLOBAL DEFAULT   13 luaL_addvalue
   644: 0804e6c0   173 FUNC    GLOBAL DEFAULT   13 lua_setupvalue
   645: 0805cda0   238 FUNC    GLOBAL DEFAULT   13 luaL_pushmodule
   646: 00000000     0 FUNC    GLOBAL DEFAULT  UND __isoc99_fscanf@@GLIBC_2.
   647: 080503a0   300 FUNC    GLOBAL DEFAULT   13 lua_resume
   648: 0804cfa0   276 FUNC    GLOBAL DEFAULT   13 lua_compare
   649: 0804d520    68 FUNC    GLOBAL DEFAULT   13 lua_pushunsigned
   650: 00000000     0 FUNC    GLOBAL DEFAULT  UND __fprintf_chk@@GLIBC_2.3.
   651: 0804cb50    37 FUNC    GLOBAL DEFAULT   13 lua_absindex
   652: 00000000     0 NOTYPE  WEAK   DEFAULT  UND __gmon_start__
   653: 00000000     0 NOTYPE  WEAK   DEFAULT  UND _Jv_RegisterClasses
   654: 0806a440     4 OBJECT  GLOBAL DEFAULT   15 _fp_hw
   655: 00000000     0 FUNC    GLOBAL DEFAULT  UND realloc@@GLIBC_2.0
   656: 00000000     0 FUNC    GLOBAL DEFAULT  UND sinh@@GLIBC_2.0
   657: 0804c7c0    93 FUNC    GLOBAL DEFAULT   13 _Z15register_c_funcP9lua_
   658: 00000000     0 FUNC    GLOBAL DEFAULT  UND __printf_chk@@GLIBC_2.3.4
   659: 0805cbf0   111 FUNC    GLOBAL DEFAULT   13 luaL_len
   660: 00000000     0 FUNC    GLOBAL DEFAULT  UND strtod@@GLIBC_2.0
   661: 00000000     0 FUNC    GLOBAL DEFAULT  UND strchr@@GLIBC_2.0
   662: 00000000     0 FUNC    GLOBAL DEFAULT  UND getenv@@GLIBC_2.0
   663: 0806a41c     0 FUNC    GLOBAL DEFAULT   14 _fini
   664: 0804e5c0    26 FUNC    GLOBAL DEFAULT   13 lua_getallocf
   665: 00000000     0 FUNC    GLOBAL DEFAULT  UND system@@GLIBC_2.0
   666: 08062880   218 FUNC    GLOBAL DEFAULT   13 luaopen_string
   667: 0804d350    51 FUNC    GLOBAL DEFAULT   13 lua_tocfunction
   668: 0804d7b0    36 FUNC    GLOBAL DEFAULT   13 lua_pushthread
   669: 0805bed0   124 FUNC    GLOBAL DEFAULT   13 luaL_checkstack
   670: 00000000     0 FUNC    GLOBAL DEFAULT  UND pow@@GLIBC_2.0
   671: 0804ed60    73 FUNC    GLOBAL DEFAULT   13 lua_getstack
   672: 00000000     0 FUNC    GLOBAL DEFAULT  UND dlclose@@GLIBC_2.0
   673: 0804e4f0   151 FUNC    GLOBAL DEFAULT   13 lua_concat
   674: 00000000     0 FUNC    GLOBAL DEFAULT  UND fgets@@GLIBC_2.0
   675: 0804e040   146 FUNC    GLOBAL DEFAULT   13 lua_callk
   676: 00000000     0 FUNC    GLOBAL DEFAULT  UND rename@@GLIBC_2.0
   677: 00000000     0 FUNC    GLOBAL DEFAULT  UND fopen64@@GLIBC_2.1
   678: 0804c280    67 FUNC    GLOBAL DEFAULT   13 _ZN9luabinder4readIjEET_P
   679: 0805d150    53 FUNC    GLOBAL DEFAULT   13 luaL_newstate
   680: 00000000     0 FUNC    GLOBAL DEFAULT  UND __libc_start_main@@GLIBC_
   681: 0804c440   210 FUNC    GLOBAL DEFAULT   13 _ZN9luabinder4readIyEET_P
   682: 00000000     0 FUNC    GLOBAL DEFAULT  UND _IO_getc@@GLIBC_2.0
   683: 0804c330   103 FUNC    GLOBAL DEFAULT   13 _ZN9luabinder4readIbEET_P
   684: 00000000     0 FUNC    GLOBAL DEFAULT  UND __memcpy_chk@@GLIBC_2.3.4
   685: 080603a0   150 FUNC    GLOBAL DEFAULT   13 luaopen_math
   686: 00000000     0 FUNC    GLOBAL DEFAULT  UND strrchr@@GLIBC_2.0
   687: 00000000     0 FUNC    GLOBAL DEFAULT  UND modf@@GLIBC_2.0
   688: 0804da40   132 FUNC    GLOBAL DEFAULT   13 lua_createtable
   689: 0804db80   137 FUNC    GLOBAL DEFAULT   13 lua_setglobal
   690: 08063570   122 FUNC    GLOBAL DEFAULT   13 luaL_openlibs
   691: 00000000     0 FUNC    GLOBAL DEFAULT  UND fseeko64@@GLIBC_2.1
   692: 0804c0a0    68 FUNC    GLOBAL DEFAULT   13 _ZN9luabinder4readIhEET_P
   693: 0805c650    47 FUNC    GLOBAL DEFAULT   13 luaL_buffinitsize
   694: 0804d4c0    62 FUNC    GLOBAL DEFAULT   13 lua_pushnumber
   695: 0804c230    67 FUNC    GLOBAL DEFAULT   13 _ZN9luabinder4readIiEET_P
   696: 0804eed0  1059 FUNC    GLOBAL DEFAULT   13 lua_getinfo
   697: 0804be10    15 FUNC    GLOBAL DEFAULT   13 _ZN11LuaInstanceD2Ev
   698: 0804cdb0    77 FUNC    GLOBAL DEFAULT   13 lua_isnumber
   699: 0805be70    93 FUNC    GLOBAL DEFAULT   13 luaL_checkudata
   700: 0804e0e0   239 FUNC    GLOBAL DEFAULT   13 lua_pcallk
   701: 0804d500    18 FUNC    GLOBAL DEFAULT   13 lua_pushinteger
   702: 0804c520    38 FUNC    GLOBAL DEFAULT   13 _ZN9luabinder4pushIcEEvP9
   703: 0804dc10    57 FUNC    GLOBAL DEFAULT   13 lua_settable
   704: 00000000     0 FUNC    GLOBAL DEFAULT  UND exp@@GLIBC_2.0
   705: 0804bf60    21 FUNC    GLOBAL DEFAULT   13 _ZN11LuaInstance17registe
   706: 0804be20    91 FUNC    GLOBAL DEFAULT   13 _ZN11LuaInstance4initEv
   707: 00000000     0 FUNC    GLOBAL DEFAULT  UND gmtime_r@@GLIBC_2.0
   708: 0804e650   101 FUNC    GLOBAL DEFAULT   13 lua_getupvalue
   709: 00000000     0 FUNC    GLOBAL DEFAULT  UND ungetc@@GLIBC_2.0
   710: 0805c810   538 FUNC    GLOBAL DEFAULT   13 luaL_loadfilex
   711: 08066a50    66 FUNC    GLOBAL DEFAULT   13 luaopen_bit32
   712: 0804be00     2 FUNC    GLOBAL DEFAULT   13 _ZN11LuaInstanceC2Ev
   713: 0804caa0   100 FUNC    GLOBAL DEFAULT   13 lua_xmove
   714: 0806a444     4 OBJECT  GLOBAL DEFAULT   15 _IO_stdin_used
   715: 0805cac0   174 FUNC    GLOBAL DEFAULT   13 luaL_getmetafield
   716: 0805c400   188 FUNC    GLOBAL DEFAULT   13 luaL_prepbuffsize
   717: 0804d970    83 FUNC    GLOBAL DEFAULT   13 lua_rawgeti
   718: 00000000     0 FUNC    GLOBAL DEFAULT  UND __ctype_toupper_loc@@GLIB
   719: 08056710   648 FUNC    GLOBAL DEFAULT   13 lua_newstate
   720: 00000000     0 FUNC    GLOBAL DEFAULT  UND free@@GLIBC_2.0
   721: 0805c4c0    66 FUNC    GLOBAL DEFAULT   13 luaL_addlstring
   722: 0805c000    88 FUNC    GLOBAL DEFAULT   13 luaL_checklstring
   723: 0804e590    47 FUNC    GLOBAL DEFAULT   13 lua_len
   724: 00000000     0 FUNC    GLOBAL DEFAULT  UND atan@@GLIBC_2.0
   725: 0804d390    68 FUNC    GLOBAL DEFAULT   13 lua_touserdata
   726: 0804e2b0    78 FUNC    GLOBAL DEFAULT   13 lua_dump
   727: 0804d790    25 FUNC    GLOBAL DEFAULT   13 lua_pushlightuserdata
   728: 0805bd00   144 FUNC    GLOBAL DEFAULT   13 luaL_newmetatable
   729: 0804e5e0    21 FUNC    GLOBAL DEFAULT   13 lua_setallocf
   730: 0807717c     0 NOTYPE  GLOBAL DEFAULT   25 __data_start
   731: 0804db40    64 FUNC    GLOBAL DEFAULT   13 lua_getuservalue
   732: 00000000     0 FUNC    GLOBAL DEFAULT  UND dlsym@@GLIBC_2.0
   733: 0804c5f0    41 FUNC    GLOBAL DEFAULT   13 _ZN9luabinder4pushImEEvP9
   734: 00000000     0 FUNC    GLOBAL DEFAULT  UND fflush@@GLIBC_2.0
   735: 0804c5a0    36 FUNC    GLOBAL DEFAULT   13 _ZN9luabinder4pushItEEvP9
   736: 00000000     0 FUNC    GLOBAL DEFAULT  UND sqrt@@GLIBC_2.0
   737: 00000000     0 FUNC    GLOBAL DEFAULT  UND mkstemp@@GLIBC_2.0
   738: 0804c620    27 FUNC    GLOBAL DEFAULT   13 _ZN9luabinder4pushIiEEvP9
   739: 0804c5d0    27 FUNC    GLOBAL DEFAULT   13 _ZN9luabinder4pushIlEEvP9
   740: 00000000     0 FUNC    GLOBAL DEFAULT  UND __ctype_b_loc@@GLIBC_2.3
   741: 0804c190    67 FUNC    GLOBAL DEFAULT   13 _ZN9luabinder4readIlEET_P
   742: 0805c590    16 FUNC    GLOBAL DEFAULT   13 luaL_pushresultsize
   743: 0805cb70   118 FUNC    GLOBAL DEFAULT   13 luaL_callmeta
   744: 0805bc40   178 FUNC    GLOBAL DEFAULT   13 luaL_execresult
   745: 0804c6c0    14 FUNC    GLOBAL DEFAULT   13 _ZN9luabinder4pushIbEEvP9
   746: 00000000     0 FUNC    GLOBAL DEFAULT  UND fclose@@GLIBC_2.1
   747: 08066f90    66 FUNC    GLOBAL DEFAULT   13 luaopen_coroutine
   748: 00000000     0 FUNC    GLOBAL DEFAULT  UND ftello64@@GLIBC_2.1
   749: 0806a0f0   635 FUNC    GLOBAL DEFAULT   13 luaopen_package
   750: 00000000     0 FUNC    GLOBAL DEFAULT  UND tanh@@GLIBC_2.0
   751: 0804d3e0    29 FUNC    GLOBAL DEFAULT   13 lua_tothread
   752: 00000000     0 FUNC    GLOBAL DEFAULT  UND _setjmp@@GLIBC_2.0
   753: 00000000     0 FUNC    GLOBAL DEFAULT  UND mktime@@GLIBC_2.0
   754: 0804ca00   146 FUNC    GLOBAL DEFAULT   13 lua_checkstack
   755: 0805c060   130 FUNC    GLOBAL DEFAULT   13 luaL_optlstring
   756: 0805c220    88 FUNC    GLOBAL DEFAULT   13 luaL_optnumber
   757: 00000000     0 FUNC    GLOBAL DEFAULT  UND clock@@GLIBC_2.0
   758: 080771a0     4 OBJECT  GLOBAL DEFAULT   26 stderr@@GLIBC_2.0
   759: 00000000     0 FUNC    GLOBAL DEFAULT  UND acos@@GLIBC_2.0
   760: 00000000     0 FUNC    GLOBAL DEFAULT  UND memcpy@@GLIBC_2.0
   761: 00000000     0 FUNC    GLOBAL DEFAULT  UND strlen@@GLIBC_2.0
   762: 0804e010    34 FUNC    GLOBAL DEFAULT   13 lua_getctx
   763: 0804c3a0     2 FUNC    GLOBAL DEFAULT   13 _ZN9luabinder4readIvEET_P
   764: 0804be80   224 FUNC    GLOBAL DEFAULT   13 _ZN11LuaInstance18load_lu
   765: 00000000     0 FUNC    GLOBAL DEFAULT  UND fopen@@GLIBC_2.1
   766: 00000000     0 FUNC    GLOBAL DEFAULT  UND cos@@GLIBC_2.0
   767: 0804c050    68 FUNC    GLOBAL DEFAULT   13 _ZN9luabinder4readIcEET_P
   768: 0804e490    15 FUNC    GLOBAL DEFAULT   13 lua_error
   769: 0805c770   152 FUNC    GLOBAL DEFAULT   13 luaL_unref
   770: 0805bb80   179 FUNC    GLOBAL DEFAULT   13 luaL_fileresult
   771: 0805ca80    53 FUNC    GLOBAL DEFAULT   13 luaL_loadstring
   772: 0805d380   166 FUNC    GLOBAL DEFAULT   13 luaL_openlib
   773: 00000000     0 FUNC    GLOBAL DEFAULT  UND freopen@@GLIBC_2.0
   774: 0804d640    77 FUNC    GLOBAL DEFAULT   13 lua_pushvfstring
   775: 00000000     0 FUNC    GLOBAL DEFAULT  UND setlocale@@GLIBC_2.0
   776: 00000000     0 FUNC    GLOBAL DEFAULT  UND clearerr@@GLIBC_2.0
   777: 080504d0   148 FUNC    GLOBAL DEFAULT   13 lua_yieldk
   778: 00000000     0 FUNC    GLOBAL DEFAULT  UND feof@@GLIBC_2.0
   779: 00000000     0 FUNC    GLOBAL DEFAULT  UND strcpy@@GLIBC_2.0
   780: 00000000     0 FUNC    GLOBAL DEFAULT  UND dlopen@@GLIBC_2.1
   781: 0806a370    97 FUNC    GLOBAL DEFAULT   13 __libc_csu_init
   782: 0804cb30    24 FUNC    GLOBAL DEFAULT   13 lua_version
   783: 0804cba0    68 FUNC    GLOBAL DEFAULT   13 lua_settop
   784: 0804ce60   139 FUNC    GLOBAL DEFAULT   13 lua_rawequal
   785: 0805f900    66 FUNC    GLOBAL DEFAULT   13 luaopen_debug
   786: 0804d200    52 FUNC    GLOBAL DEFAULT   13 lua_toboolean
   787: 0804c2d0    43 FUNC    GLOBAL DEFAULT   13 _ZN9luabinder4readIfEET_P
   788: 0804ccf0    63 FUNC    GLOBAL DEFAULT   13 lua_pushvalue
   789: 0804d0c0    94 FUNC    GLOBAL DEFAULT   13 lua_tonumberx
   790: 0804dd70   122 FUNC    GLOBAL DEFAULT   13 lua_rawseti
   791: 0804c300    35 FUNC    GLOBAL DEFAULT   13 _ZN9luabinder4readIdEET_P
   792: 0804e600    74 FUNC    GLOBAL DEFAULT   13 lua_newuserdata
   793: 0804e7f0   148 FUNC    GLOBAL DEFAULT   13 lua_upvaluejoin
   794: 00000000     0 FUNC    GLOBAL DEFAULT  UND close@@GLIBC_2.0
   795: 00000000     0 FUNC    GLOBAL DEFAULT  UND fwrite@@GLIBC_2.0
   796: 00000000     0 FUNC    GLOBAL DEFAULT  UND frexp@@GLIBC_2.0
   797: 0805ca30    67 FUNC    GLOBAL DEFAULT   13 luaL_loadbufferx
   798: 0804ed50     8 FUNC    GLOBAL DEFAULT   13 lua_gethookcount
   799: 00000000     0 FUNC    GLOBAL DEFAULT  UND strstr@@GLIBC_2.0
   800: 00000000     0 FUNC    GLOBAL DEFAULT  UND time@@GLIBC_2.0
   801: 00000000     0 FUNC    GLOBAL DEFAULT  UND log10@@GLIBC_2.0
   802: 00000000     0 FUNC    GLOBAL DEFAULT  UND setvbuf@@GLIBC_2.0
   803: 0804e1d0   223 FUNC    GLOBAL DEFAULT   13 lua_load
   804: 00000000     0 FUNC    GLOBAL DEFAULT  UND remove@@GLIBC_2.0
   805: 08077184     0 NOTYPE  GLOBAL DEFAULT  ABS __bss_start
   806: 0804d770    31 FUNC    GLOBAL DEFAULT   13 lua_pushboolean
   807: 0804cd30    57 FUNC    GLOBAL DEFAULT   13 lua_type
   808: 00000000     0 FUNC    GLOBAL DEFAULT  UND __stack_chk_fail@@GLIBC_2
   809: 0804dc50   126 FUNC    GLOBAL DEFAULT   13 lua_setfield
   810: 0804c6b0     5 FUNC    GLOBAL DEFAULT   13 _ZN9luabinder4pushIPKcEEv
   811: 0804cc80    34 FUNC    GLOBAL DEFAULT   13 lua_replace
   812: 00000000     0 FUNC    GLOBAL DEFAULT  UND atan2@@GLIBC_2.0
   813: 0804edb0   166 FUNC    GLOBAL DEFAULT   13 lua_getlocal
   814: 0804c580    27 FUNC    GLOBAL DEFAULT   13 _ZN9luabinder4pushIsEEvP9
   815: 0804bff0    35 FUNC    GLOBAL DEFAULT   13 _ZN9luabinder4readIPcEET_
   816: 0805e630   162 FUNC    GLOBAL DEFAULT   13 luaopen_base
   817: 00000000     0 FUNC    GLOBAL DEFAULT  UND dlerror@@GLIBC_2.0
   818: 0804cb80    21 FUNC    GLOBAL DEFAULT   13 lua_gettop
   819: 0804e4a0    65 FUNC    GLOBAL DEFAULT   13 lua_next
   820: 0804ce30    42 FUNC    GLOBAL DEFAULT   13 lua_isuserdata
   821: 080771a4     4 OBJECT  GLOBAL DEFAULT   26 stdin@@GLIBC_2.0
   822: 00000000     0 FUNC    GLOBAL DEFAULT  UND sleep@@GLIBC_2.0
   823: 0805bdd0   156 FUNC    GLOBAL DEFAULT   13 luaL_testudata
   824: 0804be00     2 FUNC    GLOBAL DEFAULT   13 _ZN11LuaInstanceC1Ev
   825: 0805bfb0    80 FUNC    GLOBAL DEFAULT   13 luaL_checkany
   826: 0805b940   396 FUNC    GLOBAL DEFAULT   13 luaL_argerror
   827: 0806a6a0   129 OBJECT  GLOBAL DEFAULT   15 lua_ident
   828: 08056ad0    18 FUNC    GLOBAL DEFAULT   13 lua_close
   829: 0804c140    67 FUNC    GLOBAL DEFAULT   13 _ZN9luabinder4readItEET_P
   830: 0804d240   155 FUNC    GLOBAL DEFAULT   13 lua_tolstring
   831: 0804cbf0    64 FUNC    GLOBAL DEFAULT   13 lua_remove
   832: 00000000     0 FUNC    GLOBAL DEFAULT  UND __ctype_tolower_loc@@GLIB
   833: 0804c0f0    68 FUNC    GLOBAL DEFAULT   13 _ZN9luabinder4readIsEET_P
   834: 080771cc     0 NOTYPE  GLOBAL DEFAULT  ABS _end
   835: 080771c0     4 OBJECT  GLOBAL DEFAULT   26 stdout@@GLIBC_2.0
   836: 0805c510    41 FUNC    GLOBAL DEFAULT   13 luaL_addstring
   837: 00000000     0 FUNC    GLOBAL DEFAULT  UND log@@GLIBC_2.0
   838: 0804ecd0    94 FUNC    GLOBAL DEFAULT   13 lua_sethook
   839: 00000000     0 FUNC    GLOBAL DEFAULT  UND puts@@GLIBC_2.0
   840: 0804ed30     8 FUNC    GLOBAL DEFAULT   13 lua_gethook
   841: 0804e310   376 FUNC    GLOBAL DEFAULT   13 lua_gc
   842: 0805bd90    53 FUNC    GLOBAL DEFAULT   13 luaL_setmetatable
   843: 0804ee60   102 FUNC    GLOBAL DEFAULT   13 lua_setlocal
   844: 0804dcd0   154 FUNC    GLOBAL DEFAULT   13 lua_rawset
   845: 0805ce90   175 FUNC    GLOBAL DEFAULT   13 luaL_getsubtable
   846: 00000000     0 FUNC    GLOBAL DEFAULT  UND rand@@GLIBC_2.0
   847: 00000000     0 FUNC    GLOBAL DEFAULT  UND strspn@@GLIBC_2.0
   848: 00000000     0 FUNC    GLOBAL DEFAULT  UND __sprintf_chk@@GLIBC_2.3.
   849: 00000000     0 FUNC    GLOBAL DEFAULT  UND memchr@@GLIBC_2.0
   850: 0804d870    50 FUNC    GLOBAL DEFAULT   13 lua_gettable
   851: 0805b4e0   834 FUNC    GLOBAL DEFAULT   13 luaL_traceback
   852: 0804ddf0   159 FUNC    GLOBAL DEFAULT   13 lua_rawsetp
   853: 0805d290   227 FUNC    GLOBAL DEFAULT   13 luaL_setfuncs
   854: 00000000     0 FUNC    GLOBAL DEFAULT  UND strpbrk@@GLIBC_2.0
   855: 0804c1e0    67 FUNC    GLOBAL DEFAULT   13 _ZN9luabinder4readImEET_P
   856: 0805cc60   309 FUNC    GLOBAL DEFAULT   13 luaL_tolstring
   857: 0804e300     9 FUNC    GLOBAL DEFAULT   13 lua_status
   858: 00000000     0 FUNC    GLOBAL DEFAULT  UND tan@@GLIBC_2.0
   859: 00000000     0 FUNC    GLOBAL DEFAULT  UND fread@@GLIBC_2.0
   860: 00000000     0 FUNC    GLOBAL DEFAULT  UND strftime@@GLIBC_2.0
   861: 0805d190   249 FUNC    GLOBAL DEFAULT   13 luaL_checkversion_
   862: 0804cd70    12 FUNC    GLOBAL DEFAULT   13 lua_typename
   863: 0805c0f0   199 FUNC    GLOBAL DEFAULT   13 luaL_checkoption
   864: 0804c020    35 FUNC    GLOBAL DEFAULT   13 _ZN9luabinder4readIPKcEET
   865: 00000000     0 FUNC    GLOBAL DEFAULT  UND cosh@@GLIBC_2.0
   866: 0805c1c0    81 FUNC    GLOBAL DEFAULT   13 luaL_checknumber
   867: 0804e770   123 FUNC    GLOBAL DEFAULT   13 lua_upvalueid
   868: 08077184     0 NOTYPE  GLOBAL DEFAULT  ABS _edata
   869: 0804b9c0     0 FUNC    GLOBAL DEFAULT  UND __gxx_personality_v0@@CXX
   870: 0804d400   147 FUNC    GLOBAL DEFAULT   13 lua_topointer
   871: 0805d040   262 FUNC    GLOBAL DEFAULT   13 luaL_gsub
   872: 0804d6d0   151 FUNC    GLOBAL DEFAULT   13 lua_pushcclosure
   873: 0805bf50    88 FUNC    GLOBAL DEFAULT   13 luaL_checktype
   874: 00000000     0 FUNC    GLOBAL DEFAULT  UND sin@@GLIBC_2.0
   875: 08068f00    66 FUNC    GLOBAL DEFAULT   13 luaopen_os
   876: 0804d570    86 FUNC    GLOBAL DEFAULT   13 lua_pushlstring
   877: 0805b8e0    91 FUNC    GLOBAL DEFAULT   13 luaL_error
   878: 0805c280    85 FUNC    GLOBAL DEFAULT   13 luaL_checkinteger
   879: 0805c540    74 FUNC    GLOBAL DEFAULT   13 luaL_pushresult
   880: 00000000     0 FUNC    GLOBAL DEFAULT  UND _Unwind_Resume@@GCC_3.0
   881: 00000000     0 FUNC    GLOBAL DEFAULT  UND ferror@@GLIBC_2.0
   882: 0804ccb0    52 FUNC    GLOBAL DEFAULT   13 lua_copy
   883: 0804d7e0   130 FUNC    GLOBAL DEFAULT   13 lua_getglobal
   884: 0804c3b0   132 FUNC    GLOBAL DEFAULT   13 _ZN9luabinder4readIxEET_P
   885: 00000000     0 FUNC    GLOBAL DEFAULT  UND strcmp@@GLIBC_2.0
   886: 0805c3a0    90 FUNC    GLOBAL DEFAULT   13 luaL_optunsigned
   887: 0804be10    15 FUNC    GLOBAL DEFAULT   13 _ZN11LuaInstanceD1Ev
   888: 00000000     0 FUNC    GLOBAL DEFAULT  UND exit@@GLIBC_2.0
   889: 00000000     0 FUNC    GLOBAL DEFAULT  UND difftime@@GLIBC_2.0
   890: 0804c550    37 FUNC    GLOBAL DEFAULT   13 _ZN9luabinder4pushIhEEvP9
   891: 0805c340    90 FUNC    GLOBAL DEFAULT   13 luaL_optinteger
   892: 00000000     0 FUNC    GLOBAL DEFAULT  UND pclose@@GLIBC_2.1
   893: 0804c6d0    27 FUNC    GLOBAL DEFAULT   13 _ZN9luabinder3popIvEET_P9
   894: 0804d4a0    19 FUNC    GLOBAL DEFAULT   13 lua_pushnil
   895: 0804c6a0     5 FUNC    GLOBAL DEFAULT   13 _ZN9luabinder4pushIPcEEvP
   896: 0805c630    31 FUNC    GLOBAL DEFAULT   13 luaL_buffinit
   897: 0804cd80    42 FUNC    GLOBAL DEFAULT   13 lua_iscfunction
   898: 0805c680   239 FUNC    GLOBAL DEFAULT   13 luaL_ref
   899: 0805b830   171 FUNC    GLOBAL DEFAULT   13 luaL_where
   900: 0804bb40   509 FUNC    GLOBAL DEFAULT   13 main
   901: 0804b404     0 FUNC    GLOBAL DEFAULT   11 _init
   902: 0805c2e0    85 FUNC    GLOBAL DEFAULT   13 luaL_checkunsigned
   903: 0804d2e0   106 FUNC    GLOBAL DEFAULT   13 lua_rawlen
   904: 080569a0   210 FUNC    GLOBAL DEFAULT   13 lua_newthread
   905: 0804d930    58 FUNC    GLOBAL DEFAULT   13 lua_rawget

Histogram for `.gnu.hash' bucket list length (total of 197 buckets):
 Length  Number     % of total  Coverage
      0  71         ( 36.0%)
      1  68         ( 34.5%)     33.0%
      2  41         ( 20.8%)     72.8%
      3  13         (  6.6%)     91.7%
      4  3          (  1.5%)     97.6%
      5  1          (  0.5%)    100.0%

Version symbols section '.gnu.version' contains 302 entries:
 Addr: 000000000804ad6e  Offset: 0x002d6e  Link: 5 (.dynsym)
  000:   0 (*local*)       2 (GLIBC_2.0)     2 (GLIBC_2.0)     3 (GLIBC_2.0)  
  004:   3 (GLIBC_2.0)     4 (GLIBC_2.1)     4 (GLIBC_2.1)     3 (GLIBC_2.0)  
  008:   3 (GLIBC_2.0)     5 (GLIBC_2.2)     3 (GLIBC_2.0)     3 (GLIBC_2.0)  
  00c:   3 (GLIBC_2.0)     2 (GLIBC_2.0)     6 (GLIBC_2.11)    7 (GLIBC_2.7)  
  010:   8 (GLIBC_2.3.4)   0 (*local*)       0 (*local*)       3 (GLIBC_2.0)  
  014:   2 (GLIBC_2.0)     8 (GLIBC_2.3.4)   3 (GLIBC_2.0)     3 (GLIBC_2.0)  
  018:   3 (GLIBC_2.0)     3 (GLIBC_2.0)     2 (GLIBC_2.0)     9 (GLIBC_2.0)  
  01c:   3 (GLIBC_2.0)     3 (GLIBC_2.0)     4 (GLIBC_2.1)     3 (GLIBC_2.0)  
  020:   3 (GLIBC_2.0)     8 (GLIBC_2.3.4)   3 (GLIBC_2.0)     2 (GLIBC_2.0)  
  024:   4 (GLIBC_2.1)     2 (GLIBC_2.0)     3 (GLIBC_2.0)     3 (GLIBC_2.0)  
  028:   a (GLIBC_2.3)     3 (GLIBC_2.0)     2 (GLIBC_2.0)     9 (GLIBC_2.0)  
  02c:   3 (GLIBC_2.0)     2 (GLIBC_2.0)     3 (GLIBC_2.0)     a (GLIBC_2.3)  
  030:   4 (GLIBC_2.1)     4 (GLIBC_2.1)     2 (GLIBC_2.0)     3 (GLIBC_2.0)  
  034:   3 (GLIBC_2.0)     3 (GLIBC_2.0)     2 (GLIBC_2.0)     3 (GLIBC_2.0)  
  038:   3 (GLIBC_2.0)     4 (GLIBC_2.1)     2 (GLIBC_2.0)     3 (GLIBC_2.0)  
  03c:   3 (GLIBC_2.0)     3 (GLIBC_2.0)     3 (GLIBC_2.0)     3 (GLIBC_2.0)  
  040:   b (GLIBC_2.1)     3 (GLIBC_2.0)     3 (GLIBC_2.0)     2 (GLIBC_2.0)  
  044:   3 (GLIBC_2.0)     3 (GLIBC_2.0)     2 (GLIBC_2.0)     3 (GLIBC_2.0)  
  048:   3 (GLIBC_2.0)     c (GLIBC_2.4)     2 (GLIBC_2.0)     9 (GLIBC_2.0)  
  04c:   3 (GLIBC_2.0)     a (GLIBC_2.3)     2 (GLIBC_2.0)     3 (GLIBC_2.0)  
  050:   3 (GLIBC_2.0)     3 (GLIBC_2.0)     8 (GLIBC_2.3.4)   3 (GLIBC_2.0)  
  054:   3 (GLIBC_2.0)     2 (GLIBC_2.0)     3 (GLIBC_2.0)     3 (GLIBC_2.0)  
  058:   2 (GLIBC_2.0)     2 (GLIBC_2.0)     e (GCC_3.0)       3 (GLIBC_2.0)  
  05c:   3 (GLIBC_2.0)     3 (GLIBC_2.0)     3 (GLIBC_2.0)     4 (GLIBC_2.1)  
  060:   1 (*global*)      1 (*global*)      1 (*global*)      1 (*global*)   
  064:   1 (*global*)      1 (*global*)      1 (*global*)      1 (*global*)   
  068:   1 (*global*)      1 (*global*)      1 (*global*)      1 (*global*)   
  06c:   1 (*global*)      1 (*global*)      1 (*global*)      1 (*global*)   
  070:   1 (*global*)      1 (*global*)      1 (*global*)      1 (*global*)   
  074:   1 (*global*)      1 (*global*)      1 (*global*)      1 (*global*)   
  078:   1 (*global*)      1 (*global*)      1 (*global*)      1 (*global*)   
  07c:   1 (*global*)      1 (*global*)      1 (*global*)      1 (*global*)   
  080:   1 (*global*)      1 (*global*)      d (CXXABI_1.3)    1 (*global*)   
  084:   1 (*global*)      1 (*global*)      1 (*global*)      1 (*global*)   
  088:   1 (*global*)      1 (*global*)      1 (*global*)      1 (*global*)   
  08c:   1 (*global*)      1 (*global*)      1 (*global*)      1 (*global*)   
  090:   1 (*global*)      1 (*global*)      1 (*global*)      1 (*global*)   
  094:   1 (*global*)      1 (*global*)      1 (*global*)      1 (*global*)   
  098:   1 (*global*)      1 (*global*)      1 (*global*)      1 (*global*)   
  09c:   1 (*global*)      1 (*global*)      1 (*global*)      1 (*global*)   
  0a0:   1 (*global*)      1 (*global*)      1 (*global*)      1 (*global*)   
  0a4:   1 (*global*)      1 (*global*)      1 (*global*)      1 (*global*)   
  0a8:   1 (*global*)      1 (*global*)      1 (*global*)      1 (*global*)   
  0ac:   1 (*global*)      1 (*global*)      1 (*global*)      1 (*global*)   
  0b0:   1 (*global*)      1 (*global*)      1 (*global*)      1 (*global*)   
  0b4:   1 (*global*)      1 (*global*)      1 (*global*)      1 (*global*)   
  0b8:   1 (*global*)      1 (*global*)      1 (*global*)      1 (*global*)   
  0bc:   1 (*global*)      1 (*global*)      1 (*global*)      1 (*global*)   
  0c0:   1 (*global*)      1 (*global*)      1 (*global*)      1 (*global*)   
  0c4:   1 (*global*)      1 (*global*)      1 (*global*)      1 (*global*)   
  0c8:   3 (GLIBC_2.0)     1 (*global*)      1 (*global*)      1 (*global*)   
  0cc:   1 (*global*)      1 (*global*)      1 (*global*)      1 (*global*)   
  0d0:   1 (*global*)      1 (*global*)      1 (*global*)      1 (*global*)   
  0d4:   1 (*global*)      1 (*global*)      1 (*global*)      1 (*global*)   
  0d8:   1 (*global*)      1 (*global*)      1 (*global*)      1 (*global*)   
  0dc:   1 (*global*)      1 (*global*)      1 (*global*)      1 (*global*)   
  0e0:   1 (*global*)      1 (*global*)      1 (*global*)      1 (*global*)   
  0e4:   1 (*global*)      1 (*global*)      1 (*global*)      1 (*global*)   
  0e8:   1 (*global*)      3 (GLIBC_2.0)     1 (*global*)      1 (*global*)   
  0ec:   1 (*global*)      1 (*global*)      1 (*global*)      1 (*global*)   
  0f0:   1 (*global*)      1 (*global*)      1 (*global*)      1 (*global*)   
  0f4:   1 (*global*)      1 (*global*)      1 (*global*)      1 (*global*)   
  0f8:   1 (*global*)      1 (*global*)      1 (*global*)      1 (*global*)   
  0fc:   1 (*global*)      1 (*global*)      1 (*global*)      1 (*global*)   
  100:   1 (*global*)      1 (*global*)      1 (*global*)      1 (*global*)   
  104:   1 (*global*)      1 (*global*)      1 (*global*)      1 (*global*)   
  108:   1 (*global*)      1 (*global*)      1 (*global*)      3 (GLIBC_2.0)  
  10c:   1 (*global*)      1 (*global*)      1 (*global*)      1 (*global*)   
  110:   1 (*global*)      1 (*global*)      1 (*global*)      1 (*global*)   
  114:   1 (*global*)      1 (*global*)      1 (*global*)      1 (*global*)   
  118:   1 (*global*)      1 (*global*)      1 (*global*)      1 (*global*)   
  11c:   1 (*global*)      1 (*global*)      1 (*global*)      1 (*global*)   
  120:   1 (*global*)      1 (*global*)      1 (*global*)      1 (*global*)   
  124:   1 (*global*)      1 (*global*)      1 (*global*)      1 (*global*)   
  128:   1 (*global*)      1 (*global*)      1 (*global*)      1 (*global*)   
  12c:   1 (*global*)      1 (*global*)   

Version needs section '.gnu.version_r' contains 5 entries:
 Addr: 0x000000000804afcc  Offset: 0x002fcc  Link: 6 (.dynstr)
  000000: Version: 1  File: libgcc_s.so.1  Cnt: 1
  0x0010:   Name: GCC_3.0  Flags: none  Version: 14
  0x0020: Version: 1  File: libstdc++.so.6  Cnt: 1
  0x0030:   Name: CXXABI_1.3  Flags: none  Version: 13
  0x0040: Version: 1  File: libdl.so.2  Cnt: 2
  0x0050:   Name: GLIBC_2.1  Flags: none  Version: 11
  0x0060:   Name: GLIBC_2.0  Flags: none  Version: 9
  0x0070: Version: 1  File: libc.so.6  Cnt: 8
  0x0080:   Name: GLIBC_2.4  Flags: none  Version: 12
  0x0090:   Name: GLIBC_2.3  Flags: none  Version: 10
  0x00a0:   Name: GLIBC_2.3.4  Flags: none  Version: 8
  0x00b0:   Name: GLIBC_2.7  Flags: none  Version: 7
  0x00c0:   Name: GLIBC_2.11  Flags: none  Version: 6
  0x00d0:   Name: GLIBC_2.2  Flags: none  Version: 5
  0x00e0:   Name: GLIBC_2.1  Flags: none  Version: 4
  0x00f0:   Name: GLIBC_2.0  Flags: none  Version: 3
  0x0100: Version: 1  File: libm.so.6  Cnt: 1
  0x0110:   Name: GLIBC_2.0  Flags: none  Version: 2

Notes at offset 0x00000168 with length 0x00000020:
  Owner                 Data size	Description
  GNU                  0x00000010	NT_GNU_ABI_TAG (ABI version tag)
    OS: Linux, ABI: 2.6.24

Notes at offset 0x00000188 with length 0x00000024:
  Owner                 Data size	Description
  GNU                  0x00000014	NT_GNU_BUILD_ID (unique build ID bitstring)
    Build ID: 770e3bee60c5297016a0590948925f2e632180d4
