ELF Header:
  Magic:   7f 45 4c 46 01 01 01 00 00 00 00 00 00 00 00 00 
  Class:                             ELF32
  Data:                              2's complement, little endian
  Version:                           1 (current)
  OS/ABI:                            UNIX - System V
  ABI Version:                       0
  Type:                              EXEC (Executable file)
  Machine:                           Intel 80386
  Version:                           0x1
  Entry point address:               0x8049a30
  Start of program headers:          52 (bytes into file)
  Start of section headers:          196892 (bytes into file)
  Flags:                             0x0
  Size of this header:               52 (bytes)
  Size of program headers:           32 (bytes)
  Number of program headers:         9
  Size of section headers:           40 (bytes)
  Number of section headers:         38
  Section header string table index: 35

Section Headers:
  [Nr] Name              Type            Addr     Off    Size   ES Flg Lk Inf Al
  [ 0]                   NULL            00000000 000000 000000 00      0   0  0
  [ 1] .interp           PROGBITS        08048154 000154 000013 00   A  0   0  1
  [ 2] .note.ABI-tag     NOTE            08048168 000168 000020 00   A  0   0  4
  [ 3] .note.gnu.build-i NOTE            08048188 000188 000024 00   A  0   0  4
  [ 4] .gnu.hash         GNU_HASH        080481ac 0001ac 000034 04   A  5   0  4
  [ 5] .dynsym           DYNSYM          080481e0 0001e0 000650 10   A  6   1  4
  [ 6] .dynstr           STRTAB          08048830 000830 0003c7 00   A  0   0  1
  [ 7] .gnu.version      VERSYM          08048bf8 000bf8 0000ca 02   A  5   0  2
  [ 8] .gnu.version_r    VERNEED         08048cc4 000cc4 000120 00   A  6   5  4
  [ 9] .rel.dyn          REL             08048de4 000de4 000020 08   A  5   0  4
  [10] .rel.plt          REL             08048e04 000e04 0002f8 08   A  5  12  4
  [11] .init             PROGBITS        080490fc 0010fc 00002e 00  AX  0   0  4
  [12] .plt              PROGBITS        08049130 001130 000600 04  AX  0   0 16
  [13] .text             PROGBITS        08049730 001730 01e9dc 00  AX  0   0 16
  [14] .fini             PROGBITS        0806810c 02010c 00001a 00  AX  0   0  4
  [15] .rodata           PROGBITS        08068140 020140 00366c 00   A  0   0 32
  [16] .eh_frame_hdr     PROGBITS        0806b7ac 0237ac 0014e4 00   A  0   0  4
  [17] .eh_frame         PROGBITS        0806cc90 024c90 006fd8 00   A  0   0  4
  [18] .gcc_except_table PROGBITS        08073c68 02bc68 00001f 00   A  0   0  1
  [19] .ctors            PROGBITS        08074ef4 02bef4 000008 00  WA  0   0  4
  [20] .dtors            PROGBITS        08074efc 02befc 000008 00  WA  0   0  4
  [21] .jcr              PROGBITS        08074f04 02bf04 000004 00  WA  0   0  4
  [22] .dynamic          DYNAMIC         08074f08 02bf08 0000e8 08  WA  6   0  4
  [23] .got              PROGBITS        08074ff0 02bff0 000004 04  WA  0   0  4
  [24] .got.plt          PROGBITS        08074ff4 02bff4 000188 04  WA  0   0  4
  [25] .data             PROGBITS        0807517c 02c17c 000008 00  WA  0   0  4
  [26] .bss              NOBITS          080751a0 02c184 00002c 00  WA  0   0 32
  [27] .comment          PROGBITS        00000000 02c184 00002a 01  MS  0   0  1
  [28] .debug_aranges    PROGBITS        00000000 02c1ae 000080 00      0   0  1
  [29] .debug_info       PROGBITS        00000000 02c22e 001d26 00      0   0  1
  [30] .debug_abbrev     PROGBITS        00000000 02df54 000750 00      0   0  1
  [31] .debug_line       PROGBITS        00000000 02e6a4 00055b 00      0   0  1
  [32] .debug_str        PROGBITS        00000000 02ebff 000a6f 01  MS  0   0  1
  [33] .debug_loc        PROGBITS        00000000 02f66e 0008d6 00      0   0  1
  [34] .debug_ranges     PROGBITS        00000000 02ff44 000070 00      0   0  1
  [35] .shstrtab         STRTAB          00000000 02ffb4 000167 00      0   0  1
  [36] .symtab           SYMTAB          00000000 03070c 0038a0 10     37 461  4
  [37] .strtab           STRTAB          00000000 033fac 002f6f 00      0   0  1
Key to Flags:
  W (write), A (alloc), X (execute), M (merge), S (strings)
  I (info), L (link order), G (group), T (TLS), E (exclude), x (unknown)
  O (extra OS processing required) o (OS specific), p (processor specific)

There are no section groups in this file.

Program Headers:
  Type           Offset   VirtAddr   PhysAddr   FileSiz MemSiz  Flg Align
  PHDR           0x000034 0x08048034 0x08048034 0x00120 0x00120 R E 0x4
  INTERP         0x000154 0x08048154 0x08048154 0x00013 0x00013 R   0x1
      [Requesting program interpreter: /lib/ld-linux.so.2]
  LOAD           0x000000 0x08048000 0x08048000 0x2bc87 0x2bc87 R E 0x1000
  LOAD           0x02bef4 0x08074ef4 0x08074ef4 0x00290 0x002d8 RW  0x1000
  DYNAMIC        0x02bf08 0x08074f08 0x08074f08 0x000e8 0x000e8 RW  0x4
  NOTE           0x000168 0x08048168 0x08048168 0x00044 0x00044 R   0x4
  GNU_EH_FRAME   0x0237ac 0x0806b7ac 0x0806b7ac 0x014e4 0x014e4 R   0x4
  GNU_STACK      0x000000 0x00000000 0x00000000 0x00000 0x00000 RW  0x4
  GNU_RELRO      0x02bef4 0x08074ef4 0x08074ef4 0x0010c 0x0010c R   0x1

 Section to Segment mapping:
  Segment Sections...
   00     
   01     .interp 
   02     .interp .note.ABI-tag .note.gnu.build-id .gnu.hash .dynsym .dynstr .gnu.version .gnu.version_r .rel.dyn .rel.plt .init .plt .text .fini .rodata .eh_frame_hdr .eh_frame .gcc_except_table 
   03     .ctors .dtors .jcr .dynamic .got .got.plt .data .bss 
   04     .dynamic 
   05     .note.ABI-tag .note.gnu.build-id 
   06     .eh_frame_hdr 
   07     
   08     .ctors .dtors .jcr .dynamic .got 

Dynamic section at offset 0x2bf08 contains 24 entries:
  Tag        Type                         Name/Value
 0x00000001 (NEEDED)                     Shared library: [libdl.so.2]
 0x00000001 (NEEDED)                     Shared library: [libstdc++.so.6]
 0x00000001 (NEEDED)                     Shared library: [libm.so.6]
 0x00000001 (NEEDED)                     Shared library: [libgcc_s.so.1]
 0x00000001 (NEEDED)                     Shared library: [libc.so.6]
 0x0000000c (INIT)                       0x80490fc
 0x0000000d (FINI)                       0x806810c
 0x6ffffef5 (GNU_HASH)                   0x80481ac
 0x00000005 (STRTAB)                     0x8048830
 0x00000006 (SYMTAB)                     0x80481e0
 0x0000000a (STRSZ)                      967 (bytes)
 0x0000000b (SYMENT)                     16 (bytes)
 0x00000015 (DEBUG)                      0x0
 0x00000003 (PLTGOT)                     0x8074ff4
 0x00000002 (PLTRELSZ)                   760 (bytes)
 0x00000014 (PLTREL)                     REL
 0x00000017 (JMPREL)                     0x8048e04
 0x00000011 (REL)                        0x8048de4
 0x00000012 (RELSZ)                      32 (bytes)
 0x00000013 (RELENT)                     8 (bytes)
 0x6ffffffe (VERNEED)                    0x8048cc4
 0x6fffffff (VERNEEDNUM)                 5
 0x6ffffff0 (VERSYM)                     0x8048bf8
 0x00000000 (NULL)                       0x0

Relocation section '.rel.dyn' at offset 0xde4 contains 4 entries:
 Offset     Info    Type            Sym.Value  Sym. Name
08074ff0  00001106 R_386_GLOB_DAT    00000000   __gmon_start__
080751a0  00006205 R_386_COPY        080751a0   stderr
080751a4  00006305 R_386_COPY        080751a4   stdin
080751c0  00006005 R_386_COPY        080751c0   stdout

Relocation section '.rel.plt' at offset 0xe04 contains 95 entries:
 Offset     Info    Type            Sym.Value  Sym. Name
08075000  00000107 R_386_JUMP_SLOT   00000000   ldexp
08075004  00000207 R_386_JUMP_SLOT   00000000   fmod
08075008  00000307 R_386_JUMP_SLOT   00000000   abort
0807500c  00000407 R_386_JUMP_SLOT   00000000   __errno_location
08075010  00000507 R_386_JUMP_SLOT   00000000   tmpfile64
08075014  00000607 R_386_JUMP_SLOT   00000000   popen
08075018  00000707 R_386_JUMP_SLOT   00000000   srand
0807501c  00000807 R_386_JUMP_SLOT   00000000   localtime_r
08075020  00000907 R_386_JUMP_SLOT   00000000   localeconv
08075024  00000a07 R_386_JUMP_SLOT   00000000   strerror
08075028  00000b07 R_386_JUMP_SLOT   00000000   strcoll
0807502c  00000c07 R_386_JUMP_SLOT   00000000   memcmp
08075030  00000d07 R_386_JUMP_SLOT   00000000   asin
08075034  00000e07 R_386_JUMP_SLOT   00000000   __longjmp_chk
08075038  00000f07 R_386_JUMP_SLOT   00000000   __isoc99_fscanf
0807503c  00001007 R_386_JUMP_SLOT   00000000   __fprintf_chk
08075040  00001107 R_386_JUMP_SLOT   00000000   __gmon_start__
08075044  00001307 R_386_JUMP_SLOT   00000000   realloc
08075048  00001407 R_386_JUMP_SLOT   00000000   sinh
0807504c  00001507 R_386_JUMP_SLOT   00000000   __printf_chk
08075050  00001607 R_386_JUMP_SLOT   00000000   strtod
08075054  00001707 R_386_JUMP_SLOT   00000000   strchr
08075058  00001807 R_386_JUMP_SLOT   00000000   getenv
0807505c  00001907 R_386_JUMP_SLOT   00000000   system
08075060  00001a07 R_386_JUMP_SLOT   00000000   pow
08075064  00001b07 R_386_JUMP_SLOT   00000000   dlclose
08075068  00001c07 R_386_JUMP_SLOT   00000000   fgets
0807506c  00001d07 R_386_JUMP_SLOT   00000000   rename
08075070  00001e07 R_386_JUMP_SLOT   00000000   fopen64
08075074  00001f07 R_386_JUMP_SLOT   00000000   __libc_start_main
08075078  00002007 R_386_JUMP_SLOT   00000000   _IO_getc
0807507c  00002107 R_386_JUMP_SLOT   00000000   __memcpy_chk
08075080  00002207 R_386_JUMP_SLOT   00000000   strrchr
08075084  00002307 R_386_JUMP_SLOT   00000000   modf
08075088  00002407 R_386_JUMP_SLOT   00000000   fseeko64
0807508c  00002507 R_386_JUMP_SLOT   00000000   exp
08075090  00002607 R_386_JUMP_SLOT   00000000   gmtime_r
08075094  00002707 R_386_JUMP_SLOT   00000000   ungetc
08075098  00002807 R_386_JUMP_SLOT   00000000   __ctype_toupper_loc
0807509c  00002907 R_386_JUMP_SLOT   00000000   free
080750a0  00002a07 R_386_JUMP_SLOT   00000000   atan
080750a4  00002b07 R_386_JUMP_SLOT   00000000   dlsym
080750a8  00002c07 R_386_JUMP_SLOT   00000000   fflush
080750ac  00002d07 R_386_JUMP_SLOT   00000000   sqrt
080750b0  00002e07 R_386_JUMP_SLOT   00000000   mkstemp
080750b4  00002f07 R_386_JUMP_SLOT   00000000   __ctype_b_loc
080750b8  00003007 R_386_JUMP_SLOT   00000000   fclose
080750bc  00003107 R_386_JUMP_SLOT   00000000   ftello64
080750c0  00003207 R_386_JUMP_SLOT   00000000   tanh
080750c4  00003307 R_386_JUMP_SLOT   00000000   _setjmp
080750c8  00003407 R_386_JUMP_SLOT   00000000   mktime
080750cc  00003507 R_386_JUMP_SLOT   00000000   clock
080750d0  00003607 R_386_JUMP_SLOT   00000000   acos
080750d4  00003707 R_386_JUMP_SLOT   00000000   memcpy
080750d8  00003807 R_386_JUMP_SLOT   00000000   strlen
080750dc  00003907 R_386_JUMP_SLOT   00000000   fopen
080750e0  00003a07 R_386_JUMP_SLOT   00000000   cos
080750e4  00003b07 R_386_JUMP_SLOT   00000000   freopen
080750e8  00003c07 R_386_JUMP_SLOT   00000000   setlocale
080750ec  00003d07 R_386_JUMP_SLOT   00000000   clearerr
080750f0  00003e07 R_386_JUMP_SLOT   00000000   feof
080750f4  00003f07 R_386_JUMP_SLOT   00000000   strcpy
080750f8  00004007 R_386_JUMP_SLOT   00000000   dlopen
080750fc  00004107 R_386_JUMP_SLOT   00000000   close
08075100  00004207 R_386_JUMP_SLOT   00000000   fwrite
08075104  00004307 R_386_JUMP_SLOT   00000000   frexp
08075108  00004407 R_386_JUMP_SLOT   00000000   strstr
0807510c  00004507 R_386_JUMP_SLOT   00000000   time
08075110  00004607 R_386_JUMP_SLOT   00000000   log10
08075114  00004707 R_386_JUMP_SLOT   00000000   setvbuf
08075118  00004807 R_386_JUMP_SLOT   00000000   remove
0807511c  00004907 R_386_JUMP_SLOT   00000000   __stack_chk_fail
08075120  00004a07 R_386_JUMP_SLOT   00000000   atan2
08075124  00004b07 R_386_JUMP_SLOT   00000000   dlerror
08075128  00004c07 R_386_JUMP_SLOT   00000000   sleep
0807512c  00004d07 R_386_JUMP_SLOT   00000000   __ctype_tolower_loc
08075130  00004e07 R_386_JUMP_SLOT   00000000   log
08075134  00004f07 R_386_JUMP_SLOT   00000000   puts
08075138  00005007 R_386_JUMP_SLOT   00000000   rand
0807513c  00005107 R_386_JUMP_SLOT   00000000   strspn
08075140  00005207 R_386_JUMP_SLOT   00000000   __sprintf_chk
08075144  00005307 R_386_JUMP_SLOT   00000000   memchr
08075148  00005407 R_386_JUMP_SLOT   00000000   strpbrk
0807514c  00005507 R_386_JUMP_SLOT   00000000   tan
08075150  00005607 R_386_JUMP_SLOT   00000000   fread
08075154  00005707 R_386_JUMP_SLOT   00000000   strftime
08075158  00005807 R_386_JUMP_SLOT   00000000   cosh
0807515c  00006407 R_386_JUMP_SLOT   080496b0   __gxx_personality_v0
08075160  00005907 R_386_JUMP_SLOT   00000000   sin
08075164  00005a07 R_386_JUMP_SLOT   00000000   _Unwind_Resume
08075168  00005b07 R_386_JUMP_SLOT   00000000   ferror
0807516c  00005c07 R_386_JUMP_SLOT   00000000   strcmp
08075170  00005d07 R_386_JUMP_SLOT   00000000   exit
08075174  00005e07 R_386_JUMP_SLOT   00000000   difftime
08075178  00005f07 R_386_JUMP_SLOT   00000000   pclose

There are no unwind sections in this file.

Symbol table '.dynsym' contains 101 entries:
   Num:    Value  Size Type    Bind   Vis      Ndx Name
     0: 00000000     0 NOTYPE  LOCAL  DEFAULT  UND 
     1: 00000000     0 FUNC    GLOBAL DEFAULT  UND ldexp@GLIBC_2.0 (2)
     2: 00000000     0 FUNC    GLOBAL DEFAULT  UND fmod@GLIBC_2.0 (2)
     3: 00000000     0 FUNC    GLOBAL DEFAULT  UND abort@GLIBC_2.0 (3)
     4: 00000000     0 FUNC    GLOBAL DEFAULT  UND __errno_location@GLIBC_2.0 (3)
     5: 00000000     0 FUNC    GLOBAL DEFAULT  UND tmpfile64@GLIBC_2.1 (4)
     6: 00000000     0 FUNC    GLOBAL DEFAULT  UND popen@GLIBC_2.1 (4)
     7: 00000000     0 FUNC    GLOBAL DEFAULT  UND srand@GLIBC_2.0 (3)
     8: 00000000     0 FUNC    GLOBAL DEFAULT  UND localtime_r@GLIBC_2.0 (3)
     9: 00000000     0 FUNC    GLOBAL DEFAULT  UND localeconv@GLIBC_2.2 (5)
    10: 00000000     0 FUNC    GLOBAL DEFAULT  UND strerror@GLIBC_2.0 (3)
    11: 00000000     0 FUNC    GLOBAL DEFAULT  UND strcoll@GLIBC_2.0 (3)
    12: 00000000     0 FUNC    GLOBAL DEFAULT  UND memcmp@GLIBC_2.0 (3)
    13: 00000000     0 FUNC    GLOBAL DEFAULT  UND asin@GLIBC_2.0 (2)
    14: 00000000     0 FUNC    GLOBAL DEFAULT  UND __longjmp_chk@GLIBC_2.11 (6)
    15: 00000000     0 FUNC    GLOBAL DEFAULT  UND __isoc99_fscanf@GLIBC_2.7 (7)
    16: 00000000     0 FUNC    GLOBAL DEFAULT  UND __fprintf_chk@GLIBC_2.3.4 (8)
    17: 00000000     0 NOTYPE  WEAK   DEFAULT  UND __gmon_start__
    18: 00000000     0 NOTYPE  WEAK   DEFAULT  UND _Jv_RegisterClasses
    19: 00000000     0 FUNC    GLOBAL DEFAULT  UND realloc@GLIBC_2.0 (3)
    20: 00000000     0 FUNC    GLOBAL DEFAULT  UND sinh@GLIBC_2.0 (2)
    21: 00000000     0 FUNC    GLOBAL DEFAULT  UND __printf_chk@GLIBC_2.3.4 (8)
    22: 00000000     0 FUNC    GLOBAL DEFAULT  UND strtod@GLIBC_2.0 (3)
    23: 00000000     0 FUNC    GLOBAL DEFAULT  UND strchr@GLIBC_2.0 (3)
    24: 00000000     0 FUNC    GLOBAL DEFAULT  UND getenv@GLIBC_2.0 (3)
    25: 00000000     0 FUNC    GLOBAL DEFAULT  UND system@GLIBC_2.0 (3)
    26: 00000000     0 FUNC    GLOBAL DEFAULT  UND pow@GLIBC_2.0 (2)
    27: 00000000     0 FUNC    GLOBAL DEFAULT  UND dlclose@GLIBC_2.0 (9)
    28: 00000000     0 FUNC    GLOBAL DEFAULT  UND fgets@GLIBC_2.0 (3)
    29: 00000000     0 FUNC    GLOBAL DEFAULT  UND rename@GLIBC_2.0 (3)
    30: 00000000     0 FUNC    GLOBAL DEFAULT  UND fopen64@GLIBC_2.1 (4)
    31: 00000000     0 FUNC    GLOBAL DEFAULT  UND __libc_start_main@GLIBC_2.0 (3)
    32: 00000000     0 FUNC    GLOBAL DEFAULT  UND _IO_getc@GLIBC_2.0 (3)
    33: 00000000     0 FUNC    GLOBAL DEFAULT  UND __memcpy_chk@GLIBC_2.3.4 (8)
    34: 00000000     0 FUNC    GLOBAL DEFAULT  UND strrchr@GLIBC_2.0 (3)
    35: 00000000     0 FUNC    GLOBAL DEFAULT  UND modf@GLIBC_2.0 (2)
    36: 00000000     0 FUNC    GLOBAL DEFAULT  UND fseeko64@GLIBC_2.1 (4)
    37: 00000000     0 FUNC    GLOBAL DEFAULT  UND exp@GLIBC_2.0 (2)
    38: 00000000     0 FUNC    GLOBAL DEFAULT  UND gmtime_r@GLIBC_2.0 (3)
    39: 00000000     0 FUNC    GLOBAL DEFAULT  UND ungetc@GLIBC_2.0 (3)
    40: 00000000     0 FUNC    GLOBAL DEFAULT  UND __ctype_toupper_loc@GLIBC_2.3 (10)
    41: 00000000     0 FUNC    GLOBAL DEFAULT  UND free@GLIBC_2.0 (3)
    42: 00000000     0 FUNC    GLOBAL DEFAULT  UND atan@GLIBC_2.0 (2)
    43: 00000000     0 FUNC    GLOBAL DEFAULT  UND dlsym@GLIBC_2.0 (9)
    44: 00000000     0 FUNC    GLOBAL DEFAULT  UND fflush@GLIBC_2.0 (3)
    45: 00000000     0 FUNC    GLOBAL DEFAULT  UND sqrt@GLIBC_2.0 (2)
    46: 00000000     0 FUNC    GLOBAL DEFAULT  UND mkstemp@GLIBC_2.0 (3)
    47: 00000000     0 FUNC    GLOBAL DEFAULT  UND __ctype_b_loc@GLIBC_2.3 (10)
    48: 00000000     0 FUNC    GLOBAL DEFAULT  UND fclose@GLIBC_2.1 (4)
    49: 00000000     0 FUNC    GLOBAL DEFAULT  UND ftello64@GLIBC_2.1 (4)
    50: 00000000     0 FUNC    GLOBAL DEFAULT  UND tanh@GLIBC_2.0 (2)
    51: 00000000     0 FUNC    GLOBAL DEFAULT  UND _setjmp@GLIBC_2.0 (3)
    52: 00000000     0 FUNC    GLOBAL DEFAULT  UND mktime@GLIBC_2.0 (3)
    53: 00000000     0 FUNC    GLOBAL DEFAULT  UND clock@GLIBC_2.0 (3)
    54: 00000000     0 FUNC    GLOBAL DEFAULT  UND acos@GLIBC_2.0 (2)
    55: 00000000     0 FUNC    GLOBAL DEFAULT  UND memcpy@GLIBC_2.0 (3)
    56: 00000000     0 FUNC    GLOBAL DEFAULT  UND strlen@GLIBC_2.0 (3)
    57: 00000000     0 FUNC    GLOBAL DEFAULT  UND fopen@GLIBC_2.1 (4)
    58: 00000000     0 FUNC    GLOBAL DEFAULT  UND cos@GLIBC_2.0 (2)
    59: 00000000     0 FUNC    GLOBAL DEFAULT  UND freopen@GLIBC_2.0 (3)
    60: 00000000     0 FUNC    GLOBAL DEFAULT  UND setlocale@GLIBC_2.0 (3)
    61: 00000000     0 FUNC    GLOBAL DEFAULT  UND clearerr@GLIBC_2.0 (3)
    62: 00000000     0 FUNC    GLOBAL DEFAULT  UND feof@GLIBC_2.0 (3)
    63: 00000000     0 FUNC    GLOBAL DEFAULT  UND strcpy@GLIBC_2.0 (3)
    64: 00000000     0 FUNC    GLOBAL DEFAULT  UND dlopen@GLIBC_2.1 (11)
    65: 00000000     0 FUNC    GLOBAL DEFAULT  UND close@GLIBC_2.0 (3)
    66: 00000000     0 FUNC    GLOBAL DEFAULT  UND fwrite@GLIBC_2.0 (3)
    67: 00000000     0 FUNC    GLOBAL DEFAULT  UND frexp@GLIBC_2.0 (2)
    68: 00000000     0 FUNC    GLOBAL DEFAULT  UND strstr@GLIBC_2.0 (3)
    69: 00000000     0 FUNC    GLOBAL DEFAULT  UND time@GLIBC_2.0 (3)
    70: 00000000     0 FUNC    GLOBAL DEFAULT  UND log10@GLIBC_2.0 (2)
    71: 00000000     0 FUNC    GLOBAL DEFAULT  UND setvbuf@GLIBC_2.0 (3)
    72: 00000000     0 FUNC    GLOBAL DEFAULT  UND remove@GLIBC_2.0 (3)
    73: 00000000     0 FUNC    GLOBAL DEFAULT  UND __stack_chk_fail@GLIBC_2.4 (12)
    74: 00000000     0 FUNC    GLOBAL DEFAULT  UND atan2@GLIBC_2.0 (2)
    75: 00000000     0 FUNC    GLOBAL DEFAULT  UND dlerror@GLIBC_2.0 (9)
    76: 00000000     0 FUNC    GLOBAL DEFAULT  UND sleep@GLIBC_2.0 (3)
    77: 00000000     0 FUNC    GLOBAL DEFAULT  UND __ctype_tolower_loc@GLIBC_2.3 (10)
    78: 00000000     0 FUNC    GLOBAL DEFAULT  UND log@GLIBC_2.0 (2)
    79: 00000000     0 FUNC    GLOBAL DEFAULT  UND puts@GLIBC_2.0 (3)
    80: 00000000     0 FUNC    GLOBAL DEFAULT  UND rand@GLIBC_2.0 (3)
    81: 00000000     0 FUNC    GLOBAL DEFAULT  UND strspn@GLIBC_2.0 (3)
    82: 00000000     0 FUNC    GLOBAL DEFAULT  UND __sprintf_chk@GLIBC_2.3.4 (8)
    83: 00000000     0 FUNC    GLOBAL DEFAULT  UND memchr@GLIBC_2.0 (3)
    84: 00000000     0 FUNC    GLOBAL DEFAULT  UND strpbrk@GLIBC_2.0 (3)
    85: 00000000     0 FUNC    GLOBAL DEFAULT  UND tan@GLIBC_2.0 (2)
    86: 00000000     0 FUNC    GLOBAL DEFAULT  UND fread@GLIBC_2.0 (3)
    87: 00000000     0 FUNC    GLOBAL DEFAULT  UND strftime@GLIBC_2.0 (3)
    88: 00000000     0 FUNC    GLOBAL DEFAULT  UND cosh@GLIBC_2.0 (2)
    89: 00000000     0 FUNC    GLOBAL DEFAULT  UND sin@GLIBC_2.0 (2)
    90: 00000000     0 FUNC    GLOBAL DEFAULT  UND _Unwind_Resume@GCC_3.0 (14)
    91: 00000000     0 FUNC    GLOBAL DEFAULT  UND ferror@GLIBC_2.0 (3)
    92: 00000000     0 FUNC    GLOBAL DEFAULT  UND strcmp@GLIBC_2.0 (3)
    93: 00000000     0 FUNC    GLOBAL DEFAULT  UND exit@GLIBC_2.0 (3)
    94: 00000000     0 FUNC    GLOBAL DEFAULT  UND difftime@GLIBC_2.0 (3)
    95: 00000000     0 FUNC    GLOBAL DEFAULT  UND pclose@GLIBC_2.1 (4)
    96: 080751c0     4 OBJECT  GLOBAL DEFAULT   26 stdout@GLIBC_2.0 (3)
    97: 08068144     4 OBJECT  GLOBAL DEFAULT   15 _IO_stdin_used
    98: 080751a0     4 OBJECT  GLOBAL DEFAULT   26 stderr@GLIBC_2.0 (3)
    99: 080751a4     4 OBJECT  GLOBAL DEFAULT   26 stdin@GLIBC_2.0 (3)
   100: 080496b0     0 FUNC    GLOBAL DEFAULT  UND __gxx_personality_v0@CXXABI_1.3 (13)

Symbol table '.symtab' contains 906 entries:
   Num:    Value  Size Type    Bind   Vis      Ndx Name
     0: 00000000     0 NOTYPE  LOCAL  DEFAULT  UND 
     1: 08048154     0 SECTION LOCAL  DEFAULT    1 
     2: 08048168     0 SECTION LOCAL  DEFAULT    2 
     3: 08048188     0 SECTION LOCAL  DEFAULT    3 
     4: 080481ac     0 SECTION LOCAL  DEFAULT    4 
     5: 080481e0     0 SECTION LOCAL  DEFAULT    5 
     6: 08048830     0 SECTION LOCAL  DEFAULT    6 
     7: 08048bf8     0 SECTION LOCAL  DEFAULT    7 
     8: 08048cc4     0 SECTION LOCAL  DEFAULT    8 
     9: 08048de4     0 SECTION LOCAL  DEFAULT    9 
    10: 08048e04     0 SECTION LOCAL  DEFAULT   10 
    11: 080490fc     0 SECTION LOCAL  DEFAULT   11 
    12: 08049130     0 SECTION LOCAL  DEFAULT   12 
    13: 08049730     0 SECTION LOCAL  DEFAULT   13 
    14: 0806810c     0 SECTION LOCAL  DEFAULT   14 
    15: 08068140     0 SECTION LOCAL  DEFAULT   15 
    16: 0806b7ac     0 SECTION LOCAL  DEFAULT   16 
    17: 0806cc90     0 SECTION LOCAL  DEFAULT   17 
    18: 08073c68     0 SECTION LOCAL  DEFAULT   18 
    19: 08074ef4     0 SECTION LOCAL  DEFAULT   19 
    20: 08074efc     0 SECTION LOCAL  DEFAULT   20 
    21: 08074f04     0 SECTION LOCAL  DEFAULT   21 
    22: 08074f08     0 SECTION LOCAL  DEFAULT   22 
    23: 08074ff0     0 SECTION LOCAL  DEFAULT   23 
    24: 08074ff4     0 SECTION LOCAL  DEFAULT   24 
    25: 0807517c     0 SECTION LOCAL  DEFAULT   25 
    26: 080751a0     0 SECTION LOCAL  DEFAULT   26 
    27: 00000000     0 SECTION LOCAL  DEFAULT   27 
    28: 00000000     0 SECTION LOCAL  DEFAULT   28 
    29: 00000000     0 SECTION LOCAL  DEFAULT   29 
    30: 00000000     0 SECTION LOCAL  DEFAULT   30 
    31: 00000000     0 SECTION LOCAL  DEFAULT   31 
    32: 00000000     0 SECTION LOCAL  DEFAULT   32 
    33: 00000000     0 SECTION LOCAL  DEFAULT   33 
    34: 00000000     0 SECTION LOCAL  DEFAULT   34 
    35: 00000000     0 FILE    LOCAL  DEFAULT  ABS crtstuff.c
    36: 08074ef4     0 OBJECT  LOCAL  DEFAULT   19 __CTOR_LIST__
    37: 08074efc     0 OBJECT  LOCAL  DEFAULT   20 __DTOR_LIST__
    38: 08074f04     0 OBJECT  LOCAL  DEFAULT   21 __JCR_LIST__
    39: 08049a60     0 FUNC    LOCAL  DEFAULT   13 __do_global_dtors_aux
    40: 080751c4     1 OBJECT  LOCAL  DEFAULT   26 completed.6159
    41: 080751c8     4 OBJECT  LOCAL  DEFAULT   26 dtor_idx.6161
    42: 08049ac0     0 FUNC    LOCAL  DEFAULT   13 frame_dummy
    43: 00000000     0 FILE    LOCAL  DEFAULT  ABS crtstuff.c
    44: 08074ef8     0 OBJECT  LOCAL  DEFAULT   19 __CTOR_END__
    45: 08073c64     0 OBJECT  LOCAL  DEFAULT   17 __FRAME_END__
    46: 08074f04     0 OBJECT  LOCAL  DEFAULT   21 __JCR_END__
    47: 080680e0     0 FUNC    LOCAL  DEFAULT   13 __do_global_ctors_aux
    48: 00000000     0 FILE    LOCAL  DEFAULT  ABS ldo.c
    49: 0804d3a0   122 FUNC    LOCAL  DEFAULT   13 seterrorobj
    50: 0804d4a0   100 FUNC    LOCAL  DEFAULT   13 checkmode
    51: 0804d510   261 FUNC    LOCAL  DEFAULT   13 f_parser
    52: 08049730    63 FUNC    LOCAL  DEFAULT   13 resume_error
    53: 0804dab0   168 FUNC    LOCAL  DEFAULT   13 unroll
    54: 0804def0   242 FUNC    LOCAL  DEFAULT   13 resume
    55: 00000000     0 FILE    LOCAL  DEFAULT  ABS lparser.c
    56: 08050f90   214 FUNC    LOCAL  DEFAULT   13 open_func
    57: 08051070    53 FUNC    LOCAL  DEFAULT   13 error_expected
    58: 080510b0    25 FUNC    LOCAL  DEFAULT   13 checknext
    59: 080510d0    41 FUNC    LOCAL  DEFAULT   13 str_checkname
    60: 08051100    70 FUNC    LOCAL  DEFAULT   13 checkname
    61: 08051150    95 FUNC    LOCAL  DEFAULT   13 fieldsel
    62: 080511b0    73 FUNC    LOCAL  DEFAULT   13 adjustlocalvars.isra.0
    63: 08051200   147 FUNC    LOCAL  DEFAULT   13 newlabelentry.isra.3
    64: 0804976f   107 FUNC    LOCAL  DEFAULT   13 checklimit.part.7
    65: 080512a0   418 FUNC    LOCAL  DEFAULT   13 new_localvar
    66: 08051450    35 FUNC    LOCAL  DEFAULT   13 new_localvarliteral_
    67: 08051480   267 FUNC    LOCAL  DEFAULT   13 newupvalue.isra.8
    68: 08051590   315 FUNC    LOCAL  DEFAULT   13 singlevaraux
    69: 080516d0   157 FUNC    LOCAL  DEFAULT   13 singlevar
    70: 08051770    44 FUNC    LOCAL  DEFAULT   13 enterlevel.isra.9
    71: 080517a0   237 FUNC    LOCAL  DEFAULT   13 closegoto.isra.16
    72: 08051890   101 FUNC    LOCAL  DEFAULT   13 findgotos
    73: 08051900   218 FUNC    LOCAL  DEFAULT   13 findlabel
    74: 080519e0   538 FUNC    LOCAL  DEFAULT   13 leaveblock
    75: 08051c00   483 FUNC    LOCAL  DEFAULT   13 close_func
    76: 08051df0   146 FUNC    LOCAL  DEFAULT   13 gotostat
    77: 08051e90   144 FUNC    LOCAL  DEFAULT   13 check_match
    78: 08051f20   190 FUNC    LOCAL  DEFAULT   13 adjust_assign.isra.18
    79: 08051fe0   227 FUNC    LOCAL  DEFAULT   13 recfield.isra.19
    80: 080537c0    70 FUNC    LOCAL  DEFAULT   13 yindex
    81: 080537b0     7 FUNC    LOCAL  DEFAULT   13 expr
    82: 080520d0   667 FUNC    LOCAL  DEFAULT   13 constructor
    83: 08053810    71 FUNC    LOCAL  DEFAULT   13 listfield
    84: 08052370   389 FUNC    LOCAL  DEFAULT   13 funcargs
    85: 08053860    99 FUNC    LOCAL  DEFAULT   13 explist
    86: 08052500   348 FUNC    LOCAL  DEFAULT   13 suffixedexp
    87: 08052660  2644 FUNC    LOCAL  DEFAULT   13 statement
    88: 08053120   617 FUNC    LOCAL  DEFAULT   13 body
    89: 080530c0    84 FUNC    LOCAL  DEFAULT   13 statlist
    90: 08053b10    70 FUNC    LOCAL  DEFAULT   13 cond
    91: 080690c0   108 OBJECT  LOCAL  DEFAULT   15 CSWTCH.58
    92: 08053ba0    78 FUNC    LOCAL  DEFAULT   13 block
    93: 08053d80   402 FUNC    LOCAL  DEFAULT   13 test_then_block
    94: 08053bf0   386 FUNC    LOCAL  DEFAULT   13 forbody
    95: 08053b60    55 FUNC    LOCAL  DEFAULT   13 exp1
    96: 080538d0   561 FUNC    LOCAL  DEFAULT   13 assignment
    97: 08053390  1043 FUNC    LOCAL  DEFAULT   13 subexpr
    98: 0806908c    30 OBJECT  LOCAL  DEFAULT   15 priority
    99: 08069020   108 OBJECT  LOCAL  DEFAULT   15 CSWTCH.56
   100: 00000000     0 FILE    LOCAL  DEFAULT  ABS llex.c
   101: 0806ae40   132 OBJECT  LOCAL  DEFAULT   15 luaX_tokens
   102: 08063080   203 FUNC    LOCAL  DEFAULT   13 lexerror
   103: 08063150   128 FUNC    LOCAL  DEFAULT   13 save
   104: 080631d0   154 FUNC    LOCAL  DEFAULT   13 skip_sep
   105: 08063270   114 FUNC    LOCAL  DEFAULT   13 check_next
   106: 080497da    75 FUNC    LOCAL  DEFAULT   13 escerror
   107: 08063310   156 FUNC    LOCAL  DEFAULT   13 inclinenumber
   108: 08063470   406 FUNC    LOCAL  DEFAULT   13 read_long_string
   109: 08063610  2768 FUNC    LOCAL  DEFAULT   13 llex
   110: 00000000     0 FILE    LOCAL  DEFAULT  ABS main.cpp
   111: 00000000     0 FILE    LOCAL  DEFAULT  ABS luainstance.cpp
   112: 00000000     0 FILE    LOCAL  DEFAULT  ABS luabinder.cpp
   113: 00000000     0 FILE    LOCAL  DEFAULT  ABS luafuncsrc.cpp
   114: 0804a3e0    80 FUNC    LOCAL  DEFAULT   13 _ZL16test_sub_two_intP9lu
   115: 0804a430   118 FUNC    LOCAL  DEFAULT   13 _ZL16test_add_two_intP9lu
   116: 00000000     0 FILE    LOCAL  DEFAULT  ABS lapi.c
   117: 0804a510   112 FUNC    LOCAL  DEFAULT   13 index2addr
   118: 0804a580    44 FUNC    LOCAL  DEFAULT   13 f_call
   119: 0804a5b0    15 FUNC    LOCAL  DEFAULT   13 growstack
   120: 0804a5c0   168 FUNC    LOCAL  DEFAULT   13 aux_upvalue
   121: 0804a670   119 FUNC    LOCAL  DEFAULT   13 moveto
   122: 08068428     8 OBJECT  LOCAL  DEFAULT   15 version.2689
   123: 00000000     0 FILE    LOCAL  DEFAULT  ABS ldebug.c
   124: 0804c580   740 FUNC    LOCAL  DEFAULT   13 getobjname
   125: 0804c870    84 FUNC    LOCAL  DEFAULT   13 kname
   126: 0804c8d0   236 FUNC    LOCAL  DEFAULT   13 findlocal.isra.6
   127: 00000000     0 FILE    LOCAL  DEFAULT  ABS ldump.c
   128: 0804e450    44 FUNC    LOCAL  DEFAULT   13 DumpBlock
   129: 0804e480    27 FUNC    LOCAL  DEFAULT   13 DumpChar
   130: 0804e4a0    27 FUNC    LOCAL  DEFAULT   13 DumpInt
   131: 0804e4c0   108 FUNC    LOCAL  DEFAULT   13 DumpString
   132: 0804e530   651 FUNC    LOCAL  DEFAULT   13 DumpFunction
   133: 00000000     0 FILE    LOCAL  DEFAULT  ABS lfunc.c
   134: 00000000     0 FILE    LOCAL  DEFAULT  ABS lgc.c
   135: 0804ecb0   332 FUNC    LOCAL  DEFAULT   13 reallymarkobject
   136: 0804ee00    57 FUNC    LOCAL  DEFAULT   13 markmt
   137: 0804ee40    56 FUNC    LOCAL  DEFAULT   13 markbeingfnz
   138: 0804ee80   589 FUNC    LOCAL  DEFAULT   13 sweeplist
   139: 0804f0d0    52 FUNC    LOCAL  DEFAULT   13 sweeptolive
   140: 0804f110    71 FUNC    LOCAL  DEFAULT   13 entersweep
   141: 0804f160   102 FUNC    LOCAL  DEFAULT   13 setpause
   142: 0804f1d0   364 FUNC    LOCAL  DEFAULT   13 GCTM
   143: 0804f370    45 FUNC    LOCAL  DEFAULT   13 dothecall
   144: 0804f340    48 FUNC    LOCAL  DEFAULT   13 callallpendingfinalizers
   145: 0804f3a0    41 FUNC    LOCAL  DEFAULT   13 removeentry
   146: 0804f3d0   107 FUNC    LOCAL  DEFAULT   13 iscleared
   147: 0804f440   389 FUNC    LOCAL  DEFAULT   13 traverseephemeron
   148: 0804f5d0  1474 FUNC    LOCAL  DEFAULT   13 propagatemark
   149: 0804fba0    35 FUNC    LOCAL  DEFAULT   13 propagateall
   150: 0804fbd0    76 FUNC    LOCAL  DEFAULT   13 convergeephemerons
   151: 0804fc20   191 FUNC    LOCAL  DEFAULT   13 clearvalues
   152: 0804fce0    84 FUNC    LOCAL  DEFAULT   13 separatetobefnz.isra.2
   153: 0804fd40   111 FUNC    LOCAL  DEFAULT   13 clearkeys.constprop.3
   154: 0804fdb0  1012 FUNC    LOCAL  DEFAULT   13 singlestep
   155: 00000000     0 FILE    LOCAL  DEFAULT  ABS lmem.c
   156: 00000000     0 FILE    LOCAL  DEFAULT  ABS lobject.c
   157: 08050960    68 FUNC    LOCAL  DEFAULT   13 pushstr
   158: 08068aa0   256 OBJECT  LOCAL  DEFAULT   15 log_2.4949
   159: 00000000     0 FILE    LOCAL  DEFAULT  ABS lopcodes.c
   160: 00000000     0 FILE    LOCAL  DEFAULT  ABS lstate.c
   161: 080540b0   141 FUNC    LOCAL  DEFAULT   13 stack_init
   162: 08054140   275 FUNC    LOCAL  DEFAULT   13 f_luaopen
   163: 08054310    65 FUNC    LOCAL  DEFAULT   13 freestack
   164: 08054360   150 FUNC    LOCAL  DEFAULT   13 close_state
   165: 00000000     0 FILE    LOCAL  DEFAULT  ABS lstring.c
   166: 080547e0   116 FUNC    LOCAL  DEFAULT   13 createstrobj
   167: 00000000     0 FILE    LOCAL  DEFAULT  ABS ltable.c
   168: 08054cf0   335 FUNC    LOCAL  DEFAULT   13 mainposition
   169: 08054e40   107 FUNC    LOCAL  DEFAULT   13 countint
   170: 08054eb0   225 FUNC    LOCAL  DEFAULT   13 setnodevector
   171: 0806919c    20 OBJECT  LOCAL  DEFAULT   15 dummynode_
   172: 00000000     0 FILE    LOCAL  DEFAULT  ABS ltm.c
   173: 080692e0    68 OBJECT  LOCAL  DEFAULT   15 luaT_eventname.2505
   174: 08069324     9 OBJECT  LOCAL  DEFAULT   15 udatatypename
   175: 00000000     0 FILE    LOCAL  DEFAULT  ABS lundump.c
   176: 08055d70    50 FUNC    LOCAL  DEFAULT   13 error.isra.0
   177: 08055db0    49 FUNC    LOCAL  DEFAULT   13 LoadBlock
   178: 08055df0    26 FUNC    LOCAL  DEFAULT   13 LoadChar
   179: 08055e10    98 FUNC    LOCAL  DEFAULT   13 LoadString
   180: 08055e80    48 FUNC    LOCAL  DEFAULT   13 LoadInt
   181: 08055eb0  1094 FUNC    LOCAL  DEFAULT   13 LoadFunction
   182: 00000000     0 FILE    LOCAL  DEFAULT  ABS lvm.c
   183: 08056520   235 FUNC    LOCAL  DEFAULT   13 callTM
   184: 08056610   141 FUNC    LOCAL  DEFAULT   13 call_binTM
   185: 080566a0    88 FUNC    LOCAL  DEFAULT   13 call_orderTM
   186: 08056700   109 FUNC    LOCAL  DEFAULT   13 l_strcmp
   187: 08056ea0   232 FUNC    LOCAL  DEFAULT   13 get_equalTM.isra.2.constp
   188: 00000000     0 FILE    LOCAL  DEFAULT  ABS lzio.c
   189: 00000000     0 FILE    LOCAL  DEFAULT  ABS lauxlib.c
   190: 08058c10    30 FUNC    LOCAL  DEFAULT   13 getS
   191: 08058c30    83 FUNC    LOCAL  DEFAULT   13 panic
   192: 08058c90    46 FUNC    LOCAL  DEFAULT   13 l_alloc
   193: 08058cc0   333 FUNC    LOCAL  DEFAULT   13 luaL_findtable
   194: 08058e10   130 FUNC    LOCAL  DEFAULT   13 errfile
   195: 08058ea0   113 FUNC    LOCAL  DEFAULT   13 getF
   196: 08058f20   313 FUNC    LOCAL  DEFAULT   13 findfield
   197: 08059060   185 FUNC    LOCAL  DEFAULT   13 pushglobalfuncname
   198: 08059120   169 FUNC    LOCAL  DEFAULT   13 skipcomment
   199: 080597c0   101 FUNC    LOCAL  DEFAULT   13 typeerror
   200: 08059830    49 FUNC    LOCAL  DEFAULT   13 tag_error
   201: 00000000     0 FILE    LOCAL  DEFAULT  ABS lbaselib.c
   202: 0805b120    22 FUNC    LOCAL  DEFAULT   13 dofilecont
   203: 0805b140    74 FUNC    LOCAL  DEFAULT   13 luaB_type
   204: 0805b190    58 FUNC    LOCAL  DEFAULT   13 luaB_tostring
   205: 0805b1d0   491 FUNC    LOCAL  DEFAULT   13 luaB_tonumber
   206: 0805b3c0   186 FUNC    LOCAL  DEFAULT   13 luaB_select
   207: 0805b480   116 FUNC    LOCAL  DEFAULT   13 ipairsaux
   208: 0805b500   106 FUNC    LOCAL  DEFAULT   13 luaB_rawset
   209: 0805b570    90 FUNC    LOCAL  DEFAULT   13 luaB_rawget
   210: 0805b5d0    94 FUNC    LOCAL  DEFAULT   13 luaB_rawlen
   211: 0805b630    86 FUNC    LOCAL  DEFAULT   13 luaB_rawequal
   212: 0805b690   340 FUNC    LOCAL  DEFAULT   13 luaB_print
   213: 0805b7f0   100 FUNC    LOCAL  DEFAULT   13 luaB_next
   214: 0805b860   230 FUNC    LOCAL  DEFAULT   13 generic_reader
   215: 0805b950   133 FUNC    LOCAL  DEFAULT   13 luaB_error
   216: 0805b9e0   289 FUNC    LOCAL  DEFAULT   13 luaB_collectgarbage
   217: 08069b40    48 OBJECT  LOCAL  DEFAULT   15 opts.3603
   218: 08069b80    44 OBJECT  LOCAL  DEFAULT   15 optsnum.3604
   219: 0805bb10   130 FUNC    LOCAL  DEFAULT   13 finishpcall
   220: 0805bba0   181 FUNC    LOCAL  DEFAULT   13 luaB_xpcall
   221: 0805bc60    43 FUNC    LOCAL  DEFAULT   13 pcallcont
   222: 0805bc90   121 FUNC    LOCAL  DEFAULT   13 luaB_pcall
   223: 0805bd10   182 FUNC    LOCAL  DEFAULT   13 luaB_setmetatable
   224: 0805bdd0   219 FUNC    LOCAL  DEFAULT   13 pairsmeta
   225: 0805beb0    24 FUNC    LOCAL  DEFAULT   13 luaB_pairs
   226: 0805bed0    27 FUNC    LOCAL  DEFAULT   13 luaB_ipairs
   227: 0805bef0    74 FUNC    LOCAL  DEFAULT   13 load_aux.part.3
   228: 0805bf40   359 FUNC    LOCAL  DEFAULT   13 luaB_load
   229: 0805c0b0   228 FUNC    LOCAL  DEFAULT   13 luaB_loadfile
   230: 0805c1a0    98 FUNC    LOCAL  DEFAULT   13 luaB_getmetatable
   231: 0805c210   158 FUNC    LOCAL  DEFAULT   13 luaB_dofile
   232: 0805c2b0   105 FUNC    LOCAL  DEFAULT   13 luaB_assert
   233: 08069a80   192 OBJECT  LOCAL  DEFAULT   15 base_funcs
   234: 00000000     0 FILE    LOCAL  DEFAULT  ABS ldblib.c
   235: 0805c3d0    32 FUNC    LOCAL  DEFAULT   13 db_getregistry
   236: 0805c3f0   151 FUNC    LOCAL  DEFAULT   13 auxupvalue
   237: 0805c490    37 FUNC    LOCAL  DEFAULT   13 db_setupvalue
   238: 0805c4c0    14 FUNC    LOCAL  DEFAULT   13 db_getupvalue
   239: 0805c4d0   102 FUNC    LOCAL  DEFAULT   13 db_setmetatable
   240: 0805c540    59 FUNC    LOCAL  DEFAULT   13 settabss
   241: 0805c580    59 FUNC    LOCAL  DEFAULT   13 settabsi
   242: 0805c5c0   173 FUNC    LOCAL  DEFAULT   13 db_setuservalue
   243: 0805c670    62 FUNC    LOCAL  DEFAULT   13 db_getmetatable
   244: 0805c6b0   106 FUNC    LOCAL  DEFAULT   13 treatstackoption
   245: 0805c720    74 FUNC    LOCAL  DEFAULT   13 db_getuservalue
   246: 0805c770   367 FUNC    LOCAL  DEFAULT   13 db_debug
   247: 0805c8e0    82 FUNC    LOCAL  DEFAULT   13 getthread
   248: 0805c940   180 FUNC    LOCAL  DEFAULT   13 db_traceback
   249: 0805ca00   250 FUNC    LOCAL  DEFAULT   13 db_setlocal
   250: 0805cb00   484 FUNC    LOCAL  DEFAULT   13 db_sethook
   251: 0805d330   186 FUNC    LOCAL  DEFAULT   13 hookf
   252: 0805ccf0   415 FUNC    LOCAL  DEFAULT   13 db_getlocal
   253: 0805ce90   863 FUNC    LOCAL  DEFAULT   13 db_getinfo
   254: 0805d1f0   310 FUNC    LOCAL  DEFAULT   13 db_gethook
   255: 08069e28    20 OBJECT  LOCAL  DEFAULT   15 hooknames.3525
   256: 0805d3f0   210 FUNC    LOCAL  DEFAULT   13 checkupval
   257: 0805d4d0    67 FUNC    LOCAL  DEFAULT   13 db_upvalueid
   258: 0805d520   202 FUNC    LOCAL  DEFAULT   13 db_upvaluejoin
   259: 08069da0   136 OBJECT  LOCAL  DEFAULT   15 dblib
   260: 00000000     0 FILE    LOCAL  DEFAULT  ABS lmathlib.c
   261: 0805d640    52 FUNC    LOCAL  DEFAULT   13 math_rad
   262: 0805d680    80 FUNC    LOCAL  DEFAULT   13 math_floor
   263: 0805d6d0    52 FUNC    LOCAL  DEFAULT   13 math_deg
   264: 0805d710    80 FUNC    LOCAL  DEFAULT   13 math_ceil
   265: 0805d760    48 FUNC    LOCAL  DEFAULT   13 math_abs
   266: 0805d790    54 FUNC    LOCAL  DEFAULT   13 math_tan
   267: 0805d7d0    54 FUNC    LOCAL  DEFAULT   13 math_tanh
   268: 0805d810    68 FUNC    LOCAL  DEFAULT   13 math_sqrt
   269: 0805d860    54 FUNC    LOCAL  DEFAULT   13 math_sin
   270: 0805d8a0    54 FUNC    LOCAL  DEFAULT   13 math_sinh
   271: 0805d8e0    42 FUNC    LOCAL  DEFAULT   13 math_randomseed
   272: 0805d910   105 FUNC    LOCAL  DEFAULT   13 math_min
   273: 0805d980   107 FUNC    LOCAL  DEFAULT   13 math_max
   274: 0805d9f0   481 FUNC    LOCAL  DEFAULT   13 math_random
   275: 0805dbe0    82 FUNC    LOCAL  DEFAULT   13 math_pow
   276: 0805dc40    86 FUNC    LOCAL  DEFAULT   13 math_modf
   277: 0805dca0   166 FUNC    LOCAL  DEFAULT   13 math_log
   278: 0805dd50    54 FUNC    LOCAL  DEFAULT   13 math_log10
   279: 0805dd90    82 FUNC    LOCAL  DEFAULT   13 math_ldexp
   280: 0805ddf0    78 FUNC    LOCAL  DEFAULT   13 math_frexp
   281: 0805de40   107 FUNC    LOCAL  DEFAULT   13 math_fmod
   282: 0805deb0    54 FUNC    LOCAL  DEFAULT   13 math_exp
   283: 0805def0    54 FUNC    LOCAL  DEFAULT   13 math_cos
   284: 0805df30    54 FUNC    LOCAL  DEFAULT   13 math_cosh
   285: 0805df70    54 FUNC    LOCAL  DEFAULT   13 math_atan
   286: 0805dfb0    82 FUNC    LOCAL  DEFAULT   13 math_atan2
   287: 0805e010    54 FUNC    LOCAL  DEFAULT   13 math_asin
   288: 0805e050    54 FUNC    LOCAL  DEFAULT   13 math_acos
   289: 08069f00   232 OBJECT  LOCAL  DEFAULT   15 mathlib
   290: 00000000     0 FILE    LOCAL  DEFAULT  ABS lstrlib.c
   291: 0805e130   176 FUNC    LOCAL  DEFAULT   13 str_upper
   292: 0805e1e0   167 FUNC    LOCAL  DEFAULT   13 str_reverse
   293: 0805e290   391 FUNC    LOCAL  DEFAULT   13 str_rep
   294: 0805e420    58 FUNC    LOCAL  DEFAULT   13 str_len
   295: 0805e460   176 FUNC    LOCAL  DEFAULT   13 str_lower
   296: 0805e510   342 FUNC    LOCAL  DEFAULT   13 match_class
   297: 0805e670   144 FUNC    LOCAL  DEFAULT   13 matchbracketclass
   298: 0805e700    37 FUNC    LOCAL  DEFAULT   13 writer
   299: 0805e730   122 FUNC    LOCAL  DEFAULT   13 gmatch
   300: 08060450   285 FUNC    LOCAL  DEFAULT   13 gmatch_aux
   301: 0805e7b0   191 FUNC    LOCAL  DEFAULT   13 str_char
   302: 0805e870    98 FUNC    LOCAL  DEFAULT   13 addlenmod
   303: 0805e8e0  2053 FUNC    LOCAL  DEFAULT   13 str_format
   304: 0805f0f0    33 FUNC    LOCAL  DEFAULT   13 posrelat
   305: 0805f120   219 FUNC    LOCAL  DEFAULT   13 str_sub
   306: 0805f200   256 FUNC    LOCAL  DEFAULT   13 str_byte
   307: 0805f300   175 FUNC    LOCAL  DEFAULT   13 classend.isra.1
   308: 0805f3b0   219 FUNC    LOCAL  DEFAULT   13 push_onecapture
   309: 0805f490   125 FUNC    LOCAL  DEFAULT   13 push_captures
   310: 0805f510    79 FUNC    LOCAL  DEFAULT   13 singlematch.isra.3.part.4
   311: 0805f560   175 FUNC    LOCAL  DEFAULT   13 str_dump
   312: 0805f610  1394 FUNC    LOCAL  DEFAULT   13 match
   313: 0805fb90   781 FUNC    LOCAL  DEFAULT   13 str_find_aux
   314: 0805fea0    11 FUNC    LOCAL  DEFAULT   13 str_match
   315: 0805feb0    14 FUNC    LOCAL  DEFAULT   13 str_find
   316: 0805fec0  1413 FUNC    LOCAL  DEFAULT   13 str_gsub
   317: 0806a2c0   120 OBJECT  LOCAL  DEFAULT   15 strlib
   318: 00000000     0 FILE    LOCAL  DEFAULT  ABS ltablib.c
   319: 08060650    67 FUNC    LOCAL  DEFAULT   13 set2
   320: 080606a0   278 FUNC    LOCAL  DEFAULT   13 tremove
   321: 080607c0   269 FUNC    LOCAL  DEFAULT   13 unpack
   322: 080608d0   242 FUNC    LOCAL  DEFAULT   13 tinsert
   323: 080609d0   183 FUNC    LOCAL  DEFAULT   13 pack
   324: 08060a90   178 FUNC    LOCAL  DEFAULT   13 maxn
   325: 08060b50   137 FUNC    LOCAL  DEFAULT   13 addfield
   326: 08060be0   330 FUNC    LOCAL  DEFAULT   13 tconcat
   327: 08060d30   230 FUNC    LOCAL  DEFAULT   13 sort_comp
   328: 08060e20   803 FUNC    LOCAL  DEFAULT   13 auxsort
   329: 08061150   157 FUNC    LOCAL  DEFAULT   13 sort
   330: 0806a5c0    64 OBJECT  LOCAL  DEFAULT   15 tab_funcs
   331: 00000000     0 FILE    LOCAL  DEFAULT  ABS linit.c
   332: 0806a620    88 OBJECT  LOCAL  DEFAULT   15 loadedlibs
   333: 00000000     0 FILE    LOCAL  DEFAULT  ABS lcode.c
   334: 080612e0    87 FUNC    LOCAL  DEFAULT   13 need_value
   335: 08061340   133 FUNC    LOCAL  DEFAULT   13 patchtestreg
   336: 080613d0    67 FUNC    LOCAL  DEFAULT   13 removevalues
   337: 08061420   469 FUNC    LOCAL  DEFAULT   13 addk
   338: 08061600    28 FUNC    LOCAL  DEFAULT   13 freeexp.isra.4
   339: 08061620   102 FUNC    LOCAL  DEFAULT   13 fixjump.isra.7
   340: 08061690   120 FUNC    LOCAL  DEFAULT   13 patchlistaux
   341: 08061710   239 FUNC    LOCAL  DEFAULT   13 luaK_code
   342: 08061f70   304 FUNC    LOCAL  DEFAULT   13 discharge2reg
   343: 080620a0   235 FUNC    LOCAL  DEFAULT   13 jumponcond
   344: 08062190   371 FUNC    LOCAL  DEFAULT   13 exp2reg
   345: 08062530   195 FUNC    LOCAL  DEFAULT   13 codecomp
   346: 08062600   369 FUNC    LOCAL  DEFAULT   13 codearith
   347: 00000000     0 FILE    LOCAL  DEFAULT  ABS lctype.c
   348: 00000000     0 FILE    LOCAL  DEFAULT  ABS lbitlib.c
   349: 080641e0    54 FUNC    LOCAL  DEFAULT   13 b_shift
   350: 08064220    73 FUNC    LOCAL  DEFAULT   13 b_rshift
   351: 08064270    71 FUNC    LOCAL  DEFAULT   13 b_lshift
   352: 080642c0    94 FUNC    LOCAL  DEFAULT   13 b_rrot
   353: 08064320    92 FUNC    LOCAL  DEFAULT   13 b_lrot
   354: 08064380    48 FUNC    LOCAL  DEFAULT   13 b_not
   355: 080643b0   130 FUNC    LOCAL  DEFAULT   13 b_arshift
   356: 08064440   190 FUNC    LOCAL  DEFAULT   13 fieldargs
   357: 08064500   144 FUNC    LOCAL  DEFAULT   13 b_replace
   358: 08064590    88 FUNC    LOCAL  DEFAULT   13 b_extract
   359: 080645f0    71 FUNC    LOCAL  DEFAULT   13 andaux
   360: 08064640    45 FUNC    LOCAL  DEFAULT   13 b_test
   361: 08064670    37 FUNC    LOCAL  DEFAULT   13 b_and
   362: 080646a0    78 FUNC    LOCAL  DEFAULT   13 b_xor
   363: 080646f0    78 FUNC    LOCAL  DEFAULT   13 b_or
   364: 0806af60   104 OBJECT  LOCAL  DEFAULT   15 bitlib
   365: 00000000     0 FILE    LOCAL  DEFAULT  ABS lcorolib.c
   366: 08064790    49 FUNC    LOCAL  DEFAULT   13 luaB_yield
   367: 080647d0   304 FUNC    LOCAL  DEFAULT   13 auxresume
   368: 08064900   298 FUNC    LOCAL  DEFAULT   13 luaB_costatus
   369: 08064a30    38 FUNC    LOCAL  DEFAULT   13 luaB_corunning
   370: 08064a60   102 FUNC    LOCAL  DEFAULT   13 luaB_cocreate
   371: 08064ad0    50 FUNC    LOCAL  DEFAULT   13 luaB_cowrap
   372: 08064b10   162 FUNC    LOCAL  DEFAULT   13 luaB_auxwrap
   373: 08064bc0   181 FUNC    LOCAL  DEFAULT   13 luaB_coresume
   374: 0806b040    56 OBJECT  LOCAL  DEFAULT   15 co_funcs
   375: 00000000     0 FILE    LOCAL  DEFAULT  ABS liolib.c
   376: 08064cd0   113 FUNC    LOCAL  DEFAULT   13 getiofile
   377: 08064d50   292 FUNC    LOCAL  DEFAULT   13 g_write
   378: 08064e80    38 FUNC    LOCAL  DEFAULT   13 io_write
   379: 08064eb0    68 FUNC    LOCAL  DEFAULT   13 newprefile
   380: 08064f00    94 FUNC    LOCAL  DEFAULT   13 tofile
   381: 08064f60    50 FUNC    LOCAL  DEFAULT   13 aux_close
   382: 08064fa0    74 FUNC    LOCAL  DEFAULT   13 io_close
   383: 08064ff0    59 FUNC    LOCAL  DEFAULT   13 f_gc
   384: 08065030    81 FUNC    LOCAL  DEFAULT   13 io_noclose
   385: 08065090    75 FUNC    LOCAL  DEFAULT   13 io_fclose
   386: 080650e0   169 FUNC    LOCAL  DEFAULT   13 read_chars
   387: 08065190   151 FUNC    LOCAL  DEFAULT   13 read_all
   388: 08065230   212 FUNC    LOCAL  DEFAULT   13 read_line
   389: 08065310   602 FUNC    LOCAL  DEFAULT   13 g_read
   390: 08065570    38 FUNC    LOCAL  DEFAULT   13 io_read
   391: 080655a0    33 FUNC    LOCAL  DEFAULT   13 f_read
   392: 080655d0    61 FUNC    LOCAL  DEFAULT   13 io_flush
   393: 08065610    56 FUNC    LOCAL  DEFAULT   13 f_flush
   394: 08065650   182 FUNC    LOCAL  DEFAULT   13 io_popen
   395: 08065710    59 FUNC    LOCAL  DEFAULT   13 io_pclose
   396: 08065750    65 FUNC    LOCAL  DEFAULT   13 f_write
   397: 080657a0   115 FUNC    LOCAL  DEFAULT   13 createstdfile
   398: 08065820   286 FUNC    LOCAL  DEFAULT   13 io_open
   399: 08065940   205 FUNC    LOCAL  DEFAULT   13 aux_lines
   400: 08065a40   316 FUNC    LOCAL  DEFAULT   13 io_readline
   401: 08065a10    34 FUNC    LOCAL  DEFAULT   13 f_lines
   402: 08065b80   161 FUNC    LOCAL  DEFAULT   13 f_setvbuf
   403: 0806b290    16 OBJECT  LOCAL  DEFAULT   15 modenames.3638
   404: 0806b2a0    12 OBJECT  LOCAL  DEFAULT   15 mode.3637
   405: 08065c30   317 FUNC    LOCAL  DEFAULT   13 f_seek
   406: 0806b2ac    16 OBJECT  LOCAL  DEFAULT   15 modenames.3629
   407: 0806b2bc    12 OBJECT  LOCAL  DEFAULT   15 mode.3628
   408: 08065d70   138 FUNC    LOCAL  DEFAULT   13 io_type
   409: 08065e00   108 FUNC    LOCAL  DEFAULT   13 io_tmpfile
   410: 08065e70   129 FUNC    LOCAL  DEFAULT   13 opencheck
   411: 08065f00   169 FUNC    LOCAL  DEFAULT   13 g_iofile
   412: 08065fb0    19 FUNC    LOCAL  DEFAULT   13 io_output
   413: 08065fd0    19 FUNC    LOCAL  DEFAULT   13 io_input
   414: 08065ff0   205 FUNC    LOCAL  DEFAULT   13 io_lines
   415: 080660c0   106 FUNC    LOCAL  DEFAULT   13 f_tostring
   416: 0806b1e0    96 OBJECT  LOCAL  DEFAULT   15 iolib
   417: 0806b240    80 OBJECT  LOCAL  DEFAULT   15 flib
   418: 00000000     0 FILE    LOCAL  DEFAULT  ABS loslib.c
   419: 08066220   117 FUNC    LOCAL  DEFAULT   13 os_setlocale
   420: 0806b460    28 OBJECT  LOCAL  DEFAULT   15 catnames.4472
   421: 0806b47c    24 OBJECT  LOCAL  DEFAULT   15 cat.4471
   422: 080662a0   105 FUNC    LOCAL  DEFAULT   13 os_rename
   423: 08066310    85 FUNC    LOCAL  DEFAULT   13 os_remove
   424: 08066370    62 FUNC    LOCAL  DEFAULT   13 os_getenv
   425: 080663b0   140 FUNC    LOCAL  DEFAULT   13 os_exit
   426: 08066440   110 FUNC    LOCAL  DEFAULT   13 os_execute
   427: 080664b0   120 FUNC    LOCAL  DEFAULT   13 os_difftime
   428: 08066530    59 FUNC    LOCAL  DEFAULT   13 setfield
   429: 08066570   922 FUNC    LOCAL  DEFAULT   13 os_date
   430: 0806b494    24 OBJECT  LOCAL  DEFAULT   15 options.4432
   431: 08066910    47 FUNC    LOCAL  DEFAULT   13 os_clock
   432: 08066940   143 FUNC    LOCAL  DEFAULT   13 os_tmpname
   433: 080669d0   152 FUNC    LOCAL  DEFAULT   13 getfield
   434: 08066a70   383 FUNC    LOCAL  DEFAULT   13 os_time
   435: 0806b400    96 OBJECT  LOCAL  DEFAULT   15 syslib
   436: 00000000     0 FILE    LOCAL  DEFAULT  ABS loadlib.c
   437: 08066c40   424 FUNC    LOCAL  DEFAULT   13 findloader
   438: 08066df0   377 FUNC    LOCAL  DEFAULT   13 ll_require
   439: 08066f70   650 FUNC    LOCAL  DEFAULT   13 ll_module
   440: 08067200   163 FUNC    LOCAL  DEFAULT   13 ll_seeall
   441: 080672b0   130 FUNC    LOCAL  DEFAULT   13 searcher_preload
   442: 08067340   427 FUNC    LOCAL  DEFAULT   13 searchpath
   443: 080674f0   435 FUNC    LOCAL  DEFAULT   13 ll_loadfunc
   444: 080676b0   144 FUNC    LOCAL  DEFAULT   13 ll_loadlib
   445: 08067740   205 FUNC    LOCAL  DEFAULT   13 loadfunc
   446: 08067810   267 FUNC    LOCAL  DEFAULT   13 setpath
   447: 08067920   105 FUNC    LOCAL  DEFAULT   13 gctm
   448: 08067990   146 FUNC    LOCAL  DEFAULT   13 checkload
   449: 08067a30   223 FUNC    LOCAL  DEFAULT   13 ll_searchpath
   450: 08067b10   150 FUNC    LOCAL  DEFAULT   13 findfile.constprop.2
   451: 08067bb0   107 FUNC    LOCAL  DEFAULT   13 searcher_Lua
   452: 08067c20   133 FUNC    LOCAL  DEFAULT   13 searcher_C
   453: 08067cb0   303 FUNC    LOCAL  DEFAULT   13 searcher_Croot
   454: 0806b760    32 OBJECT  LOCAL  DEFAULT   15 pk_funcs
   455: 0806b780    20 OBJECT  LOCAL  DEFAULT   15 searchers.3619
   456: 0806b794    24 OBJECT  LOCAL  DEFAULT   15 ll_funcs
   457: 08074ff4     0 OBJECT  LOCAL  DEFAULT   24 _GLOBAL_OFFSET_TABLE_
   458: 08074ef3     0 NOTYPE  LOCAL  DEFAULT   19 __init_array_end
   459: 08074ef3     0 NOTYPE  LOCAL  DEFAULT   19 __init_array_start
   460: 08074f08     0 OBJECT  LOCAL  DEFAULT   22 _DYNAMIC
   461: 08061bc0    60 FUNC    GLOBAL HIDDEN    13 luaK_checkstack
   462: 0804a360    27 FUNC    GLOBAL DEFAULT   13 _ZN9luabinder4pushIfEEvP9
   463: 0807517c     0 NOTYPE  WEAK   DEFAULT   25 data_start
   464: 00000000     0 FUNC    GLOBAL DEFAULT  UND ldexp@@GLIBC_2.0
   465: 00000000     0 FUNC    GLOBAL DEFAULT  UND fmod@@GLIBC_2.0
   466: 00000000     0 FUNC    GLOBAL DEFAULT  UND abort@@GLIBC_2.0
   467: 00000000     0 FUNC    GLOBAL DEFAULT  UND __errno_location@@GLIBC_2
   468: 0804bc80   127 FUNC    GLOBAL DEFAULT   13 lua_setuservalue
   469: 08055500   102 FUNC    GLOBAL HIDDEN    13 luaH_setint
   470: 0804a330    41 FUNC    GLOBAL DEFAULT   13 _ZN9luabinder4pushIjEEvP9
   471: 00000000     0 FUNC    GLOBAL DEFAULT  UND tmpfile64@@GLIBC_2.1
   472: 0804b7c0   111 FUNC    GLOBAL DEFAULT   13 lua_getmetatable
   473: 080619b0   233 FUNC    GLOBAL HIDDEN    13 luaK_nil
   474: 08057380   176 FUNC    GLOBAL HIDDEN    13 luaV_arith
   475: 08062ac0   531 FUNC    GLOBAL HIDDEN    13 luaK_prefix
   476: 08062d50   393 FUNC    GLOBAL HIDDEN    13 luaK_posfix
   477: 080632f0    19 FUNC    GLOBAL HIDDEN    13 luaX_syntaxerror
   478: 00000000     0 FUNC    GLOBAL DEFAULT  UND popen@@GLIBC_2.1
   479: 00000000     0 FUNC    GLOBAL DEFAULT  UND srand@@GLIBC_2.0
   480: 0804ae10   106 FUNC    GLOBAL DEFAULT   13 lua_tointegerx
   481: 08058b10   122 FUNC    GLOBAL HIDDEN    13 luaZ_read
   482: 080611f0   106 FUNC    GLOBAL DEFAULT   13 luaopen_table
   483: 0804d310    58 FUNC    GLOBAL HIDDEN    13 luaG_aritherror
   484: 0804b5a0   116 FUNC    GLOBAL DEFAULT   13 lua_getfield
   485: 0804a380     5 FUNC    GLOBAL DEFAULT   13 _ZN9luabinder4pushIdEEvP9
   486: 00000000     0 FUNC    GLOBAL DEFAULT  UND localtime_r@@GLIBC_2.0
   487: 0804ae80   106 FUNC    GLOBAL DEFAULT   13 lua_tounsignedx
   488: 0804ec50    89 FUNC    GLOBAL HIDDEN    13 luaF_getlocalname
   489: 00000000     0 FUNC    GLOBAL DEFAULT  UND localeconv@@GLIBC_2.2
   490: 0804aaf0    39 FUNC    GLOBAL DEFAULT   13 lua_isstring
   491: 00000000     0 FUNC    GLOBAL DEFAULT  UND strerror@@GLIBC_2.0
   492: 0804bb80   247 FUNC    GLOBAL DEFAULT   13 lua_setmetatable
   493: 0804b2c0   106 FUNC    GLOBAL DEFAULT   13 lua_pushstring
   494: 0804d350    71 FUNC    GLOBAL HIDDEN    13 luaG_concaterror
   495: 0804abe0   161 FUNC    GLOBAL DEFAULT   13 lua_arith
   496: 00000000     0 FUNC    GLOBAL DEFAULT  UND strcoll@@GLIBC_2.0
   497: 0804b6c0    99 FUNC    GLOBAL DEFAULT   13 lua_rawgetp
   498: 080680d0     2 FUNC    GLOBAL DEFAULT   13 __libc_csu_fini
   499: 0804ca30     9 FUNC    GLOBAL DEFAULT   13 lua_gethookmask
   500: 00000000     0 FUNC    GLOBAL DEFAULT  UND memcmp@@GLIBC_2.0
   501: 0805ac30   244 FUNC    GLOBAL DEFAULT   13 luaL_requiref
   502: 08050400   114 FUNC    GLOBAL HIDDEN    13 luaC_freeallobjects
   503: 08066130   234 FUNC    GLOBAL DEFAULT   13 luaopen_io
   504: 08049c70   101 FUNC    GLOBAL DEFAULT   13 _ZNK11LuaInstance10lua_pe
   505: 0804a920    69 FUNC    GLOBAL DEFAULT   13 lua_insert
   506: 08049a30     0 FUNC    GLOBAL DEFAULT   13 _start
   507: 00000000     0 FUNC    GLOBAL DEFAULT  UND asin@@GLIBC_2.0
   508: 0804a800    24 FUNC    GLOBAL DEFAULT   13 lua_atpanic
   509: 00000000     0 FUNC    GLOBAL DEFAULT  UND __longjmp_chk@@GLIBC_2.11
   510: 080509b0    51 FUNC    GLOBAL HIDDEN    13 luaO_int2fb
   511: 0804b380    55 FUNC    GLOBAL DEFAULT   13 lua_pushfstring
   512: 08054fa0   563 FUNC    GLOBAL HIDDEN    13 luaH_next
   513: 08061e60   272 FUNC    GLOBAL HIDDEN    13 luaK_dischargevars
   514: 08061aa0    29 FUNC    GLOBAL HIDDEN    13 luaK_codeABx
   515: 0805a290   137 FUNC    GLOBAL DEFAULT   13 luaL_addvalue
   516: 0804e260   172 FUNC    GLOBAL HIDDEN    13 luaD_pcall
   517: 0804c3b0   173 FUNC    GLOBAL DEFAULT   13 lua_setupvalue
   518: 08050a40   150 FUNC    GLOBAL HIDDEN    13 luaO_arith
   519: 0805aa90   238 FUNC    GLOBAL DEFAULT   13 luaL_pushmodule
   520: 00000000     0 FUNC    GLOBAL DEFAULT  UND __isoc99_fscanf@@GLIBC_2.
   521: 08050210    58 FUNC    GLOBAL HIDDEN    13 luaC_barrierproto_
   522: 0804ea10   143 FUNC    GLOBAL HIDDEN    13 luaF_close
   523: 08061b30   132 FUNC    GLOBAL HIDDEN    13 luaK_codek
   524: 0804e090   300 FUNC    GLOBAL DEFAULT   13 lua_resume
   525: 0804ac90   276 FUNC    GLOBAL DEFAULT   13 lua_compare
   526: 0804b210    68 FUNC    GLOBAL DEFAULT   13 lua_pushunsigned
   527: 00000000     0 FUNC    GLOBAL DEFAULT  UND __fprintf_chk@@GLIBC_2.3.
   528: 0804d6b0   245 FUNC    GLOBAL HIDDEN    13 luaD_reallocstack
   529: 08062310    86 FUNC    GLOBAL HIDDEN    13 luaK_exp2nextreg
   530: 0804eb50   248 FUNC    GLOBAL HIDDEN    13 luaF_freeproto
   531: 0804a840    37 FUNC    GLOBAL DEFAULT   13 lua_absindex
   532: 08054280    61 FUNC    GLOBAL HIDDEN    13 luaE_extendCI
   533: 08056d70   298 FUNC    GLOBAL HIDDEN    13 luaV_equalobj_
   534: 08054770    67 FUNC    GLOBAL HIDDEN    13 luaE_freethread
   535: 0804d9d0   216 FUNC    GLOBAL HIDDEN    13 luaD_poscall
   536: 00000000     0 NOTYPE  WEAK   DEFAULT  UND __gmon_start__
   537: 00000000     0 NOTYPE  WEAK   DEFAULT  UND _Jv_RegisterClasses
   538: 0804d420   119 FUNC    GLOBAL HIDDEN    13 luaD_throw
   539: 08068140     4 OBJECT  GLOBAL DEFAULT   15 _fp_hw
   540: 00000000     0 FUNC    GLOBAL DEFAULT  UND realloc@@GLIBC_2.0
   541: 00000000     0 FUNC    GLOBAL DEFAULT  UND sinh@@GLIBC_2.0
   542: 0804a4b0    93 FUNC    GLOBAL DEFAULT   13 _Z15register_c_funcP9lua_
   543: 08061910    45 FUNC    GLOBAL HIDDEN    13 luaK_patchlist
   544: 08056770   111 FUNC    GLOBAL HIDDEN    13 luaV_tonumber
   545: 00000000     0 FUNC    GLOBAL DEFAULT  UND __printf_chk@@GLIBC_2.3.4
   546: 0804d8c0   266 FUNC    GLOBAL HIDDEN    13 luaD_hook
   547: 08055760   812 FUNC    GLOBAL HIDDEN    13 luaH_newkey
   548: 08061e00    94 FUNC    GLOBAL HIDDEN    13 luaK_setoneret
   549: 0804cff0   127 FUNC    GLOBAL HIDDEN    13 luaG_errormsg
   550: 0805a8e0   111 FUNC    GLOBAL DEFAULT   13 luaL_len
   551: 00000000     0 FUNC    GLOBAL DEFAULT  UND strtod@@GLIBC_2.0
   552: 00000000     0 FUNC    GLOBAL DEFAULT  UND strchr@@GLIBC_2.0
   553: 00000000     0 FUNC    GLOBAL DEFAULT  UND getenv@@GLIBC_2.0
   554: 0806810c     0 FUNC    GLOBAL DEFAULT   14 _fini
   555: 0804c2b0    26 FUNC    GLOBAL DEFAULT   13 lua_getallocf
   556: 00000000     0 FUNC    GLOBAL DEFAULT  UND system@@GLIBC_2.0
   557: 08060570   218 FUNC    GLOBAL DEFAULT   13 luaopen_string
   558: 08055a90    96 FUNC    GLOBAL HIDDEN    13 luaH_set
   559: 0804b040    51 FUNC    GLOBAL DEFAULT   13 lua_tocfunction
   560: 08061810   102 FUNC    GLOBAL HIDDEN    13 luaK_patchclose
   561: 0804b4a0    36 FUNC    GLOBAL DEFAULT   13 lua_pushthread
   562: 080548d0    73 FUNC    GLOBAL HIDDEN    13 luaS_eqstr
   563: 080569e0   464 FUNC    GLOBAL HIDDEN    13 luaV_settable
   564: 08059bc0   124 FUNC    GLOBAL DEFAULT   13 luaL_checkstack
   565: 00000000     0 FUNC    GLOBAL DEFAULT  UND pow@@GLIBC_2.0
   566: 08055570   488 FUNC    GLOBAL HIDDEN    13 luaH_resize
   567: 0804ca50    73 FUNC    GLOBAL DEFAULT   13 lua_getstack
   568: 00000000     0 FUNC    GLOBAL DEFAULT  UND dlclose@@GLIBC_2.0
   569: 0804c1e0   151 FUNC    GLOBAL DEFAULT   13 lua_concat
   570: 08055b30   258 FUNC    GLOBAL HIDDEN    13 luaH_getn
   571: 00000000     0 FUNC    GLOBAL DEFAULT  UND fgets@@GLIBC_2.0
   572: 0804bd30   146 FUNC    GLOBAL DEFAULT   13 lua_callk
   573: 00000000     0 FUNC    GLOBAL DEFAULT  UND rename@@GLIBC_2.0
   574: 08054c60    41 FUNC    GLOBAL HIDDEN    13 luaS_new
   575: 00000000     0 FUNC    GLOBAL DEFAULT  UND fopen64@@GLIBC_2.1
   576: 08049f70    67 FUNC    GLOBAL DEFAULT   13 _ZN9luabinder4readIjEET_P
   577: 08050530   245 FUNC    GLOBAL HIDDEN    13 luaC_fullgc
   578: 0805ae40    53 FUNC    GLOBAL DEFAULT   13 luaL_newstate
   579: 08055cd0   145 FUNC    GLOBAL HIDDEN    13 luaT_gettmbyobj
   580: 080507e0   177 FUNC    GLOBAL HIDDEN    13 luaM_realloc_
   581: 00000000     0 FUNC    GLOBAL DEFAULT  UND __libc_start_main@@GLIBC_
   582: 0804a130   210 FUNC    GLOBAL DEFAULT   13 _ZN9luabinder4readIyEET_P
   583: 00000000     0 FUNC    GLOBAL DEFAULT  UND _IO_getc@@GLIBC_2.0
   584: 0804a020   103 FUNC    GLOBAL DEFAULT   13 _ZN9luabinder4readIbEET_P
   585: 00000000     0 FUNC    GLOBAL DEFAULT  UND __memcpy_chk@@GLIBC_2.3.4
   586: 0805e090   150 FUNC    GLOBAL DEFAULT   13 luaopen_math
   587: 0804dff0   146 FUNC    GLOBAL HIDDEN    13 luaD_call
   588: 00000000     0 FUNC    GLOBAL DEFAULT  UND strrchr@@GLIBC_2.0
   589: 00000000     0 FUNC    GLOBAL DEFAULT  UND modf@@GLIBC_2.0
   590: 0804b730   132 FUNC    GLOBAL DEFAULT   13 lua_createtable
   591: 08055c40    71 FUNC    GLOBAL HIDDEN    13 luaT_init
   592: 0804b870   137 FUNC    GLOBAL DEFAULT   13 lua_setglobal
   593: 08061260   122 FUNC    GLOBAL DEFAULT   13 luaL_openlibs
   594: 00000000     0 FUNC    GLOBAL DEFAULT  UND fseeko64@@GLIBC_2.1
   595: 08049d90    68 FUNC    GLOBAL DEFAULT   13 _ZN9luabinder4readIhEET_P
   596: 080552d0   196 FUNC    GLOBAL HIDDEN    13 luaH_getint
   597: 08061c30    49 FUNC    GLOBAL HIDDEN    13 luaK_stringK
   598: 0804e310   306 FUNC    GLOBAL HIDDEN    13 luaD_protectedparser
   599: 0805a340    47 FUNC    GLOBAL DEFAULT   13 luaL_buffinitsize
   600: 0804b1b0    62 FUNC    GLOBAL DEFAULT   13 lua_pushnumber
   601: 08049f20    67 FUNC    GLOBAL DEFAULT   13 _ZN9luabinder4readIiEET_P
   602: 080633b0   177 FUNC    GLOBAL HIDDEN    13 luaX_newstring
   603: 0804cbc0  1059 FUNC    GLOBAL DEFAULT   13 lua_getinfo
   604: 08049b00    15 FUNC    GLOBAL DEFAULT   13 _ZN11LuaInstanceD2Ev
   605: 0804aaa0    77 FUNC    GLOBAL DEFAULT   13 lua_isnumber
   606: 080641c0    26 FUNC    GLOBAL HIDDEN    13 luaX_lookahead
   607: 08062f00   182 FUNC    GLOBAL HIDDEN    13 luaK_setlist
   608: 08050ae0    26 FUNC    GLOBAL HIDDEN    13 luaO_hexavalue
   609: 08059b60    93 FUNC    GLOBAL DEFAULT   13 luaL_checkudata
   610: 0804bdd0   239 FUNC    GLOBAL DEFAULT   13 lua_pcallk
   611: 0804b1f0    18 FUNC    GLOBAL DEFAULT   13 lua_pushinteger
   612: 0804a210    38 FUNC    GLOBAL DEFAULT   13 _ZN9luabinder4pushIcEEvP9
   613: 0804b900    57 FUNC    GLOBAL DEFAULT   13 lua_settable
   614: 00000000     0 FUNC    GLOBAL DEFAULT  UND exp@@GLIBC_2.0
   615: 08049c50    21 FUNC    GLOBAL DEFAULT   13 _ZN11LuaInstance17registe
   616: 08049b10    91 FUNC    GLOBAL DEFAULT   13 _ZN11LuaInstance4initEv
   617: 08054260    20 FUNC    GLOBAL HIDDEN    13 luaE_setdebt
   618: 00000000     0 FUNC    GLOBAL DEFAULT  UND gmtime_r@@GLIBC_2.0
   619: 0804c340   101 FUNC    GLOBAL DEFAULT   13 lua_getupvalue
   620: 00000000     0 FUNC    GLOBAL DEFAULT  UND ungetc@@GLIBC_2.0
   621: 0805a500   538 FUNC    GLOBAL DEFAULT   13 luaL_loadfilex
   622: 08064740    66 FUNC    GLOBAL DEFAULT   13 luaopen_bit32
   623: 08054ab0   418 FUNC    GLOBAL HIDDEN    13 luaS_newlstr
   624: 08049af0     2 FUNC    GLOBAL DEFAULT   13 _ZN11LuaInstanceC2Ev
   625: 08054860    98 FUNC    GLOBAL HIDDEN    13 luaS_eqlngstr
   626: 0804a790   100 FUNC    GLOBAL DEFAULT   13 lua_xmove
   627: 08062a80    61 FUNC    GLOBAL HIDDEN    13 luaK_indexed
   628: 08068144     4 OBJECT  GLOBAL DEFAULT   15 _IO_stdin_used
   629: 08056340   475 FUNC    GLOBAL HIDDEN    13 luaU_undump
   630: 0805a7b0   174 FUNC    GLOBAL DEFAULT   13 luaL_getmetafield
   631: 0805a0f0   188 FUNC    GLOBAL DEFAULT   13 luaL_prepbuffsize
   632: 0804b660    83 FUNC    GLOBAL DEFAULT   13 lua_rawgeti
   633: 00000000     0 FUNC    GLOBAL DEFAULT  UND __ctype_toupper_loc@@GLIB
   634: 08054400   648 FUNC    GLOBAL DEFAULT   13 lua_newstate
   635: 00000000     0 FUNC    GLOBAL DEFAULT  UND free@@GLIBC_2.0
   636: 0805a1b0    66 FUNC    GLOBAL DEFAULT   13 luaL_addlstring
   637: 08062ce0   107 FUNC    GLOBAL HIDDEN    13 luaK_infix
   638: 08059cf0    88 FUNC    GLOBAL DEFAULT   13 luaL_checklstring
   639: 08050250    90 FUNC    GLOBAL HIDDEN    13 luaC_checkupvalcolor
   640: 0804c280    47 FUNC    GLOBAL DEFAULT   13 lua_len
   641: 00000000     0 FUNC    GLOBAL DEFAULT  UND atan@@GLIBC_2.0
   642: 0804b080    68 FUNC    GLOBAL DEFAULT   13 lua_touserdata
   643: 0804bfa0    78 FUNC    GLOBAL DEFAULT   13 lua_dump
   644: 0804b480    25 FUNC    GLOBAL DEFAULT   13 lua_pushlightuserdata
   645: 0804e8e0    64 FUNC    GLOBAL HIDDEN    13 luaF_newupval
   646: 080599f0   144 FUNC    GLOBAL DEFAULT   13 luaL_newmetatable
   647: 0804e9c0    66 FUNC    GLOBAL HIDDEN    13 luaF_freeupval
   648: 0804c2d0    21 FUNC    GLOBAL DEFAULT   13 lua_setallocf
   649: 0807517c     0 NOTYPE  GLOBAL DEFAULT   25 __data_start
   650: 0804b830    64 FUNC    GLOBAL DEFAULT   13 lua_getuservalue
   651: 08056890   332 FUNC    GLOBAL HIDDEN    13 luaV_gettable
   652: 00000000     0 FUNC    GLOBAL DEFAULT  UND dlsym@@GLIBC_2.0
   653: 0804a2e0    41 FUNC    GLOBAL DEFAULT   13 _ZN9luabinder4pushImEEvP9
   654: 0804db60   905 FUNC    GLOBAL HIDDEN    13 luaD_precall
   655: 00000000     0 FUNC    GLOBAL DEFAULT  UND fflush@@GLIBC_2.0
   656: 080507c0    23 FUNC    GLOBAL HIDDEN    13 luaM_toobig
   657: 0804a290    36 FUNC    GLOBAL DEFAULT   13 _ZN9luabinder4pushItEEvP9
   658: 00000000     0 FUNC    GLOBAL DEFAULT  UND sqrt@@GLIBC_2.0
   659: 00000000     0 FUNC    GLOBAL DEFAULT  UND mkstemp@@GLIBC_2.0
   660: 0804a310    27 FUNC    GLOBAL DEFAULT   13 _ZN9luabinder4pushIiEEvP9
   661: 080508a0   192 FUNC    GLOBAL HIDDEN    13 luaM_growaux_
   662: 0804a2c0    27 FUNC    GLOBAL DEFAULT   13 _ZN9luabinder4pushIlEEvP9
   663: 00000000     0 FUNC    GLOBAL DEFAULT  UND __ctype_b_loc@@GLIBC_2.3
   664: 08049e80    67 FUNC    GLOBAL DEFAULT   13 _ZN9luabinder4readIlEET_P
   665: 0805a280    16 FUNC    GLOBAL DEFAULT   13 luaL_pushresultsize
   666: 0805a860   118 FUNC    GLOBAL DEFAULT   13 luaL_callmeta
   667: 08061c00    48 FUNC    GLOBAL HIDDEN    13 luaK_reserveregs
   668: 08059930   178 FUNC    GLOBAL DEFAULT   13 luaL_execresult
   669: 0804a3b0    14 FUNC    GLOBAL DEFAULT   13 _ZN9luabinder4pushIbEEvP9
   670: 00000000     0 FUNC    GLOBAL DEFAULT  UND fclose@@GLIBC_2.1
   671: 08064c80    66 FUNC    GLOBAL DEFAULT   13 luaopen_coroutine
   672: 00000000     0 FUNC    GLOBAL DEFAULT  UND ftello64@@GLIBC_2.1
   673: 08063000   127 FUNC    GLOBAL HIDDEN    13 luaX_token2str
   674: 08067de0   635 FUNC    GLOBAL DEFAULT   13 luaopen_package
   675: 00000000     0 FUNC    GLOBAL DEFAULT  UND tanh@@GLIBC_2.0
   676: 0804b0d0    29 FUNC    GLOBAL DEFAULT   13 lua_tothread
   677: 00000000     0 FUNC    GLOBAL DEFAULT  UND _setjmp@@GLIBC_2.0
   678: 00000000     0 FUNC    GLOBAL DEFAULT  UND mktime@@GLIBC_2.0
   679: 0804a6f0   146 FUNC    GLOBAL DEFAULT   13 lua_checkstack
   680: 08059d50   130 FUNC    GLOBAL DEFAULT   13 luaL_optlstring
   681: 08059f10    88 FUNC    GLOBAL DEFAULT   13 luaL_optnumber
   682: 00000000     0 FUNC    GLOBAL DEFAULT  UND clock@@GLIBC_2.0
   683: 080751a0     4 OBJECT  GLOBAL DEFAULT   26 stderr@@GLIBC_2.0
   684: 00000000     0 FUNC    GLOBAL DEFAULT  UND acos@@GLIBC_2.0
   685: 00000000     0 FUNC    GLOBAL DEFAULT  UND memcpy@@GLIBC_2.0
   686: 08055250   126 FUNC    GLOBAL HIDDEN    13 luaH_free
   687: 08050bd0   564 FUNC    GLOBAL HIDDEN    13 luaO_pushvfstring
   688: 08050e40   327 FUNC    GLOBAL HIDDEN    13 luaO_chunkid
   689: 08055af0    58 FUNC    GLOBAL HIDDEN    13 luaH_resizearray
   690: 0804e920   156 FUNC    GLOBAL HIDDEN    13 luaF_findupval
   691: 00000000     0 FUNC    GLOBAL DEFAULT  UND strlen@@GLIBC_2.0
   692: 080551e0   107 FUNC    GLOBAL HIDDEN    13 luaH_new
   693: 0804bd00    34 FUNC    GLOBAL DEFAULT   13 lua_getctx
   694: 0804a090     2 FUNC    GLOBAL DEFAULT   13 _ZN9luabinder4readIvEET_P
   695: 08056300    62 FUNC    GLOBAL HIDDEN    13 luaU_header
   696: 08049b70   224 FUNC    GLOBAL DEFAULT   13 _ZN11LuaInstance18load_lu
   697: 00000000     0 FUNC    GLOBAL DEFAULT  UND fopen@@GLIBC_2.1
   698: 08061940    38 FUNC    GLOBAL HIDDEN    13 luaK_codeABC
   699: 00000000     0 FUNC    GLOBAL DEFAULT  UND cos@@GLIBC_2.0
   700: 08055c90    58 FUNC    GLOBAL HIDDEN    13 luaT_gettm
   701: 08049d40    68 FUNC    GLOBAL DEFAULT   13 _ZN9luabinder4readIcEET_P
   702: 0804c180    15 FUNC    GLOBAL DEFAULT   13 lua_error
   703: 080509f0    27 FUNC    GLOBAL HIDDEN    13 luaO_fb2int
   704: 0804d070   182 FUNC    GLOBAL HIDDEN    13 luaG_runerror
   705: 08064170    74 FUNC    GLOBAL HIDDEN    13 luaX_next
   706: 0805a460   152 FUNC    GLOBAL DEFAULT   13 luaL_unref
   707: 08059870   179 FUNC    GLOBAL DEFAULT   13 luaL_fileresult
   708: 0805a770    53 FUNC    GLOBAL DEFAULT   13 luaL_loadstring
   709: 0804d7b0   131 FUNC    GLOBAL HIDDEN    13 luaD_growstack
   710: 0805b070   166 FUNC    GLOBAL DEFAULT   13 luaL_openlib
   711: 00000000     0 FUNC    GLOBAL DEFAULT  UND freopen@@GLIBC_2.0
   712: 0804b330    77 FUNC    GLOBAL DEFAULT   13 lua_pushvfstring
   713: 08075180     0 OBJECT  GLOBAL HIDDEN    25 __dso_handle
   714: 0806a7c0   257 OBJECT  GLOBAL HIDDEN    15 luai_ctype_
   715: 00000000     0 FUNC    GLOBAL DEFAULT  UND setlocale@@GLIBC_2.0
   716: 08061d30   195 FUNC    GLOBAL HIDDEN    13 luaK_setreturns
   717: 00000000     0 FUNC    GLOBAL DEFAULT  UND clearerr@@GLIBC_2.0
   718: 0804e1c0   148 FUNC    GLOBAL DEFAULT   13 lua_yieldk
   719: 08054c90    86 FUNC    GLOBAL HIDDEN    13 luaS_newudata
   720: 08058b90   118 FUNC    GLOBAL HIDDEN    13 luaZ_openspace
   721: 080692a0    48 OBJECT  GLOBAL HIDDEN    15 luaT_typenames_
   722: 00000000     0 FUNC    GLOBAL DEFAULT  UND feof@@GLIBC_2.0
   723: 00000000     0 FUNC    GLOBAL DEFAULT  UND strcpy@@GLIBC_2.0
   724: 00000000     0 FUNC    GLOBAL DEFAULT  UND dlopen@@GLIBC_2.1
   725: 08074f00     0 OBJECT  GLOBAL HIDDEN    20 __DTOR_END__
   726: 08068060    97 FUNC    GLOBAL DEFAULT   13 __libc_csu_init
   727: 0804a820    24 FUNC    GLOBAL DEFAULT   13 lua_version
   728: 0804a890    68 FUNC    GLOBAL DEFAULT   13 lua_settop
   729: 0804ab50   139 FUNC    GLOBAL DEFAULT   13 lua_rawequal
   730: 0805d5f0    66 FUNC    GLOBAL DEFAULT   13 luaopen_debug
   731: 0804aef0    52 FUNC    GLOBAL DEFAULT   13 lua_toboolean
   732: 0804d130   147 FUNC    GLOBAL HIDDEN    13 luaG_ordererror
   733: 08049fc0    43 FUNC    GLOBAL DEFAULT   13 _ZN9luabinder4readIfEET_P
   734: 0804a9e0    63 FUNC    GLOBAL DEFAULT   13 lua_pushvalue
   735: 080502b0   112 FUNC    GLOBAL HIDDEN    13 luaC_newobj
   736: 08062780   252 FUNC    GLOBAL HIDDEN    13 luaK_storevar
   737: 0804adb0    94 FUNC    GLOBAL DEFAULT   13 lua_tonumberx
   738: 080640e0   144 FUNC    GLOBAL HIDDEN    13 luaX_setinput
   739: 0804ba60   122 FUNC    GLOBAL DEFAULT   13 lua_rawseti
   740: 080553a0    71 FUNC    GLOBAL HIDDEN    13 luaH_getstr
   741: 0804e880    93 FUNC    GLOBAL HIDDEN    13 luaF_newLclosure
   742: 08049ff0    35 FUNC    GLOBAL DEFAULT   13 _ZN9luabinder4readIdEET_P
   743: 0804c2f0    74 FUNC    GLOBAL DEFAULT   13 lua_newuserdata
   744: 0804c4e0   148 FUNC    GLOBAL DEFAULT   13 lua_upvaluejoin
   745: 08061c70   190 FUNC    GLOBAL HIDDEN    13 luaK_numberK
   746: 08062370    97 FUNC    GLOBAL HIDDEN    13 luaK_exp2anyreg
   747: 08050b00   204 FUNC    GLOBAL HIDDEN    13 luaO_str2d
   748: 00000000     0 FUNC    GLOBAL DEFAULT  UND close@@GLIBC_2.0
   749: 00000000     0 FUNC    GLOBAL DEFAULT  UND fwrite@@GLIBC_2.0
   750: 00000000     0 FUNC    GLOBAL DEFAULT  UND frexp@@GLIBC_2.0
   751: 08050790    48 FUNC    GLOBAL HIDDEN    13 luaC_step
   752: 0805a720    67 FUNC    GLOBAL DEFAULT   13 luaL_loadbufferx
   753: 080575b0  5332 FUNC    GLOBAL HIDDEN    13 luaV_execute
   754: 0804ca40     8 FUNC    GLOBAL DEFAULT   13 lua_gethookcount
   755: 00000000     0 FUNC    GLOBAL DEFAULT  UND strstr@@GLIBC_2.0
   756: 00000000     0 FUNC    GLOBAL DEFAULT  UND time@@GLIBC_2.0
   757: 00000000     0 FUNC    GLOBAL DEFAULT  UND log10@@GLIBC_2.0
   758: 00000000     0 FUNC    GLOBAL DEFAULT  UND setvbuf@@GLIBC_2.0
   759: 0804bec0   223 FUNC    GLOBAL DEFAULT   13 lua_load
   760: 00000000     0 FUNC    GLOBAL DEFAULT  UND remove@@GLIBC_2.0
   761: 08075184     0 NOTYPE  GLOBAL DEFAULT  ABS __bss_start
   762: 0804b460    31 FUNC    GLOBAL DEFAULT   13 lua_pushboolean
   763: 080504b0   121 FUNC    GLOBAL HIDDEN    13 luaC_changemode
   764: 0804e7c0   128 FUNC    GLOBAL HIDDEN    13 luaU_dump
   765: 080623e0    42 FUNC    GLOBAL HIDDEN    13 luaK_exp2anyregup
   766: 08050630   346 FUNC    GLOBAL HIDDEN    13 luaC_forcestep
   767: 08062fc0    56 FUNC    GLOBAL HIDDEN    13 luaX_init
   768: 08061970    54 FUNC    GLOBAL HIDDEN    13 luaK_ret
   769: 0804aa20    57 FUNC    GLOBAL DEFAULT   13 lua_type
   770: 08053f20   385 FUNC    GLOBAL HIDDEN    13 luaY_parser
   771: 00000000     0 FUNC    GLOBAL DEFAULT  UND __stack_chk_fail@@GLIBC_2
   772: 0804b940   126 FUNC    GLOBAL DEFAULT   13 lua_setfield
   773: 08056c80   227 FUNC    GLOBAL HIDDEN    13 luaV_lessequal
   774: 0804a3a0     5 FUNC    GLOBAL DEFAULT   13 _ZN9luabinder4pushIPKcEEv
   775: 0804a970    34 FUNC    GLOBAL DEFAULT   13 lua_replace
   776: 00000000     0 FUNC    GLOBAL DEFAULT  UND atan2@@GLIBC_2.0
   777: 0804caa0   166 FUNC    GLOBAL DEFAULT   13 lua_getlocal
   778: 0804a270    27 FUNC    GLOBAL DEFAULT   13 _ZN9luabinder4pushIsEEvP9
   779: 08049ce0    35 FUNC    GLOBAL DEFAULT   13 _ZN9luabinder4readIPcEET_
   780: 0805c320   162 FUNC    GLOBAL DEFAULT   13 luaopen_base
   781: 00000000     0 FUNC    GLOBAL DEFAULT  UND dlerror@@GLIBC_2.0
   782: 0804a870    21 FUNC    GLOBAL DEFAULT   13 lua_gettop
   783: 080501f0    25 FUNC    GLOBAL HIDDEN    13 luaC_barrierback_
   784: 080618e0    40 FUNC    GLOBAL HIDDEN    13 luaK_patchtohere
   785: 0804c190    65 FUNC    GLOBAL DEFAULT   13 lua_next
   786: 0804ab20    42 FUNC    GLOBAL DEFAULT   13 lua_isuserdata
   787: 080751a4     4 OBJECT  GLOBAL DEFAULT   26 stdin@@GLIBC_2.0
   788: 08050a10    48 FUNC    GLOBAL HIDDEN    13 luaO_ceillog2
   789: 0804d1d0   308 FUNC    GLOBAL HIDDEN    13 luaG_typeerror
   790: 08068a7c     8 OBJECT  GLOBAL HIDDEN    15 luaO_nilobject_
   791: 00000000     0 FUNC    GLOBAL DEFAULT  UND sleep@@GLIBC_2.0
   792: 08068c20   164 OBJECT  GLOBAL HIDDEN    15 luaP_opnames
   793: 08059ac0   156 FUNC    GLOBAL DEFAULT   13 luaL_testudata
   794: 08049af0     2 FUNC    GLOBAL DEFAULT   13 _ZN11LuaInstanceC1Ev
   795: 08059ca0    80 FUNC    GLOBAL DEFAULT   13 luaL_checkany
   796: 08059630   396 FUNC    GLOBAL DEFAULT   13 luaL_argerror
   797: 080683a0   129 OBJECT  GLOBAL DEFAULT   15 lua_ident
   798: 08058ae0    39 FUNC    GLOBAL HIDDEN    13 luaZ_init
   799: 080547c0    18 FUNC    GLOBAL DEFAULT   13 lua_close
   800: 08049e30    67 FUNC    GLOBAL DEFAULT   13 _ZN9luabinder4readItEET_P
   801: 0804af30   155 FUNC    GLOBAL DEFAULT   13 lua_tolstring
   802: 0804a8e0    64 FUNC    GLOBAL DEFAULT   13 lua_remove
   803: 08056f90   689 FUNC    GLOBAL HIDDEN    13 luaV_concat
   804: 00000000     0 FUNC    GLOBAL DEFAULT  UND __ctype_tolower_loc@@GLIB
   805: 08068be0    40 OBJECT  GLOBAL HIDDEN    15 luaP_opmodes
   806: 08049de0    68 FUNC    GLOBAL DEFAULT   13 _ZN9luabinder4readIsEET_P
   807: 080751cc     0 NOTYPE  GLOBAL DEFAULT  ABS _end
   808: 080751c0     4 OBJECT  GLOBAL DEFAULT   26 stdout@@GLIBC_2.0
   809: 0805a200    41 FUNC    GLOBAL DEFAULT   13 luaL_addstring
   810: 00000000     0 FUNC    GLOBAL DEFAULT  UND log@@GLIBC_2.0
   811: 0804c9c0    94 FUNC    GLOBAL DEFAULT   13 lua_sethook
   812: 00000000     0 FUNC    GLOBAL DEFAULT  UND puts@@GLIBC_2.0
   813: 0804ca20     8 FUNC    GLOBAL DEFAULT   13 lua_gethook
   814: 0804c000   376 FUNC    GLOBAL DEFAULT   13 lua_gc
   815: 08059a80    53 FUNC    GLOBAL DEFAULT   13 luaL_setmetatable
   816: 0804cb50   102 FUNC    GLOBAL DEFAULT   13 lua_setlocal
   817: 08050e10    35 FUNC    GLOBAL HIDDEN    13 luaO_pushfstring
   818: 0804d840   113 FUNC    GLOBAL HIDDEN    13 luaD_shrinkstack
   819: 0804b9c0   154 FUNC    GLOBAL DEFAULT   13 lua_rawset
   820: 0805ab80   175 FUNC    GLOBAL DEFAULT   13 luaL_getsubtable
   821: 080567e0   169 FUNC    GLOBAL HIDDEN    13 luaV_tostring
   822: 00000000     0 FUNC    GLOBAL DEFAULT  UND rand@@GLIBC_2.0
   823: 00000000     0 FUNC    GLOBAL DEFAULT  UND strspn@@GLIBC_2.0
   824: 08056bb0   195 FUNC    GLOBAL HIDDEN    13 luaV_lessthan
   825: 08057430   376 FUNC    GLOBAL HIDDEN    13 luaV_finishOp
   826: 00000000     0 FUNC    GLOBAL DEFAULT  UND __sprintf_chk@@GLIBC_2.3.
   827: 00000000     0 FUNC    GLOBAL DEFAULT  UND memchr@@GLIBC_2.0
   828: 0804b560    50 FUNC    GLOBAL DEFAULT   13 lua_gettable
   829: 080591d0   834 FUNC    GLOBAL DEFAULT   13 luaL_traceback
   830: 08062440   232 FUNC    GLOBAL HIDDEN    13 luaK_exp2RK
   831: 0804bae0   159 FUNC    GLOBAL DEFAULT   13 lua_rawsetp
   832: 08057250   293 FUNC    GLOBAL HIDDEN    13 luaV_objlen
   833: 0805af80   227 FUNC    GLOBAL DEFAULT   13 luaL_setfuncs
   834: 00000000     0 FUNC    GLOBAL DEFAULT  UND strpbrk@@GLIBC_2.0
   835: 08049ed0    67 FUNC    GLOBAL DEFAULT   13 _ZN9luabinder4readImEET_P
   836: 0805a950   309 FUNC    GLOBAL DEFAULT   13 luaL_tolstring
   837: 0804bff0     9 FUNC    GLOBAL DEFAULT   13 lua_status
   838: 00000000     0 FUNC    GLOBAL DEFAULT  UND tan@@GLIBC_2.0
   839: 00000000     0 FUNC    GLOBAL DEFAULT  UND fread@@GLIBC_2.0
   840: 08050320   219 FUNC    GLOBAL HIDDEN    13 luaC_checkfinalizer
   841: 08061880    86 FUNC    GLOBAL HIDDEN    13 luaK_concat
   842: 080542c0    75 FUNC    GLOBAL HIDDEN    13 luaE_freeCI
   843: 00000000     0 FUNC    GLOBAL DEFAULT  UND strftime@@GLIBC_2.0
   844: 0805ae80   249 FUNC    GLOBAL DEFAULT   13 luaL_checkversion_
   845: 08062410    37 FUNC    GLOBAL HIDDEN    13 luaK_exp2val
   846: 08058a90    80 FUNC    GLOBAL HIDDEN    13 luaZ_fill
   847: 0804aa60    12 FUNC    GLOBAL DEFAULT   13 lua_typename
   848: 08059de0   199 FUNC    GLOBAL DEFAULT   13 luaL_checkoption
   849: 08049d10    35 FUNC    GLOBAL DEFAULT   13 _ZN9luabinder4readIPKcEET
   850: 00000000     0 FUNC    GLOBAL DEFAULT  UND cosh@@GLIBC_2.0
   851: 08059eb0    81 FUNC    GLOBAL DEFAULT   13 luaL_checknumber
   852: 0804c460   123 FUNC    GLOBAL DEFAULT   13 lua_upvalueid
   853: 08075184     0 NOTYPE  GLOBAL DEFAULT  ABS _edata
   854: 08062ee0    21 FUNC    GLOBAL HIDDEN    13 luaK_fixline
   855: 080496b0     0 FUNC    GLOBAL DEFAULT  UND __gxx_personality_v0@@CXX
   856: 0804b0f0   147 FUNC    GLOBAL DEFAULT   13 lua_topointer
   857: 0805ad30   262 FUNC    GLOBAL DEFAULT   13 luaL_gsub
   858: 0804b3c0   151 FUNC    GLOBAL DEFAULT   13 lua_pushcclosure
   859: 08059c40    88 FUNC    GLOBAL DEFAULT   13 luaL_checktype
   860: 08061ac0    97 FUNC    GLOBAL HIDDEN    13 luaK_jump
   861: 00000000     0 FUNC    GLOBAL DEFAULT  UND sin@@GLIBC_2.0
   862: 08066bf0    66 FUNC    GLOBAL DEFAULT   13 luaopen_os
   863: 0804b260    86 FUNC    GLOBAL DEFAULT   13 lua_pushlstring
   864: 080595d0    91 FUNC    GLOBAL DEFAULT   13 luaL_error
   865: 08059f70    85 FUNC    GLOBAL DEFAULT   13 luaL_checkinteger
   866: 0805a230    74 FUNC    GLOBAL DEFAULT   13 luaL_pushresult
   867: 00000000     0 FUNC    GLOBAL DEFAULT  UND _Unwind_Resume@@GCC_3.0
   868: 00000000     0 FUNC    GLOBAL DEFAULT  UND ferror@@GLIBC_2.0
   869: 08054920    73 FUNC    GLOBAL HIDDEN    13 luaS_hash
   870: 0804a9a0    52 FUNC    GLOBAL DEFAULT   13 lua_copy
   871: 0804b4d0   130 FUNC    GLOBAL DEFAULT   13 lua_getglobal
   872: 0804a0a0   132 FUNC    GLOBAL DEFAULT   13 _ZN9luabinder4readIxEET_P
   873: 00000000     0 FUNC    GLOBAL DEFAULT  UND strcmp@@GLIBC_2.0
   874: 0805a090    90 FUNC    GLOBAL DEFAULT   13 luaL_optunsigned
   875: 08049b00    15 FUNC    GLOBAL DEFAULT   13 _ZN11LuaInstanceD1Ev
   876: 08062a00   117 FUNC    GLOBAL HIDDEN    13 luaK_goiffalse
   877: 00000000     0 FUNC    GLOBAL DEFAULT  UND exit@@GLIBC_2.0
   878: 00000000     0 FUNC    GLOBAL DEFAULT  UND difftime@@GLIBC_2.0
   879: 0804a240    37 FUNC    GLOBAL DEFAULT   13 _ZN9luabinder4pushIhEEvP9
   880: 08062880   161 FUNC    GLOBAL HIDDEN    13 luaK_self
   881: 0805a030    90 FUNC    GLOBAL DEFAULT   13 luaL_optinteger
   882: 00000000     0 FUNC    GLOBAL DEFAULT  UND pclose@@GLIBC_2.1
   883: 0804a3c0    27 FUNC    GLOBAL DEFAULT   13 _ZN9luabinder3popIvEET_P9
   884: 08062930   197 FUNC    GLOBAL HIDDEN    13 luaK_goiftrue
   885: 0804b190    19 FUNC    GLOBAL DEFAULT   13 lua_pushnil
   886: 0804a390     5 FUNC    GLOBAL DEFAULT   13 _ZN9luabinder4pushIPcEEvP
   887: 080501b0    53 FUNC    GLOBAL HIDDEN    13 luaC_barrier_
   888: 080553f0   272 FUNC    GLOBAL HIDDEN    13 luaH_get
   889: 08061800    11 FUNC    GLOBAL HIDDEN    13 luaK_getlabel
   890: 0805a320    31 FUNC    GLOBAL DEFAULT   13 luaL_buffinit
   891: 080680d2     0 FUNC    GLOBAL HIDDEN    13 __i686.get_pc_thunk.bx
   892: 0804aa70    42 FUNC    GLOBAL DEFAULT   13 lua_iscfunction
   893: 0805a370   239 FUNC    GLOBAL DEFAULT   13 luaL_ref
   894: 08059520   171 FUNC    GLOBAL DEFAULT   13 luaL_where
   895: 08049830   509 FUNC    GLOBAL DEFAULT   13 main
   896: 080490fc     0 FUNC    GLOBAL DEFAULT   11 _init
   897: 08050480    44 FUNC    GLOBAL HIDDEN    13 luaC_runtilstate
   898: 08059fd0    85 FUNC    GLOBAL DEFAULT   13 luaL_checkunsigned
   899: 0804d620   135 FUNC    GLOBAL HIDDEN    13 luaD_rawrunprotected
   900: 0804eaa0   175 FUNC    GLOBAL HIDDEN    13 luaF_newproto
   901: 08054970   320 FUNC    GLOBAL HIDDEN    13 luaS_resize
   902: 0804afd0   106 FUNC    GLOBAL DEFAULT   13 lua_rawlen
   903: 08054690   210 FUNC    GLOBAL DEFAULT   13 lua_newthread
   904: 0804b620    58 FUNC    GLOBAL DEFAULT   13 lua_rawget
   905: 0804e840    63 FUNC    GLOBAL HIDDEN    13 luaF_newCclosure

Histogram for `.gnu.hash' bucket list length (total of 3 buckets):
 Length  Number     % of total  Coverage
      0  0          (  0.0%)
      1  2          ( 66.7%)     40.0%
      2  0          (  0.0%)     40.0%
      3  1          ( 33.3%)    100.0%

Version symbols section '.gnu.version' contains 101 entries:
 Addr: 0000000008048bf8  Offset: 0x000bf8  Link: 5 (.dynsym)
  000:   0 (*local*)       2 (GLIBC_2.0)     2 (GLIBC_2.0)     3 (GLIBC_2.0)  
  004:   3 (GLIBC_2.0)     4 (GLIBC_2.1)     4 (GLIBC_2.1)     3 (GLIBC_2.0)  
  008:   3 (GLIBC_2.0)     5 (GLIBC_2.2)     3 (GLIBC_2.0)     3 (GLIBC_2.0)  
  00c:   3 (GLIBC_2.0)     2 (GLIBC_2.0)     6 (GLIBC_2.11)    7 (GLIBC_2.7)  
  010:   8 (GLIBC_2.3.4)   0 (*local*)       0 (*local*)       3 (GLIBC_2.0)  
  014:   2 (GLIBC_2.0)     8 (GLIBC_2.3.4)   3 (GLIBC_2.0)     3 (GLIBC_2.0)  
  018:   3 (GLIBC_2.0)     3 (GLIBC_2.0)     2 (GLIBC_2.0)     9 (GLIBC_2.0)  
  01c:   3 (GLIBC_2.0)     3 (GLIBC_2.0)     4 (GLIBC_2.1)     3 (GLIBC_2.0)  
  020:   3 (GLIBC_2.0)     8 (GLIBC_2.3.4)   3 (GLIBC_2.0)     2 (GLIBC_2.0)  
  024:   4 (GLIBC_2.1)     2 (GLIBC_2.0)     3 (GLIBC_2.0)     3 (GLIBC_2.0)  
  028:   a (GLIBC_2.3)     3 (GLIBC_2.0)     2 (GLIBC_2.0)     9 (GLIBC_2.0)  
  02c:   3 (GLIBC_2.0)     2 (GLIBC_2.0)     3 (GLIBC_2.0)     a (GLIBC_2.3)  
  030:   4 (GLIBC_2.1)     4 (GLIBC_2.1)     2 (GLIBC_2.0)     3 (GLIBC_2.0)  
  034:   3 (GLIBC_2.0)     3 (GLIBC_2.0)     2 (GLIBC_2.0)     3 (GLIBC_2.0)  
  038:   3 (GLIBC_2.0)     4 (GLIBC_2.1)     2 (GLIBC_2.0)     3 (GLIBC_2.0)  
  03c:   3 (GLIBC_2.0)     3 (GLIBC_2.0)     3 (GLIBC_2.0)     3 (GLIBC_2.0)  
  040:   b (GLIBC_2.1)     3 (GLIBC_2.0)     3 (GLIBC_2.0)     2 (GLIBC_2.0)  
  044:   3 (GLIBC_2.0)     3 (GLIBC_2.0)     2 (GLIBC_2.0)     3 (GLIBC_2.0)  
  048:   3 (GLIBC_2.0)     c (GLIBC_2.4)     2 (GLIBC_2.0)     9 (GLIBC_2.0)  
  04c:   3 (GLIBC_2.0)     a (GLIBC_2.3)     2 (GLIBC_2.0)     3 (GLIBC_2.0)  
  050:   3 (GLIBC_2.0)     3 (GLIBC_2.0)     8 (GLIBC_2.3.4)   3 (GLIBC_2.0)  
  054:   3 (GLIBC_2.0)     2 (GLIBC_2.0)     3 (GLIBC_2.0)     3 (GLIBC_2.0)  
  058:   2 (GLIBC_2.0)     2 (GLIBC_2.0)     e (GCC_3.0)       3 (GLIBC_2.0)  
  05c:   3 (GLIBC_2.0)     3 (GLIBC_2.0)     3 (GLIBC_2.0)     4 (GLIBC_2.1)  
  060:   3 (GLIBC_2.0)     1 (*global*)      3 (GLIBC_2.0)     3 (GLIBC_2.0)  
  064:   d (CXXABI_1.3) 

Version needs section '.gnu.version_r' contains 5 entries:
 Addr: 0x0000000008048cc4  Offset: 0x000cc4  Link: 6 (.dynstr)
  000000: Version: 1  File: libgcc_s.so.1  Cnt: 1
  0x0010:   Name: GCC_3.0  Flags: none  Version: 14
  0x0020: Version: 1  File: libstdc++.so.6  Cnt: 1
  0x0030:   Name: CXXABI_1.3  Flags: none  Version: 13
  0x0040: Version: 1  File: libdl.so.2  Cnt: 2
  0x0050:   Name: GLIBC_2.1  Flags: none  Version: 11
  0x0060:   Name: GLIBC_2.0  Flags: none  Version: 9
  0x0070: Version: 1  File: libc.so.6  Cnt: 8
  0x0080:   Name: GLIBC_2.4  Flags: none  Version: 12
  0x0090:   Name: GLIBC_2.3  Flags: none  Version: 10
  0x00a0:   Name: GLIBC_2.3.4  Flags: none  Version: 8
  0x00b0:   Name: GLIBC_2.7  Flags: none  Version: 7
  0x00c0:   Name: GLIBC_2.11  Flags: none  Version: 6
  0x00d0:   Name: GLIBC_2.2  Flags: none  Version: 5
  0x00e0:   Name: GLIBC_2.1  Flags: none  Version: 4
  0x00f0:   Name: GLIBC_2.0  Flags: none  Version: 3
  0x0100: Version: 1  File: libm.so.6  Cnt: 1
  0x0110:   Name: GLIBC_2.0  Flags: none  Version: 2

Notes at offset 0x00000168 with length 0x00000020:
  Owner                 Data size	Description
  GNU                  0x00000010	NT_GNU_ABI_TAG (ABI version tag)
    OS: Linux, ABI: 2.6.24

Notes at offset 0x00000188 with length 0x00000024:
  Owner                 Data size	Description
  GNU                  0x00000014	NT_GNU_BUILD_ID (unique build ID bitstring)
    Build ID: 061bfaff50185e78f0abf6b9624346b44e633f7c
